<?xml version='1.0' encoding='UTF-8'?>
<testsuite hostname="columbia-mbp" name="tsec.SignatureTests" tests="36" errors="0" failures="0" skipped="0" time="8.436" timestamp="2021-12-08T21:47:18">
          <properties>
      <property name="java.specification.version" value="17"/><property name="sun.jnu.encoding" value="UTF-8"/><property name="sun.arch.data.model" value="64"/><property name="java.vendor.url" value="https://github.com/Homebrew/homebrew-core/issues"/><property name="sun.boot.library.path" value="/usr/local/Cellar/openjdk/17.0.1_1/libexec/openjdk.jdk/Contents/Home/lib"/><property name="sun.java.command" value="/usr/local/Cellar/sbt/1.5.5/libexec/bin/sbt-launch.jar test"/><property name="jdk.debug" value="release"/><property name="sun.stderr.encoding" value="UTF-8"/><property name="java.specification.vendor" value="Oracle Corporation"/><property name="java.version.date" value="2021-10-19"/><property name="java.home" value="/usr/local/Cellar/openjdk/17.0.1_1/libexec/openjdk.jdk/Contents/Home"/><property name="file.separator" value="/"/><property name="java.vm.compressedOopsMode" value="Zero based"/><property name="line.separator" value="
"/><property name="sun.stdout.encoding" value="UTF-8"/><property name="java.vm.specification.vendor" value="Oracle Corporation"/><property name="java.specification.name" value="Java Platform API Specification"/><property name="sun.management.compiler" value="HotSpot 64-Bit Tiered Compilers"/><property name="java.runtime.version" value="17.0.1+1"/><property name="user.name" value="stan"/><property name="log4j.ignoreTCL" value="true"/><property name="file.encoding" value="UTF8"/><property name="jnidispatch.path" value="/Users/stan/Library/Caches/JNA/temp/jna3951427236893547023.tmp"/><property name="java.vendor.version" value="Homebrew"/><property name="jna.loaded" value="true"/><property name="java.io.tmpdir" value="/var/folders/dd/v5q5vjn167l909f0dzs67t2c0000gn/T/"/><property name="java.version" value="17.0.1"/><property name="java.vm.specification.name" value="Java Virtual Machine Specification"/><property name="native.encoding" value="UTF-8"/><property name="java.library.path" value="/Users/stan/Library/Java/Extensions:/Library/Java/Extensions:/Network/Library/Java/Extensions:/System/Library/Java/Extensions:/usr/lib/java:."/><property name="java.vendor" value="Homebrew"/><property name="scala.ext.dirs" value="/Users/stan/.sbt/1.0/java9-rt-ext-homebrew_17_0_1"/><property name="sun.io.unicode.encoding" value="UnicodeBig"/><property name="socksNonProxyHosts" value="local|*.local|169.254/16|*.169.254/16"/><property name="java.class.path" value="/usr/local/Cellar/sbt/1.5.5/libexec/bin/sbt-launch.jar"/><property name="java.vm.vendor" value="Homebrew"/><property name="jline.shutdownhook" value="false"/><property name="user.timezone" value="Europe/Moscow"/><property name="java.vm.specification.version" value="17"/><property name="os.name" value="Mac OS X"/><property name="sun.java.launcher" value="SUN_STANDARD"/><property name="user.country" value="RU"/><property name="http.nonProxyHosts" value="local|*.local|169.254/16|*.169.254/16"/><property name="sun.cpu.endian" value="little"/><property name="user.home" value="/Users/stan"/><property name="user.language" value="en"/><property name="swoval.tmpdir" value="/Users/stan/.sbt/1.0"/><property name="jline.esc.timeout" value="0"/><property name="ftp.nonProxyHosts" value="local|*.local|169.254/16|*.169.254/16"/><property name="path.separator" value=":"/><property name="os.version" value="12.0.1"/><property name="jna.nosys" value="true"/><property name="java.runtime.name" value="OpenJDK Runtime Environment"/><property name="java.vm.name" value="OpenJDK 64-Bit Server VM"/><property name="jna.platform.library.path" value="/usr/lib:/usr/lib"/><property name="java.vendor.url.bug" value="https://github.com/Homebrew/homebrew-core/issues"/><property name="user.dir" value="/Users/stan/Dev/_Spread/spread/tsec/tsec"/><property name="os.arch" value="x86_64"/><property name="java.vm.info" value="mixed mode, sharing"/><property name="java.vm.version" value="17.0.1+1"/><property name="java.class.version" value="61.0"/>
    </properties>
          <testcase classname="tsec.SignatureTests" name="SHA1withDSA should sign and verify properly for correct keypair" time="4.588">
                      
                    </testcase><testcase classname="tsec.SignatureTests" name="SHA1withDSA should not verify for a wrong key pair" time="0.007">
                      
                    </testcase><testcase classname="tsec.SignatureTests" name="SHA224withDSA should sign and verify properly for correct keypair" time="0.005">
                      
                    </testcase><testcase classname="tsec.SignatureTests" name="SHA224withDSA should not verify for a wrong key pair" time="0.005">
                      
                    </testcase><testcase classname="tsec.SignatureTests" name="SHA256withDSA should sign and verify properly for correct keypair" time="0.004">
                      
                    </testcase><testcase classname="tsec.SignatureTests" name="SHA256withDSA should not verify for a wrong key pair" time="0.006">
                      
                    </testcase><testcase classname="tsec.SignatureTests" name="MD2withRSA should sign and verify properly for correct keypair" time="0.197">
                      
                    </testcase><testcase classname="tsec.SignatureTests" name="MD2withRSA should not verify for a wrong key pair" time="0.327">
                      
                    </testcase><testcase classname="tsec.SignatureTests" name="MD5withRSA should sign and verify properly for correct keypair" time="0.377">
                      
                    </testcase><testcase classname="tsec.SignatureTests" name="MD5withRSA should not verify for a wrong key pair" time="0.829">
                      
                    </testcase><testcase classname="tsec.SignatureTests" name="SHA1withRSA should sign and verify properly for correct keypair" time="0.091">
                      
                    </testcase><testcase classname="tsec.SignatureTests" name="SHA1withRSA should not verify for a wrong key pair" time="0.192">
                      
                    </testcase><testcase classname="tsec.SignatureTests" name="SHA256withRSA should sign and verify properly for correct keypair" time="0.18">
                      
                    </testcase><testcase classname="tsec.SignatureTests" name="SHA256withRSA should not verify for a wrong key pair" time="0.182">
                      
                    </testcase><testcase classname="tsec.SignatureTests" name="SHA384withRSA should sign and verify properly for correct keypair" time="0.127">
                      
                    </testcase><testcase classname="tsec.SignatureTests" name="SHA384withRSA should not verify for a wrong key pair" time="0.392">
                      
                    </testcase><testcase classname="tsec.SignatureTests" name="SHA512withRSA should sign and verify properly for correct keypair" time="0.114">
                      
                    </testcase><testcase classname="tsec.SignatureTests" name="SHA512withRSA should not verify for a wrong key pair" time="0.125">
                      
                    </testcase><testcase classname="tsec.SignatureTests" name="SHA1withECDSA should sign and verify properly for correct keypair" time="0.149">
                      
                    </testcase><testcase classname="tsec.SignatureTests" name="SHA1withECDSA should not verify for a wrong key pair" time="0.015">
                      
                    </testcase><testcase classname="tsec.SignatureTests" name="SHA224withECDSA should sign and verify properly for correct keypair" time="0.008">
                      
                    </testcase><testcase classname="tsec.SignatureTests" name="SHA224withECDSA should not verify for a wrong key pair" time="0.008">
                      
                    </testcase><testcase classname="tsec.SignatureTests" name="SHA256withECDSA should sign and verify properly for correct keypair" time="0.01">
                      
                    </testcase><testcase classname="tsec.SignatureTests" name="SHA256withECDSA should not verify for a wrong key pair" time="0.004">
                      
                    </testcase><testcase classname="tsec.SignatureTests" name="SHA384withECDSA should sign and verify properly for correct keypair" time="0.022">
                      
                    </testcase><testcase classname="tsec.SignatureTests" name="SHA384withECDSA should not verify for a wrong key pair" time="0.007">
                      
                    </testcase><testcase classname="tsec.SignatureTests" name="SHA512withECDSA should sign and verify properly for correct keypair" time="0.026">
                      
                    </testcase><testcase classname="tsec.SignatureTests" name="SHA512withECDSA should not verify for a wrong key pair" time="0.011">
                      
                    </testcase><testcase classname="tsec.SignatureTests" name="NONEwithECDSA should sign and verify properly for correct keypair" time="0.009">
                      
                    </testcase><testcase classname="tsec.SignatureTests" name="NONEwithECDSA should not verify for a wrong key pair" time="0.008">
                      
                    </testcase><testcase classname="tsec.SignatureTests" name="SHA256withRSA should verify with RSA key generated from modulus and public exponent" time="0.233">
                      
                    </testcase><testcase classname="tsec.SignatureTests" name="SHA384withRSA should verify with RSA key generated from modulus and public exponent" time="0.103">
                      
                    </testcase><testcase classname="tsec.SignatureTests" name="SHA512withRSA should verify with RSA key generated from modulus and public exponent" time="0.055">
                      
                    </testcase><testcase classname="tsec.SignatureTests" name="SHA256withECDSA should verify with EC key generated from public point" time="0.006">
                      
                    </testcase><testcase classname="tsec.SignatureTests" name="SHA384withECDSA should verify with EC key generated from public point" time="0.006">
                      
                    </testcase><testcase classname="tsec.SignatureTests" name="SHA512withECDSA should verify with EC key generated from public point" time="0.008">
                      
                    </testcase>
          <system-out><![CDATA[]]></system-out>
          <system-err><![CDATA[]]></system-err>
        </testsuite>