<?xml version='1.0' encoding='UTF-8'?>
<testsuite hostname="columbia-mbp" name="tsec.authentication.JWTAuthenticatorTests" tests="1029" errors="0" failures="0" skipped="0" time="3.753" timestamp="2021-12-08T21:47:28">
          <properties>
      <property name="java.specification.version" value="17"/><property name="sun.jnu.encoding" value="UTF-8"/><property name="sun.arch.data.model" value="64"/><property name="java.vendor.url" value="https://github.com/Homebrew/homebrew-core/issues"/><property name="sun.boot.library.path" value="/usr/local/Cellar/openjdk/17.0.1_1/libexec/openjdk.jdk/Contents/Home/lib"/><property name="sun.java.command" value="/usr/local/Cellar/sbt/1.5.5/libexec/bin/sbt-launch.jar test"/><property name="jdk.debug" value="release"/><property name="sun.stderr.encoding" value="UTF-8"/><property name="java.specification.vendor" value="Oracle Corporation"/><property name="java.version.date" value="2021-10-19"/><property name="java.home" value="/usr/local/Cellar/openjdk/17.0.1_1/libexec/openjdk.jdk/Contents/Home"/><property name="file.separator" value="/"/><property name="java.vm.compressedOopsMode" value="Zero based"/><property name="line.separator" value="
"/><property name="sun.stdout.encoding" value="UTF-8"/><property name="java.vm.specification.vendor" value="Oracle Corporation"/><property name="java.specification.name" value="Java Platform API Specification"/><property name="sun.management.compiler" value="HotSpot 64-Bit Tiered Compilers"/><property name="java.runtime.version" value="17.0.1+1"/><property name="user.name" value="stan"/><property name="log4j.ignoreTCL" value="true"/><property name="file.encoding" value="UTF8"/><property name="jnidispatch.path" value="/Users/stan/Library/Caches/JNA/temp/jna3951427236893547023.tmp"/><property name="java.vendor.version" value="Homebrew"/><property name="jna.loaded" value="true"/><property name="java.io.tmpdir" value="/var/folders/dd/v5q5vjn167l909f0dzs67t2c0000gn/T/"/><property name="java.version" value="17.0.1"/><property name="java.vm.specification.name" value="Java Virtual Machine Specification"/><property name="native.encoding" value="UTF-8"/><property name="java.library.path" value="/Users/stan/Library/Java/Extensions:/Library/Java/Extensions:/Network/Library/Java/Extensions:/System/Library/Java/Extensions:/usr/lib/java:."/><property name="java.vendor" value="Homebrew"/><property name="scala.ext.dirs" value="/Users/stan/.sbt/1.0/java9-rt-ext-homebrew_17_0_1"/><property name="sun.io.unicode.encoding" value="UnicodeBig"/><property name="socksNonProxyHosts" value="local|*.local|169.254/16|*.169.254/16"/><property name="java.class.path" value="/usr/local/Cellar/sbt/1.5.5/libexec/bin/sbt-launch.jar"/><property name="java.vm.vendor" value="Homebrew"/><property name="jline.shutdownhook" value="false"/><property name="user.timezone" value="Europe/Moscow"/><property name="java.vm.specification.version" value="17"/><property name="os.name" value="Mac OS X"/><property name="sun.java.launcher" value="SUN_STANDARD"/><property name="user.country" value="RU"/><property name="http.nonProxyHosts" value="local|*.local|169.254/16|*.169.254/16"/><property name="sun.cpu.endian" value="little"/><property name="user.home" value="/Users/stan"/><property name="user.language" value="en"/><property name="swoval.tmpdir" value="/Users/stan/.sbt/1.0"/><property name="jline.esc.timeout" value="0"/><property name="ftp.nonProxyHosts" value="local|*.local|169.254/16|*.169.254/16"/><property name="path.separator" value=":"/><property name="os.version" value="12.0.1"/><property name="jna.nosys" value="true"/><property name="java.runtime.name" value="OpenJDK Runtime Environment"/><property name="java.vm.name" value="OpenJDK 64-Bit Server VM"/><property name="jna.platform.library.path" value="/usr/lib:/usr/lib"/><property name="java.vendor.url.bug" value="https://github.com/Homebrew/homebrew-core/issues"/><property name="user.dir" value="/Users/stan/Dev/_Spread/spread/tsec/tsec"/><property name="os.arch" value="x86_64"/><property name="java.vm.info" value="mixed mode, sharing"/><property name="java.vm.version" value="17.0.1+1"/><property name="java.class.version" value="61.0"/>
    </properties>
          <testcase classname="tsec.authentication.JWTAuthenticatorTests" name="HmacSHA256 JWT Token64 check should pass token68 check" time="0.074">
                      
                    </testcase><testcase classname="tsec.authentication.JWTAuthenticatorTests" name="HmacSHA384 JWT Token64 check should pass token68 check" time="0.009">
                      
                    </testcase><testcase classname="tsec.authentication.JWTAuthenticatorTests" name="HmacSHA512 JWT Token64 check should pass token68 check" time="0.008">
                      
                    </testcase><testcase classname="tsec.authentication.JWTAuthenticatorTests" name="Authenticator Stateful spec: HmacSHA256 in bearer token no rolling should Create, embed and extract properly" time="0.089">
                      
                    </testcase><testcase classname="tsec.authentication.JWTAuthenticatorTests" name="Authenticator Stateful spec: HmacSHA256 in bearer token no rolling should Not validate for an expired token" time="0.025">
                      
                    </testcase><testcase classname="tsec.authentication.JWTAuthenticatorTests" name="Authenticator Stateful spec: HmacSHA256 in bearer token no rolling should renew properly" time="0.027">
                      
                    </testcase><testcase classname="tsec.authentication.JWTAuthenticatorTests" name="Authenticator Stateful spec: HmacSHA256 in bearer token no rolling should Not validate for a token with a different key/incorrect" time="0.015">
                      
                    </testcase><testcase classname="tsec.authentication.JWTAuthenticatorTests" name="Authenticator Stateful spec: HmacSHA256 in bearer token no rolling should discard a token properly" time="0.031">
                      
                    </testcase><testcase classname="tsec.authentication.JWTAuthenticatorTests" name="Authenticator Stateful spec: HmacSHA256 in bearer token no rolling should Not validate for a token past the timeout" time="0.048">
                      
                    </testcase><testcase classname="tsec.authentication.JWTAuthenticatorTests" name="Authenticator Stateful spec: HmacSHA256 in bearer token no rolling should refresh properly" time="0.035">
                      
                    </testcase><testcase classname="tsec.authentication.JWTAuthenticatorTests" name="SecuredRequests: Request Auth Stateful spec: HmacSHA256 in bearer token no rolling should TryExtractRaw properly" time="0.047">
                      
                    </testcase><testcase classname="tsec.authentication.JWTAuthenticatorTests" name="SecuredRequests: Request Auth Stateful spec: HmacSHA256 in bearer token no rolling should Return a proper deserialized user" time="0.238">
                      
                    </testcase><testcase classname="tsec.authentication.JWTAuthenticatorTests" name="SecuredRequests: Request Auth Stateful spec: HmacSHA256 in bearer token no rolling should fail on an expired token" time="0.008">
                      
                    </testcase><testcase classname="tsec.authentication.JWTAuthenticatorTests" name="SecuredRequests: Request Auth Stateful spec: HmacSHA256 in bearer token no rolling should work on a renewed token" time="0.015">
                      
                    </testcase><testcase classname="tsec.authentication.JWTAuthenticatorTests" name="SecuredRequests: Request Auth Stateful spec: HmacSHA256 in bearer token no rolling should Reject an invalid token" time="0.004">
                      
                    </testcase><testcase classname="tsec.authentication.JWTAuthenticatorTests" name="SecuredRequests: Request Auth Stateful spec: HmacSHA256 in bearer token no rolling should Fail on a discarded token" time="0.005">
                      
                    </testcase><testcase classname="tsec.authentication.JWTAuthenticatorTests" name="SecuredRequests: Request Auth Stateful spec: HmacSHA256 in bearer token no rolling should authorize for an allowed endpoint" time="0.013">
                      
                    </testcase><testcase classname="tsec.authentication.JWTAuthenticatorTests" name="SecuredRequests: Request Auth Stateful spec: HmacSHA256 in bearer token no rolling should not authorize for a gated endpoint" time="0.005">
                      
                    </testcase><testcase classname="tsec.authentication.JWTAuthenticatorTests" name="SecuredRequests: Request Auth Stateful spec: HmacSHA256 in bearer token no rolling should use the specified response when onNotAuthorized is specified" time="0.003">
                      
                    </testcase><testcase classname="tsec.authentication.JWTAuthenticatorTests" name="SecuredRequests: Request Auth Stateful spec: HmacSHA256 in bearer token no rolling should catch unhandled errors into unauthorized" time="0.014">
                      
                    </testcase><testcase classname="tsec.authentication.JWTAuthenticatorTests" name="SecuredRequests: Request Auth Stateful spec: HmacSHA256 in bearer token no rolling should extract properly for a user aware service" time="0.014">
                      
                    </testcase><testcase classname="tsec.authentication.JWTAuthenticatorTests" name="SecuredRequests: Request Auth Stateful spec: HmacSHA256 in bearer token no rolling should work on a refreshed token" time="0.007">
                      
                    </testcase><testcase classname="tsec.authentication.JWTAuthenticatorTests" name="SecuredRequests: Request Auth Stateful spec: HmacSHA256 in bearer token no rolling should fail on a timed out token" time="0.004">
                      
                    </testcase><testcase classname="tsec.authentication.JWTAuthenticatorTests" name="Authenticator Stateful spec: HmacSHA256 in cookie no rolling should Create, embed and extract properly" time="0.049">
                      
                    </testcase><testcase classname="tsec.authentication.JWTAuthenticatorTests" name="Authenticator Stateful spec: HmacSHA256 in cookie no rolling should Not validate for an expired token" time="0.019">
                      
                    </testcase><testcase classname="tsec.authentication.JWTAuthenticatorTests" name="Authenticator Stateful spec: HmacSHA256 in cookie no rolling should renew properly" time="0.022">
                      
                    </testcase><testcase classname="tsec.authentication.JWTAuthenticatorTests" name="Authenticator Stateful spec: HmacSHA256 in cookie no rolling should Not validate for a token with a different key/incorrect" time="0.02">
                      
                    </testcase><testcase classname="tsec.authentication.JWTAuthenticatorTests" name="Authenticator Stateful spec: HmacSHA256 in cookie no rolling should discard a token properly" time="0.019">
                      
                    </testcase><testcase classname="tsec.authentication.JWTAuthenticatorTests" name="Authenticator Stateful spec: HmacSHA256 in cookie no rolling should Not validate for a token past the timeout" time="0.019">
                      
                    </testcase><testcase classname="tsec.authentication.JWTAuthenticatorTests" name="Authenticator Stateful spec: HmacSHA256 in cookie no rolling should refresh properly" time="0.025">
                      
                    </testcase><testcase classname="tsec.authentication.JWTAuthenticatorTests" name="SecuredRequests: Request Auth Stateful spec: HmacSHA256 in cookie no rolling should TryExtractRaw properly" time="0.002">
                      
                    </testcase><testcase classname="tsec.authentication.JWTAuthenticatorTests" name="SecuredRequests: Request Auth Stateful spec: HmacSHA256 in cookie no rolling should Return a proper deserialized user" time="0.006">
                      
                    </testcase><testcase classname="tsec.authentication.JWTAuthenticatorTests" name="SecuredRequests: Request Auth Stateful spec: HmacSHA256 in cookie no rolling should fail on an expired token" time="0.003">
                      
                    </testcase><testcase classname="tsec.authentication.JWTAuthenticatorTests" name="SecuredRequests: Request Auth Stateful spec: HmacSHA256 in cookie no rolling should work on a renewed token" time="0.006">
                      
                    </testcase><testcase classname="tsec.authentication.JWTAuthenticatorTests" name="SecuredRequests: Request Auth Stateful spec: HmacSHA256 in cookie no rolling should Reject an invalid token" time="0.002">
                      
                    </testcase><testcase classname="tsec.authentication.JWTAuthenticatorTests" name="SecuredRequests: Request Auth Stateful spec: HmacSHA256 in cookie no rolling should Fail on a discarded token" time="0.001">
                      
                    </testcase><testcase classname="tsec.authentication.JWTAuthenticatorTests" name="SecuredRequests: Request Auth Stateful spec: HmacSHA256 in cookie no rolling should authorize for an allowed endpoint" time="0.007">
                      
                    </testcase><testcase classname="tsec.authentication.JWTAuthenticatorTests" name="SecuredRequests: Request Auth Stateful spec: HmacSHA256 in cookie no rolling should not authorize for a gated endpoint" time="0.004">
                      
                    </testcase><testcase classname="tsec.authentication.JWTAuthenticatorTests" name="SecuredRequests: Request Auth Stateful spec: HmacSHA256 in cookie no rolling should use the specified response when onNotAuthorized is specified" time="0.001">
                      
                    </testcase><testcase classname="tsec.authentication.JWTAuthenticatorTests" name="SecuredRequests: Request Auth Stateful spec: HmacSHA256 in cookie no rolling should catch unhandled errors into unauthorized" time="0.003">
                      
                    </testcase><testcase classname="tsec.authentication.JWTAuthenticatorTests" name="SecuredRequests: Request Auth Stateful spec: HmacSHA256 in cookie no rolling should extract properly for a user aware service" time="0.003">
                      
                    </testcase><testcase classname="tsec.authentication.JWTAuthenticatorTests" name="SecuredRequests: Request Auth Stateful spec: HmacSHA256 in cookie no rolling should work on a refreshed token" time="0.005">
                      
                    </testcase><testcase classname="tsec.authentication.JWTAuthenticatorTests" name="SecuredRequests: Request Auth Stateful spec: HmacSHA256 in cookie no rolling should fail on a timed out token" time="0.003">
                      
                    </testcase><testcase classname="tsec.authentication.JWTAuthenticatorTests" name="Authenticator Stateful spec: HmacSHA256 in header no rolling should Create, embed and extract properly" time="0.015">
                      
                    </testcase><testcase classname="tsec.authentication.JWTAuthenticatorTests" name="Authenticator Stateful spec: HmacSHA256 in header no rolling should Not validate for an expired token" time="0.016">
                      
                    </testcase><testcase classname="tsec.authentication.JWTAuthenticatorTests" name="Authenticator Stateful spec: HmacSHA256 in header no rolling should renew properly" time="0.019">
                      
                    </testcase><testcase classname="tsec.authentication.JWTAuthenticatorTests" name="Authenticator Stateful spec: HmacSHA256 in header no rolling should Not validate for a token with a different key/incorrect" time="0.011">
                      
                    </testcase><testcase classname="tsec.authentication.JWTAuthenticatorTests" name="Authenticator Stateful spec: HmacSHA256 in header no rolling should discard a token properly" time="0.013">
                      
                    </testcase><testcase classname="tsec.authentication.JWTAuthenticatorTests" name="Authenticator Stateful spec: HmacSHA256 in header no rolling should Not validate for a token past the timeout" time="0.011">
                      
                    </testcase><testcase classname="tsec.authentication.JWTAuthenticatorTests" name="Authenticator Stateful spec: HmacSHA256 in header no rolling should refresh properly" time="0.009">
                      
                    </testcase><testcase classname="tsec.authentication.JWTAuthenticatorTests" name="SecuredRequests: Request Auth Stateful spec: HmacSHA256 in header no rolling should TryExtractRaw properly" time="0.001">
                      
                    </testcase><testcase classname="tsec.authentication.JWTAuthenticatorTests" name="SecuredRequests: Request Auth Stateful spec: HmacSHA256 in header no rolling should Return a proper deserialized user" time="0.004">
                      
                    </testcase><testcase classname="tsec.authentication.JWTAuthenticatorTests" name="SecuredRequests: Request Auth Stateful spec: HmacSHA256 in header no rolling should fail on an expired token" time="0.002">
                      
                    </testcase><testcase classname="tsec.authentication.JWTAuthenticatorTests" name="SecuredRequests: Request Auth Stateful spec: HmacSHA256 in header no rolling should work on a renewed token" time="0.004">
                      
                    </testcase><testcase classname="tsec.authentication.JWTAuthenticatorTests" name="SecuredRequests: Request Auth Stateful spec: HmacSHA256 in header no rolling should Reject an invalid token" time="0.003">
                      
                    </testcase><testcase classname="tsec.authentication.JWTAuthenticatorTests" name="SecuredRequests: Request Auth Stateful spec: HmacSHA256 in header no rolling should Fail on a discarded token" time="0.003">
                      
                    </testcase><testcase classname="tsec.authentication.JWTAuthenticatorTests" name="SecuredRequests: Request Auth Stateful spec: HmacSHA256 in header no rolling should authorize for an allowed endpoint" time="0.003">
                      
                    </testcase><testcase classname="tsec.authentication.JWTAuthenticatorTests" name="SecuredRequests: Request Auth Stateful spec: HmacSHA256 in header no rolling should not authorize for a gated endpoint" time="0.001">
                      
                    </testcase><testcase classname="tsec.authentication.JWTAuthenticatorTests" name="SecuredRequests: Request Auth Stateful spec: HmacSHA256 in header no rolling should use the specified response when onNotAuthorized is specified" time="0.001">
                      
                    </testcase><testcase classname="tsec.authentication.JWTAuthenticatorTests" name="SecuredRequests: Request Auth Stateful spec: HmacSHA256 in header no rolling should catch unhandled errors into unauthorized" time="0.002">
                      
                    </testcase><testcase classname="tsec.authentication.JWTAuthenticatorTests" name="SecuredRequests: Request Auth Stateful spec: HmacSHA256 in header no rolling should extract properly for a user aware service" time="0.003">
                      
                    </testcase><testcase classname="tsec.authentication.JWTAuthenticatorTests" name="SecuredRequests: Request Auth Stateful spec: HmacSHA256 in header no rolling should work on a refreshed token" time="0.007">
                      
                    </testcase><testcase classname="tsec.authentication.JWTAuthenticatorTests" name="SecuredRequests: Request Auth Stateful spec: HmacSHA256 in header no rolling should fail on a timed out token" time="0.003">
                      
                    </testcase><testcase classname="tsec.authentication.JWTAuthenticatorTests" name="Authenticator Stateful spec: HmacSHA256 in bearer token rolling should Create, embed and extract properly" time="0.024">
                      
                    </testcase><testcase classname="tsec.authentication.JWTAuthenticatorTests" name="Authenticator Stateful spec: HmacSHA256 in bearer token rolling should Not validate for an expired token" time="0.019">
                      
                    </testcase><testcase classname="tsec.authentication.JWTAuthenticatorTests" name="Authenticator Stateful spec: HmacSHA256 in bearer token rolling should renew properly" time="0.016">
                      
                    </testcase><testcase classname="tsec.authentication.JWTAuthenticatorTests" name="Authenticator Stateful spec: HmacSHA256 in bearer token rolling should Not validate for a token with a different key/incorrect" time="0.012">
                      
                    </testcase><testcase classname="tsec.authentication.JWTAuthenticatorTests" name="Authenticator Stateful spec: HmacSHA256 in bearer token rolling should discard a token properly" time="0.013">
                      
                    </testcase><testcase classname="tsec.authentication.JWTAuthenticatorTests" name="Authenticator Stateful spec: HmacSHA256 in bearer token rolling should no-op validate for a timed out token" time="0.014">
                      
                    </testcase><testcase classname="tsec.authentication.JWTAuthenticatorTests" name="SecuredRequests: Request Auth Stateful spec: HmacSHA256 in bearer token rolling should TryExtractRaw properly" time="0.001">
                      
                    </testcase><testcase classname="tsec.authentication.JWTAuthenticatorTests" name="SecuredRequests: Request Auth Stateful spec: HmacSHA256 in bearer token rolling should Return a proper deserialized user" time="0.003">
                      
                    </testcase><testcase classname="tsec.authentication.JWTAuthenticatorTests" name="SecuredRequests: Request Auth Stateful spec: HmacSHA256 in bearer token rolling should fail on an expired token" time="0.004">
                      
                    </testcase><testcase classname="tsec.authentication.JWTAuthenticatorTests" name="SecuredRequests: Request Auth Stateful spec: HmacSHA256 in bearer token rolling should work on a renewed token" time="0.004">
                      
                    </testcase><testcase classname="tsec.authentication.JWTAuthenticatorTests" name="SecuredRequests: Request Auth Stateful spec: HmacSHA256 in bearer token rolling should Reject an invalid token" time="0.002">
                      
                    </testcase><testcase classname="tsec.authentication.JWTAuthenticatorTests" name="SecuredRequests: Request Auth Stateful spec: HmacSHA256 in bearer token rolling should Fail on a discarded token" time="0.002">
                      
                    </testcase><testcase classname="tsec.authentication.JWTAuthenticatorTests" name="SecuredRequests: Request Auth Stateful spec: HmacSHA256 in bearer token rolling should authorize for an allowed endpoint" time="0.003">
                      
                    </testcase><testcase classname="tsec.authentication.JWTAuthenticatorTests" name="SecuredRequests: Request Auth Stateful spec: HmacSHA256 in bearer token rolling should not authorize for a gated endpoint" time="0.002">
                      
                    </testcase><testcase classname="tsec.authentication.JWTAuthenticatorTests" name="SecuredRequests: Request Auth Stateful spec: HmacSHA256 in bearer token rolling should use the specified response when onNotAuthorized is specified" time="0.0">
                      
                    </testcase><testcase classname="tsec.authentication.JWTAuthenticatorTests" name="SecuredRequests: Request Auth Stateful spec: HmacSHA256 in bearer token rolling should catch unhandled errors into unauthorized" time="0.002">
                      
                    </testcase><testcase classname="tsec.authentication.JWTAuthenticatorTests" name="SecuredRequests: Request Auth Stateful spec: HmacSHA256 in bearer token rolling should extract properly for a user aware service" time="0.001">
                      
                    </testcase><testcase classname="tsec.authentication.JWTAuthenticatorTests" name="SecuredRequests: Request Auth Stateful spec: HmacSHA256 in bearer token rolling should no-op on a timed out token" time="0.004">
                      
                    </testcase><testcase classname="tsec.authentication.JWTAuthenticatorTests" name="Authenticator Stateful spec: HmacSHA256 in cookie rolling should Create, embed and extract properly" time="0.009">
                      
                    </testcase><testcase classname="tsec.authentication.JWTAuthenticatorTests" name="Authenticator Stateful spec: HmacSHA256 in cookie rolling should Not validate for an expired token" time="0.015">
                      
                    </testcase><testcase classname="tsec.authentication.JWTAuthenticatorTests" name="Authenticator Stateful spec: HmacSHA256 in cookie rolling should renew properly" time="0.015">
                      
                    </testcase><testcase classname="tsec.authentication.JWTAuthenticatorTests" name="Authenticator Stateful spec: HmacSHA256 in cookie rolling should Not validate for a token with a different key/incorrect" time="0.012">
                      
                    </testcase><testcase classname="tsec.authentication.JWTAuthenticatorTests" name="Authenticator Stateful spec: HmacSHA256 in cookie rolling should discard a token properly" time="0.011">
                      
                    </testcase><testcase classname="tsec.authentication.JWTAuthenticatorTests" name="Authenticator Stateful spec: HmacSHA256 in cookie rolling should no-op validate for a timed out token" time="0.01">
                      
                    </testcase><testcase classname="tsec.authentication.JWTAuthenticatorTests" name="SecuredRequests: Request Auth Stateful spec: HmacSHA256 in cookie rolling should TryExtractRaw properly" time="0.001">
                      
                    </testcase><testcase classname="tsec.authentication.JWTAuthenticatorTests" name="SecuredRequests: Request Auth Stateful spec: HmacSHA256 in cookie rolling should Return a proper deserialized user" time="0.003">
                      
                    </testcase><testcase classname="tsec.authentication.JWTAuthenticatorTests" name="SecuredRequests: Request Auth Stateful spec: HmacSHA256 in cookie rolling should fail on an expired token" time="0.002">
                      
                    </testcase><testcase classname="tsec.authentication.JWTAuthenticatorTests" name="SecuredRequests: Request Auth Stateful spec: HmacSHA256 in cookie rolling should work on a renewed token" time="0.004">
                      
                    </testcase><testcase classname="tsec.authentication.JWTAuthenticatorTests" name="SecuredRequests: Request Auth Stateful spec: HmacSHA256 in cookie rolling should Reject an invalid token" time="0.001">
                      
                    </testcase><testcase classname="tsec.authentication.JWTAuthenticatorTests" name="SecuredRequests: Request Auth Stateful spec: HmacSHA256 in cookie rolling should Fail on a discarded token" time="0.001">
                      
                    </testcase><testcase classname="tsec.authentication.JWTAuthenticatorTests" name="SecuredRequests: Request Auth Stateful spec: HmacSHA256 in cookie rolling should authorize for an allowed endpoint" time="0.003">
                      
                    </testcase><testcase classname="tsec.authentication.JWTAuthenticatorTests" name="SecuredRequests: Request Auth Stateful spec: HmacSHA256 in cookie rolling should not authorize for a gated endpoint" time="0.002">
                      
                    </testcase><testcase classname="tsec.authentication.JWTAuthenticatorTests" name="SecuredRequests: Request Auth Stateful spec: HmacSHA256 in cookie rolling should use the specified response when onNotAuthorized is specified" time="0.001">
                      
                    </testcase><testcase classname="tsec.authentication.JWTAuthenticatorTests" name="SecuredRequests: Request Auth Stateful spec: HmacSHA256 in cookie rolling should catch unhandled errors into unauthorized" time="0.002">
                      
                    </testcase><testcase classname="tsec.authentication.JWTAuthenticatorTests" name="SecuredRequests: Request Auth Stateful spec: HmacSHA256 in cookie rolling should extract properly for a user aware service" time="0.001">
                      
                    </testcase><testcase classname="tsec.authentication.JWTAuthenticatorTests" name="SecuredRequests: Request Auth Stateful spec: HmacSHA256 in cookie rolling should no-op on a timed out token" time="0.001">
                      
                    </testcase><testcase classname="tsec.authentication.JWTAuthenticatorTests" name="Authenticator Stateful spec: HmacSHA256 in header rolling should Create, embed and extract properly" time="0.009">
                      
                    </testcase><testcase classname="tsec.authentication.JWTAuthenticatorTests" name="Authenticator Stateful spec: HmacSHA256 in header rolling should Not validate for an expired token" time="0.009">
                      
                    </testcase><testcase classname="tsec.authentication.JWTAuthenticatorTests" name="Authenticator Stateful spec: HmacSHA256 in header rolling should renew properly" time="0.01">
                      
                    </testcase><testcase classname="tsec.authentication.JWTAuthenticatorTests" name="Authenticator Stateful spec: HmacSHA256 in header rolling should Not validate for a token with a different key/incorrect" time="0.004">
                      
                    </testcase><testcase classname="tsec.authentication.JWTAuthenticatorTests" name="Authenticator Stateful spec: HmacSHA256 in header rolling should discard a token properly" time="0.006">
                      
                    </testcase><testcase classname="tsec.authentication.JWTAuthenticatorTests" name="Authenticator Stateful spec: HmacSHA256 in header rolling should no-op validate for a timed out token" time="0.005">
                      
                    </testcase><testcase classname="tsec.authentication.JWTAuthenticatorTests" name="SecuredRequests: Request Auth Stateful spec: HmacSHA256 in header rolling should TryExtractRaw properly" time="0.001">
                      
                    </testcase><testcase classname="tsec.authentication.JWTAuthenticatorTests" name="SecuredRequests: Request Auth Stateful spec: HmacSHA256 in header rolling should Return a proper deserialized user" time="0.002">
                      
                    </testcase><testcase classname="tsec.authentication.JWTAuthenticatorTests" name="SecuredRequests: Request Auth Stateful spec: HmacSHA256 in header rolling should fail on an expired token" time="0.001">
                      
                    </testcase><testcase classname="tsec.authentication.JWTAuthenticatorTests" name="SecuredRequests: Request Auth Stateful spec: HmacSHA256 in header rolling should work on a renewed token" time="0.003">
                      
                    </testcase><testcase classname="tsec.authentication.JWTAuthenticatorTests" name="SecuredRequests: Request Auth Stateful spec: HmacSHA256 in header rolling should Reject an invalid token" time="0.001">
                      
                    </testcase><testcase classname="tsec.authentication.JWTAuthenticatorTests" name="SecuredRequests: Request Auth Stateful spec: HmacSHA256 in header rolling should Fail on a discarded token" time="0.001">
                      
                    </testcase><testcase classname="tsec.authentication.JWTAuthenticatorTests" name="SecuredRequests: Request Auth Stateful spec: HmacSHA256 in header rolling should authorize for an allowed endpoint" time="0.003">
                      
                    </testcase><testcase classname="tsec.authentication.JWTAuthenticatorTests" name="SecuredRequests: Request Auth Stateful spec: HmacSHA256 in header rolling should not authorize for a gated endpoint" time="0.001">
                      
                    </testcase><testcase classname="tsec.authentication.JWTAuthenticatorTests" name="SecuredRequests: Request Auth Stateful spec: HmacSHA256 in header rolling should use the specified response when onNotAuthorized is specified" time="0.001">
                      
                    </testcase><testcase classname="tsec.authentication.JWTAuthenticatorTests" name="SecuredRequests: Request Auth Stateful spec: HmacSHA256 in header rolling should catch unhandled errors into unauthorized" time="0.001">
                      
                    </testcase><testcase classname="tsec.authentication.JWTAuthenticatorTests" name="SecuredRequests: Request Auth Stateful spec: HmacSHA256 in header rolling should extract properly for a user aware service" time="0.001">
                      
                    </testcase><testcase classname="tsec.authentication.JWTAuthenticatorTests" name="SecuredRequests: Request Auth Stateful spec: HmacSHA256 in header rolling should no-op on a timed out token" time="0.002">
                      
                    </testcase><testcase classname="tsec.authentication.JWTAuthenticatorTests" name="Authenticator Stateful spec: HmacSHA384 in bearer token no rolling should Create, embed and extract properly" time="0.01">
                      
                    </testcase><testcase classname="tsec.authentication.JWTAuthenticatorTests" name="Authenticator Stateful spec: HmacSHA384 in bearer token no rolling should Not validate for an expired token" time="0.009">
                      
                    </testcase><testcase classname="tsec.authentication.JWTAuthenticatorTests" name="Authenticator Stateful spec: HmacSHA384 in bearer token no rolling should renew properly" time="0.008">
                      
                    </testcase><testcase classname="tsec.authentication.JWTAuthenticatorTests" name="Authenticator Stateful spec: HmacSHA384 in bearer token no rolling should Not validate for a token with a different key/incorrect" time="0.007">
                      
                    </testcase><testcase classname="tsec.authentication.JWTAuthenticatorTests" name="Authenticator Stateful spec: HmacSHA384 in bearer token no rolling should discard a token properly" time="0.005">
                      
                    </testcase><testcase classname="tsec.authentication.JWTAuthenticatorTests" name="Authenticator Stateful spec: HmacSHA384 in bearer token no rolling should Not validate for a token past the timeout" time="0.006">
                      
                    </testcase><testcase classname="tsec.authentication.JWTAuthenticatorTests" name="Authenticator Stateful spec: HmacSHA384 in bearer token no rolling should refresh properly" time="0.008">
                      
                    </testcase><testcase classname="tsec.authentication.JWTAuthenticatorTests" name="SecuredRequests: Request Auth Stateful spec: HmacSHA384 in bearer token no rolling should TryExtractRaw properly" time="0.001">
                      
                    </testcase><testcase classname="tsec.authentication.JWTAuthenticatorTests" name="SecuredRequests: Request Auth Stateful spec: HmacSHA384 in bearer token no rolling should Return a proper deserialized user" time="0.003">
                      
                    </testcase><testcase classname="tsec.authentication.JWTAuthenticatorTests" name="SecuredRequests: Request Auth Stateful spec: HmacSHA384 in bearer token no rolling should fail on an expired token" time="0.001">
                      
                    </testcase><testcase classname="tsec.authentication.JWTAuthenticatorTests" name="SecuredRequests: Request Auth Stateful spec: HmacSHA384 in bearer token no rolling should work on a renewed token" time="0.002">
                      
                    </testcase><testcase classname="tsec.authentication.JWTAuthenticatorTests" name="SecuredRequests: Request Auth Stateful spec: HmacSHA384 in bearer token no rolling should Reject an invalid token" time="0.001">
                      
                    </testcase><testcase classname="tsec.authentication.JWTAuthenticatorTests" name="SecuredRequests: Request Auth Stateful spec: HmacSHA384 in bearer token no rolling should Fail on a discarded token" time="0.001">
                      
                    </testcase><testcase classname="tsec.authentication.JWTAuthenticatorTests" name="SecuredRequests: Request Auth Stateful spec: HmacSHA384 in bearer token no rolling should authorize for an allowed endpoint" time="0.003">
                      
                    </testcase><testcase classname="tsec.authentication.JWTAuthenticatorTests" name="SecuredRequests: Request Auth Stateful spec: HmacSHA384 in bearer token no rolling should not authorize for a gated endpoint" time="0.002">
                      
                    </testcase><testcase classname="tsec.authentication.JWTAuthenticatorTests" name="SecuredRequests: Request Auth Stateful spec: HmacSHA384 in bearer token no rolling should use the specified response when onNotAuthorized is specified" time="0.001">
                      
                    </testcase><testcase classname="tsec.authentication.JWTAuthenticatorTests" name="SecuredRequests: Request Auth Stateful spec: HmacSHA384 in bearer token no rolling should catch unhandled errors into unauthorized" time="0.002">
                      
                    </testcase><testcase classname="tsec.authentication.JWTAuthenticatorTests" name="SecuredRequests: Request Auth Stateful spec: HmacSHA384 in bearer token no rolling should extract properly for a user aware service" time="0.001">
                      
                    </testcase><testcase classname="tsec.authentication.JWTAuthenticatorTests" name="SecuredRequests: Request Auth Stateful spec: HmacSHA384 in bearer token no rolling should work on a refreshed token" time="0.002">
                      
                    </testcase><testcase classname="tsec.authentication.JWTAuthenticatorTests" name="SecuredRequests: Request Auth Stateful spec: HmacSHA384 in bearer token no rolling should fail on a timed out token" time="0.002">
                      
                    </testcase><testcase classname="tsec.authentication.JWTAuthenticatorTests" name="Authenticator Stateful spec: HmacSHA384 in cookie no rolling should Create, embed and extract properly" time="0.006">
                      
                    </testcase><testcase classname="tsec.authentication.JWTAuthenticatorTests" name="Authenticator Stateful spec: HmacSHA384 in cookie no rolling should Not validate for an expired token" time="0.007">
                      
                    </testcase><testcase classname="tsec.authentication.JWTAuthenticatorTests" name="Authenticator Stateful spec: HmacSHA384 in cookie no rolling should renew properly" time="0.008">
                      
                    </testcase><testcase classname="tsec.authentication.JWTAuthenticatorTests" name="Authenticator Stateful spec: HmacSHA384 in cookie no rolling should Not validate for a token with a different key/incorrect" time="0.007">
                      
                    </testcase><testcase classname="tsec.authentication.JWTAuthenticatorTests" name="Authenticator Stateful spec: HmacSHA384 in cookie no rolling should discard a token properly" time="0.006">
                      
                    </testcase><testcase classname="tsec.authentication.JWTAuthenticatorTests" name="Authenticator Stateful spec: HmacSHA384 in cookie no rolling should Not validate for a token past the timeout" time="0.008">
                      
                    </testcase><testcase classname="tsec.authentication.JWTAuthenticatorTests" name="Authenticator Stateful spec: HmacSHA384 in cookie no rolling should refresh properly" time="0.008">
                      
                    </testcase><testcase classname="tsec.authentication.JWTAuthenticatorTests" name="SecuredRequests: Request Auth Stateful spec: HmacSHA384 in cookie no rolling should TryExtractRaw properly" time="0.001">
                      
                    </testcase><testcase classname="tsec.authentication.JWTAuthenticatorTests" name="SecuredRequests: Request Auth Stateful spec: HmacSHA384 in cookie no rolling should Return a proper deserialized user" time="0.003">
                      
                    </testcase><testcase classname="tsec.authentication.JWTAuthenticatorTests" name="SecuredRequests: Request Auth Stateful spec: HmacSHA384 in cookie no rolling should fail on an expired token" time="0.002">
                      
                    </testcase><testcase classname="tsec.authentication.JWTAuthenticatorTests" name="SecuredRequests: Request Auth Stateful spec: HmacSHA384 in cookie no rolling should work on a renewed token" time="0.003">
                      
                    </testcase><testcase classname="tsec.authentication.JWTAuthenticatorTests" name="SecuredRequests: Request Auth Stateful spec: HmacSHA384 in cookie no rolling should Reject an invalid token" time="0.001">
                      
                    </testcase><testcase classname="tsec.authentication.JWTAuthenticatorTests" name="SecuredRequests: Request Auth Stateful spec: HmacSHA384 in cookie no rolling should Fail on a discarded token" time="0.001">
                      
                    </testcase><testcase classname="tsec.authentication.JWTAuthenticatorTests" name="SecuredRequests: Request Auth Stateful spec: HmacSHA384 in cookie no rolling should authorize for an allowed endpoint" time="0.003">
                      
                    </testcase><testcase classname="tsec.authentication.JWTAuthenticatorTests" name="SecuredRequests: Request Auth Stateful spec: HmacSHA384 in cookie no rolling should not authorize for a gated endpoint" time="0.002">
                      
                    </testcase><testcase classname="tsec.authentication.JWTAuthenticatorTests" name="SecuredRequests: Request Auth Stateful spec: HmacSHA384 in cookie no rolling should use the specified response when onNotAuthorized is specified" time="0.0">
                      
                    </testcase><testcase classname="tsec.authentication.JWTAuthenticatorTests" name="SecuredRequests: Request Auth Stateful spec: HmacSHA384 in cookie no rolling should catch unhandled errors into unauthorized" time="0.001">
                      
                    </testcase><testcase classname="tsec.authentication.JWTAuthenticatorTests" name="SecuredRequests: Request Auth Stateful spec: HmacSHA384 in cookie no rolling should extract properly for a user aware service" time="0.001">
                      
                    </testcase><testcase classname="tsec.authentication.JWTAuthenticatorTests" name="SecuredRequests: Request Auth Stateful spec: HmacSHA384 in cookie no rolling should work on a refreshed token" time="0.002">
                      
                    </testcase><testcase classname="tsec.authentication.JWTAuthenticatorTests" name="SecuredRequests: Request Auth Stateful spec: HmacSHA384 in cookie no rolling should fail on a timed out token" time="0.001">
                      
                    </testcase><testcase classname="tsec.authentication.JWTAuthenticatorTests" name="Authenticator Stateful spec: HmacSHA384 in header no rolling should Create, embed and extract properly" time="0.009">
                      
                    </testcase><testcase classname="tsec.authentication.JWTAuthenticatorTests" name="Authenticator Stateful spec: HmacSHA384 in header no rolling should Not validate for an expired token" time="0.006">
                      
                    </testcase><testcase classname="tsec.authentication.JWTAuthenticatorTests" name="Authenticator Stateful spec: HmacSHA384 in header no rolling should renew properly" time="0.008">
                      
                    </testcase><testcase classname="tsec.authentication.JWTAuthenticatorTests" name="Authenticator Stateful spec: HmacSHA384 in header no rolling should Not validate for a token with a different key/incorrect" time="0.004">
                      
                    </testcase><testcase classname="tsec.authentication.JWTAuthenticatorTests" name="Authenticator Stateful spec: HmacSHA384 in header no rolling should discard a token properly" time="0.005">
                      
                    </testcase><testcase classname="tsec.authentication.JWTAuthenticatorTests" name="Authenticator Stateful spec: HmacSHA384 in header no rolling should Not validate for a token past the timeout" time="0.005">
                      
                    </testcase><testcase classname="tsec.authentication.JWTAuthenticatorTests" name="Authenticator Stateful spec: HmacSHA384 in header no rolling should refresh properly" time="0.005">
                      
                    </testcase><testcase classname="tsec.authentication.JWTAuthenticatorTests" name="SecuredRequests: Request Auth Stateful spec: HmacSHA384 in header no rolling should TryExtractRaw properly" time="0.001">
                      
                    </testcase><testcase classname="tsec.authentication.JWTAuthenticatorTests" name="SecuredRequests: Request Auth Stateful spec: HmacSHA384 in header no rolling should Return a proper deserialized user" time="0.003">
                      
                    </testcase><testcase classname="tsec.authentication.JWTAuthenticatorTests" name="SecuredRequests: Request Auth Stateful spec: HmacSHA384 in header no rolling should fail on an expired token" time="0.001">
                      
                    </testcase><testcase classname="tsec.authentication.JWTAuthenticatorTests" name="SecuredRequests: Request Auth Stateful spec: HmacSHA384 in header no rolling should work on a renewed token" time="0.003">
                      
                    </testcase><testcase classname="tsec.authentication.JWTAuthenticatorTests" name="SecuredRequests: Request Auth Stateful spec: HmacSHA384 in header no rolling should Reject an invalid token" time="0.001">
                      
                    </testcase><testcase classname="tsec.authentication.JWTAuthenticatorTests" name="SecuredRequests: Request Auth Stateful spec: HmacSHA384 in header no rolling should Fail on a discarded token" time="0.001">
                      
                    </testcase><testcase classname="tsec.authentication.JWTAuthenticatorTests" name="SecuredRequests: Request Auth Stateful spec: HmacSHA384 in header no rolling should authorize for an allowed endpoint" time="0.003">
                      
                    </testcase><testcase classname="tsec.authentication.JWTAuthenticatorTests" name="SecuredRequests: Request Auth Stateful spec: HmacSHA384 in header no rolling should not authorize for a gated endpoint" time="0.001">
                      
                    </testcase><testcase classname="tsec.authentication.JWTAuthenticatorTests" name="SecuredRequests: Request Auth Stateful spec: HmacSHA384 in header no rolling should use the specified response when onNotAuthorized is specified" time="0.001">
                      
                    </testcase><testcase classname="tsec.authentication.JWTAuthenticatorTests" name="SecuredRequests: Request Auth Stateful spec: HmacSHA384 in header no rolling should catch unhandled errors into unauthorized" time="0.002">
                      
                    </testcase><testcase classname="tsec.authentication.JWTAuthenticatorTests" name="SecuredRequests: Request Auth Stateful spec: HmacSHA384 in header no rolling should extract properly for a user aware service" time="0.001">
                      
                    </testcase><testcase classname="tsec.authentication.JWTAuthenticatorTests" name="SecuredRequests: Request Auth Stateful spec: HmacSHA384 in header no rolling should work on a refreshed token" time="0.003">
                      
                    </testcase><testcase classname="tsec.authentication.JWTAuthenticatorTests" name="SecuredRequests: Request Auth Stateful spec: HmacSHA384 in header no rolling should fail on a timed out token" time="0.001">
                      
                    </testcase><testcase classname="tsec.authentication.JWTAuthenticatorTests" name="Authenticator Stateful spec: HmacSHA384 in bearer token rolling should Create, embed and extract properly" time="0.006">
                      
                    </testcase><testcase classname="tsec.authentication.JWTAuthenticatorTests" name="Authenticator Stateful spec: HmacSHA384 in bearer token rolling should Not validate for an expired token" time="0.009">
                      
                    </testcase><testcase classname="tsec.authentication.JWTAuthenticatorTests" name="Authenticator Stateful spec: HmacSHA384 in bearer token rolling should renew properly" time="0.009">
                      
                    </testcase><testcase classname="tsec.authentication.JWTAuthenticatorTests" name="Authenticator Stateful spec: HmacSHA384 in bearer token rolling should Not validate for a token with a different key/incorrect" time="0.006">
                      
                    </testcase><testcase classname="tsec.authentication.JWTAuthenticatorTests" name="Authenticator Stateful spec: HmacSHA384 in bearer token rolling should discard a token properly" time="0.006">
                      
                    </testcase><testcase classname="tsec.authentication.JWTAuthenticatorTests" name="Authenticator Stateful spec: HmacSHA384 in bearer token rolling should no-op validate for a timed out token" time="0.005">
                      
                    </testcase><testcase classname="tsec.authentication.JWTAuthenticatorTests" name="SecuredRequests: Request Auth Stateful spec: HmacSHA384 in bearer token rolling should TryExtractRaw properly" time="0.0">
                      
                    </testcase><testcase classname="tsec.authentication.JWTAuthenticatorTests" name="SecuredRequests: Request Auth Stateful spec: HmacSHA384 in bearer token rolling should Return a proper deserialized user" time="0.003">
                      
                    </testcase><testcase classname="tsec.authentication.JWTAuthenticatorTests" name="SecuredRequests: Request Auth Stateful spec: HmacSHA384 in bearer token rolling should fail on an expired token" time="0.001">
                      
                    </testcase><testcase classname="tsec.authentication.JWTAuthenticatorTests" name="SecuredRequests: Request Auth Stateful spec: HmacSHA384 in bearer token rolling should work on a renewed token" time="0.003">
                      
                    </testcase><testcase classname="tsec.authentication.JWTAuthenticatorTests" name="SecuredRequests: Request Auth Stateful spec: HmacSHA384 in bearer token rolling should Reject an invalid token" time="0.001">
                      
                    </testcase><testcase classname="tsec.authentication.JWTAuthenticatorTests" name="SecuredRequests: Request Auth Stateful spec: HmacSHA384 in bearer token rolling should Fail on a discarded token" time="0.001">
                      
                    </testcase><testcase classname="tsec.authentication.JWTAuthenticatorTests" name="SecuredRequests: Request Auth Stateful spec: HmacSHA384 in bearer token rolling should authorize for an allowed endpoint" time="0.003">
                      
                    </testcase><testcase classname="tsec.authentication.JWTAuthenticatorTests" name="SecuredRequests: Request Auth Stateful spec: HmacSHA384 in bearer token rolling should not authorize for a gated endpoint" time="0.001">
                      
                    </testcase><testcase classname="tsec.authentication.JWTAuthenticatorTests" name="SecuredRequests: Request Auth Stateful spec: HmacSHA384 in bearer token rolling should use the specified response when onNotAuthorized is specified" time="0.0">
                      
                    </testcase><testcase classname="tsec.authentication.JWTAuthenticatorTests" name="SecuredRequests: Request Auth Stateful spec: HmacSHA384 in bearer token rolling should catch unhandled errors into unauthorized" time="0.003">
                      
                    </testcase><testcase classname="tsec.authentication.JWTAuthenticatorTests" name="SecuredRequests: Request Auth Stateful spec: HmacSHA384 in bearer token rolling should extract properly for a user aware service" time="0.003">
                      
                    </testcase><testcase classname="tsec.authentication.JWTAuthenticatorTests" name="SecuredRequests: Request Auth Stateful spec: HmacSHA384 in bearer token rolling should no-op on a timed out token" time="0.002">
                      
                    </testcase><testcase classname="tsec.authentication.JWTAuthenticatorTests" name="Authenticator Stateful spec: HmacSHA384 in cookie rolling should Create, embed and extract properly" time="0.009">
                      
                    </testcase><testcase classname="tsec.authentication.JWTAuthenticatorTests" name="Authenticator Stateful spec: HmacSHA384 in cookie rolling should Not validate for an expired token" time="0.012">
                      
                    </testcase><testcase classname="tsec.authentication.JWTAuthenticatorTests" name="Authenticator Stateful spec: HmacSHA384 in cookie rolling should renew properly" time="0.007">
                      
                    </testcase><testcase classname="tsec.authentication.JWTAuthenticatorTests" name="Authenticator Stateful spec: HmacSHA384 in cookie rolling should Not validate for a token with a different key/incorrect" time="0.005">
                      
                    </testcase><testcase classname="tsec.authentication.JWTAuthenticatorTests" name="Authenticator Stateful spec: HmacSHA384 in cookie rolling should discard a token properly" time="0.008">
                      
                    </testcase><testcase classname="tsec.authentication.JWTAuthenticatorTests" name="Authenticator Stateful spec: HmacSHA384 in cookie rolling should no-op validate for a timed out token" time="0.006">
                      
                    </testcase><testcase classname="tsec.authentication.JWTAuthenticatorTests" name="SecuredRequests: Request Auth Stateful spec: HmacSHA384 in cookie rolling should TryExtractRaw properly" time="0.001">
                      
                    </testcase><testcase classname="tsec.authentication.JWTAuthenticatorTests" name="SecuredRequests: Request Auth Stateful spec: HmacSHA384 in cookie rolling should Return a proper deserialized user" time="0.003">
                      
                    </testcase><testcase classname="tsec.authentication.JWTAuthenticatorTests" name="SecuredRequests: Request Auth Stateful spec: HmacSHA384 in cookie rolling should fail on an expired token" time="0.001">
                      
                    </testcase><testcase classname="tsec.authentication.JWTAuthenticatorTests" name="SecuredRequests: Request Auth Stateful spec: HmacSHA384 in cookie rolling should work on a renewed token" time="0.002">
                      
                    </testcase><testcase classname="tsec.authentication.JWTAuthenticatorTests" name="SecuredRequests: Request Auth Stateful spec: HmacSHA384 in cookie rolling should Reject an invalid token" time="0.0">
                      
                    </testcase><testcase classname="tsec.authentication.JWTAuthenticatorTests" name="SecuredRequests: Request Auth Stateful spec: HmacSHA384 in cookie rolling should Fail on a discarded token" time="0.001">
                      
                    </testcase><testcase classname="tsec.authentication.JWTAuthenticatorTests" name="SecuredRequests: Request Auth Stateful spec: HmacSHA384 in cookie rolling should authorize for an allowed endpoint" time="0.002">
                      
                    </testcase><testcase classname="tsec.authentication.JWTAuthenticatorTests" name="SecuredRequests: Request Auth Stateful spec: HmacSHA384 in cookie rolling should not authorize for a gated endpoint" time="0.001">
                      
                    </testcase><testcase classname="tsec.authentication.JWTAuthenticatorTests" name="SecuredRequests: Request Auth Stateful spec: HmacSHA384 in cookie rolling should use the specified response when onNotAuthorized is specified" time="0.001">
                      
                    </testcase><testcase classname="tsec.authentication.JWTAuthenticatorTests" name="SecuredRequests: Request Auth Stateful spec: HmacSHA384 in cookie rolling should catch unhandled errors into unauthorized" time="0.002">
                      
                    </testcase><testcase classname="tsec.authentication.JWTAuthenticatorTests" name="SecuredRequests: Request Auth Stateful spec: HmacSHA384 in cookie rolling should extract properly for a user aware service" time="0.005">
                      
                    </testcase><testcase classname="tsec.authentication.JWTAuthenticatorTests" name="SecuredRequests: Request Auth Stateful spec: HmacSHA384 in cookie rolling should no-op on a timed out token" time="0.001">
                      
                    </testcase><testcase classname="tsec.authentication.JWTAuthenticatorTests" name="Authenticator Stateful spec: HmacSHA384 in header rolling should Create, embed and extract properly" time="0.004">
                      
                    </testcase><testcase classname="tsec.authentication.JWTAuthenticatorTests" name="Authenticator Stateful spec: HmacSHA384 in header rolling should Not validate for an expired token" time="0.006">
                      
                    </testcase><testcase classname="tsec.authentication.JWTAuthenticatorTests" name="Authenticator Stateful spec: HmacSHA384 in header rolling should renew properly" time="0.006">
                      
                    </testcase><testcase classname="tsec.authentication.JWTAuthenticatorTests" name="Authenticator Stateful spec: HmacSHA384 in header rolling should Not validate for a token with a different key/incorrect" time="0.004">
                      
                    </testcase><testcase classname="tsec.authentication.JWTAuthenticatorTests" name="Authenticator Stateful spec: HmacSHA384 in header rolling should discard a token properly" time="0.005">
                      
                    </testcase><testcase classname="tsec.authentication.JWTAuthenticatorTests" name="Authenticator Stateful spec: HmacSHA384 in header rolling should no-op validate for a timed out token" time="0.005">
                      
                    </testcase><testcase classname="tsec.authentication.JWTAuthenticatorTests" name="SecuredRequests: Request Auth Stateful spec: HmacSHA384 in header rolling should TryExtractRaw properly" time="0.0">
                      
                    </testcase><testcase classname="tsec.authentication.JWTAuthenticatorTests" name="SecuredRequests: Request Auth Stateful spec: HmacSHA384 in header rolling should Return a proper deserialized user" time="0.002">
                      
                    </testcase><testcase classname="tsec.authentication.JWTAuthenticatorTests" name="SecuredRequests: Request Auth Stateful spec: HmacSHA384 in header rolling should fail on an expired token" time="0.001">
                      
                    </testcase><testcase classname="tsec.authentication.JWTAuthenticatorTests" name="SecuredRequests: Request Auth Stateful spec: HmacSHA384 in header rolling should work on a renewed token" time="0.003">
                      
                    </testcase><testcase classname="tsec.authentication.JWTAuthenticatorTests" name="SecuredRequests: Request Auth Stateful spec: HmacSHA384 in header rolling should Reject an invalid token" time="0.001">
                      
                    </testcase><testcase classname="tsec.authentication.JWTAuthenticatorTests" name="SecuredRequests: Request Auth Stateful spec: HmacSHA384 in header rolling should Fail on a discarded token" time="0.001">
                      
                    </testcase><testcase classname="tsec.authentication.JWTAuthenticatorTests" name="SecuredRequests: Request Auth Stateful spec: HmacSHA384 in header rolling should authorize for an allowed endpoint" time="0.002">
                      
                    </testcase><testcase classname="tsec.authentication.JWTAuthenticatorTests" name="SecuredRequests: Request Auth Stateful spec: HmacSHA384 in header rolling should not authorize for a gated endpoint" time="0.001">
                      
                    </testcase><testcase classname="tsec.authentication.JWTAuthenticatorTests" name="SecuredRequests: Request Auth Stateful spec: HmacSHA384 in header rolling should use the specified response when onNotAuthorized is specified" time="0.001">
                      
                    </testcase><testcase classname="tsec.authentication.JWTAuthenticatorTests" name="SecuredRequests: Request Auth Stateful spec: HmacSHA384 in header rolling should catch unhandled errors into unauthorized" time="0.002">
                      
                    </testcase><testcase classname="tsec.authentication.JWTAuthenticatorTests" name="SecuredRequests: Request Auth Stateful spec: HmacSHA384 in header rolling should extract properly for a user aware service" time="0.001">
                      
                    </testcase><testcase classname="tsec.authentication.JWTAuthenticatorTests" name="SecuredRequests: Request Auth Stateful spec: HmacSHA384 in header rolling should no-op on a timed out token" time="0.001">
                      
                    </testcase><testcase classname="tsec.authentication.JWTAuthenticatorTests" name="Authenticator Stateful spec: HmacSHA512 in bearer token no rolling should Create, embed and extract properly" time="0.006">
                      
                    </testcase><testcase classname="tsec.authentication.JWTAuthenticatorTests" name="Authenticator Stateful spec: HmacSHA512 in bearer token no rolling should Not validate for an expired token" time="0.004">
                      
                    </testcase><testcase classname="tsec.authentication.JWTAuthenticatorTests" name="Authenticator Stateful spec: HmacSHA512 in bearer token no rolling should renew properly" time="0.006">
                      
                    </testcase><testcase classname="tsec.authentication.JWTAuthenticatorTests" name="Authenticator Stateful spec: HmacSHA512 in bearer token no rolling should Not validate for a token with a different key/incorrect" time="0.005">
                      
                    </testcase><testcase classname="tsec.authentication.JWTAuthenticatorTests" name="Authenticator Stateful spec: HmacSHA512 in bearer token no rolling should discard a token properly" time="0.005">
                      
                    </testcase><testcase classname="tsec.authentication.JWTAuthenticatorTests" name="Authenticator Stateful spec: HmacSHA512 in bearer token no rolling should Not validate for a token past the timeout" time="0.008">
                      
                    </testcase><testcase classname="tsec.authentication.JWTAuthenticatorTests" name="Authenticator Stateful spec: HmacSHA512 in bearer token no rolling should refresh properly" time="0.008">
                      
                    </testcase><testcase classname="tsec.authentication.JWTAuthenticatorTests" name="SecuredRequests: Request Auth Stateful spec: HmacSHA512 in bearer token no rolling should TryExtractRaw properly" time="0.001">
                      
                    </testcase><testcase classname="tsec.authentication.JWTAuthenticatorTests" name="SecuredRequests: Request Auth Stateful spec: HmacSHA512 in bearer token no rolling should Return a proper deserialized user" time="0.002">
                      
                    </testcase><testcase classname="tsec.authentication.JWTAuthenticatorTests" name="SecuredRequests: Request Auth Stateful spec: HmacSHA512 in bearer token no rolling should fail on an expired token" time="0.001">
                      
                    </testcase><testcase classname="tsec.authentication.JWTAuthenticatorTests" name="SecuredRequests: Request Auth Stateful spec: HmacSHA512 in bearer token no rolling should work on a renewed token" time="0.004">
                      
                    </testcase><testcase classname="tsec.authentication.JWTAuthenticatorTests" name="SecuredRequests: Request Auth Stateful spec: HmacSHA512 in bearer token no rolling should Reject an invalid token" time="0.001">
                      
                    </testcase><testcase classname="tsec.authentication.JWTAuthenticatorTests" name="SecuredRequests: Request Auth Stateful spec: HmacSHA512 in bearer token no rolling should Fail on a discarded token" time="0.0">
                      
                    </testcase><testcase classname="tsec.authentication.JWTAuthenticatorTests" name="SecuredRequests: Request Auth Stateful spec: HmacSHA512 in bearer token no rolling should authorize for an allowed endpoint" time="0.002">
                      
                    </testcase><testcase classname="tsec.authentication.JWTAuthenticatorTests" name="SecuredRequests: Request Auth Stateful spec: HmacSHA512 in bearer token no rolling should not authorize for a gated endpoint" time="0.001">
                      
                    </testcase><testcase classname="tsec.authentication.JWTAuthenticatorTests" name="SecuredRequests: Request Auth Stateful spec: HmacSHA512 in bearer token no rolling should use the specified response when onNotAuthorized is specified" time="0.0">
                      
                    </testcase><testcase classname="tsec.authentication.JWTAuthenticatorTests" name="SecuredRequests: Request Auth Stateful spec: HmacSHA512 in bearer token no rolling should catch unhandled errors into unauthorized" time="0.001">
                      
                    </testcase><testcase classname="tsec.authentication.JWTAuthenticatorTests" name="SecuredRequests: Request Auth Stateful spec: HmacSHA512 in bearer token no rolling should extract properly for a user aware service" time="0.001">
                      
                    </testcase><testcase classname="tsec.authentication.JWTAuthenticatorTests" name="SecuredRequests: Request Auth Stateful spec: HmacSHA512 in bearer token no rolling should work on a refreshed token" time="0.002">
                      
                    </testcase><testcase classname="tsec.authentication.JWTAuthenticatorTests" name="SecuredRequests: Request Auth Stateful spec: HmacSHA512 in bearer token no rolling should fail on a timed out token" time="0.001">
                      
                    </testcase><testcase classname="tsec.authentication.JWTAuthenticatorTests" name="Authenticator Stateful spec: HmacSHA512 in cookie no rolling should Create, embed and extract properly" time="0.005">
                      
                    </testcase><testcase classname="tsec.authentication.JWTAuthenticatorTests" name="Authenticator Stateful spec: HmacSHA512 in cookie no rolling should Not validate for an expired token" time="0.004">
                      
                    </testcase><testcase classname="tsec.authentication.JWTAuthenticatorTests" name="Authenticator Stateful spec: HmacSHA512 in cookie no rolling should renew properly" time="0.005">
                      
                    </testcase><testcase classname="tsec.authentication.JWTAuthenticatorTests" name="Authenticator Stateful spec: HmacSHA512 in cookie no rolling should Not validate for a token with a different key/incorrect" time="0.006">
                      
                    </testcase><testcase classname="tsec.authentication.JWTAuthenticatorTests" name="Authenticator Stateful spec: HmacSHA512 in cookie no rolling should discard a token properly" time="0.007">
                      
                    </testcase><testcase classname="tsec.authentication.JWTAuthenticatorTests" name="Authenticator Stateful spec: HmacSHA512 in cookie no rolling should Not validate for a token past the timeout" time="0.007">
                      
                    </testcase><testcase classname="tsec.authentication.JWTAuthenticatorTests" name="Authenticator Stateful spec: HmacSHA512 in cookie no rolling should refresh properly" time="0.004">
                      
                    </testcase><testcase classname="tsec.authentication.JWTAuthenticatorTests" name="SecuredRequests: Request Auth Stateful spec: HmacSHA512 in cookie no rolling should TryExtractRaw properly" time="0.0">
                      
                    </testcase><testcase classname="tsec.authentication.JWTAuthenticatorTests" name="SecuredRequests: Request Auth Stateful spec: HmacSHA512 in cookie no rolling should Return a proper deserialized user" time="0.002">
                      
                    </testcase><testcase classname="tsec.authentication.JWTAuthenticatorTests" name="SecuredRequests: Request Auth Stateful spec: HmacSHA512 in cookie no rolling should fail on an expired token" time="0.001">
                      
                    </testcase><testcase classname="tsec.authentication.JWTAuthenticatorTests" name="SecuredRequests: Request Auth Stateful spec: HmacSHA512 in cookie no rolling should work on a renewed token" time="0.003">
                      
                    </testcase><testcase classname="tsec.authentication.JWTAuthenticatorTests" name="SecuredRequests: Request Auth Stateful spec: HmacSHA512 in cookie no rolling should Reject an invalid token" time="0.002">
                      
                    </testcase><testcase classname="tsec.authentication.JWTAuthenticatorTests" name="SecuredRequests: Request Auth Stateful spec: HmacSHA512 in cookie no rolling should Fail on a discarded token" time="0.001">
                      
                    </testcase><testcase classname="tsec.authentication.JWTAuthenticatorTests" name="SecuredRequests: Request Auth Stateful spec: HmacSHA512 in cookie no rolling should authorize for an allowed endpoint" time="0.003">
                      
                    </testcase><testcase classname="tsec.authentication.JWTAuthenticatorTests" name="SecuredRequests: Request Auth Stateful spec: HmacSHA512 in cookie no rolling should not authorize for a gated endpoint" time="0.001">
                      
                    </testcase><testcase classname="tsec.authentication.JWTAuthenticatorTests" name="SecuredRequests: Request Auth Stateful spec: HmacSHA512 in cookie no rolling should use the specified response when onNotAuthorized is specified" time="0.0">
                      
                    </testcase><testcase classname="tsec.authentication.JWTAuthenticatorTests" name="SecuredRequests: Request Auth Stateful spec: HmacSHA512 in cookie no rolling should catch unhandled errors into unauthorized" time="0.001">
                      
                    </testcase><testcase classname="tsec.authentication.JWTAuthenticatorTests" name="SecuredRequests: Request Auth Stateful spec: HmacSHA512 in cookie no rolling should extract properly for a user aware service" time="0.001">
                      
                    </testcase><testcase classname="tsec.authentication.JWTAuthenticatorTests" name="SecuredRequests: Request Auth Stateful spec: HmacSHA512 in cookie no rolling should work on a refreshed token" time="0.001">
                      
                    </testcase><testcase classname="tsec.authentication.JWTAuthenticatorTests" name="SecuredRequests: Request Auth Stateful spec: HmacSHA512 in cookie no rolling should fail on a timed out token" time="0.001">
                      
                    </testcase><testcase classname="tsec.authentication.JWTAuthenticatorTests" name="Authenticator Stateful spec: HmacSHA512 in header no rolling should Create, embed and extract properly" time="0.005">
                      
                    </testcase><testcase classname="tsec.authentication.JWTAuthenticatorTests" name="Authenticator Stateful spec: HmacSHA512 in header no rolling should Not validate for an expired token" time="0.007">
                      
                    </testcase><testcase classname="tsec.authentication.JWTAuthenticatorTests" name="Authenticator Stateful spec: HmacSHA512 in header no rolling should renew properly" time="0.005">
                      
                    </testcase><testcase classname="tsec.authentication.JWTAuthenticatorTests" name="Authenticator Stateful spec: HmacSHA512 in header no rolling should Not validate for a token with a different key/incorrect" time="0.004">
                      
                    </testcase><testcase classname="tsec.authentication.JWTAuthenticatorTests" name="Authenticator Stateful spec: HmacSHA512 in header no rolling should discard a token properly" time="0.003">
                      
                    </testcase><testcase classname="tsec.authentication.JWTAuthenticatorTests" name="Authenticator Stateful spec: HmacSHA512 in header no rolling should Not validate for a token past the timeout" time="0.003">
                      
                    </testcase><testcase classname="tsec.authentication.JWTAuthenticatorTests" name="Authenticator Stateful spec: HmacSHA512 in header no rolling should refresh properly" time="0.004">
                      
                    </testcase><testcase classname="tsec.authentication.JWTAuthenticatorTests" name="SecuredRequests: Request Auth Stateful spec: HmacSHA512 in header no rolling should TryExtractRaw properly" time="0.0">
                      
                    </testcase><testcase classname="tsec.authentication.JWTAuthenticatorTests" name="SecuredRequests: Request Auth Stateful spec: HmacSHA512 in header no rolling should Return a proper deserialized user" time="0.002">
                      
                    </testcase><testcase classname="tsec.authentication.JWTAuthenticatorTests" name="SecuredRequests: Request Auth Stateful spec: HmacSHA512 in header no rolling should fail on an expired token" time="0.0">
                      
                    </testcase><testcase classname="tsec.authentication.JWTAuthenticatorTests" name="SecuredRequests: Request Auth Stateful spec: HmacSHA512 in header no rolling should work on a renewed token" time="0.001">
                      
                    </testcase><testcase classname="tsec.authentication.JWTAuthenticatorTests" name="SecuredRequests: Request Auth Stateful spec: HmacSHA512 in header no rolling should Reject an invalid token" time="0.0">
                      
                    </testcase><testcase classname="tsec.authentication.JWTAuthenticatorTests" name="SecuredRequests: Request Auth Stateful spec: HmacSHA512 in header no rolling should Fail on a discarded token" time="0.0">
                      
                    </testcase><testcase classname="tsec.authentication.JWTAuthenticatorTests" name="SecuredRequests: Request Auth Stateful spec: HmacSHA512 in header no rolling should authorize for an allowed endpoint" time="0.002">
                      
                    </testcase><testcase classname="tsec.authentication.JWTAuthenticatorTests" name="SecuredRequests: Request Auth Stateful spec: HmacSHA512 in header no rolling should not authorize for a gated endpoint" time="0.001">
                      
                    </testcase><testcase classname="tsec.authentication.JWTAuthenticatorTests" name="SecuredRequests: Request Auth Stateful spec: HmacSHA512 in header no rolling should use the specified response when onNotAuthorized is specified" time="0.0">
                      
                    </testcase><testcase classname="tsec.authentication.JWTAuthenticatorTests" name="SecuredRequests: Request Auth Stateful spec: HmacSHA512 in header no rolling should catch unhandled errors into unauthorized" time="0.001">
                      
                    </testcase><testcase classname="tsec.authentication.JWTAuthenticatorTests" name="SecuredRequests: Request Auth Stateful spec: HmacSHA512 in header no rolling should extract properly for a user aware service" time="0.001">
                      
                    </testcase><testcase classname="tsec.authentication.JWTAuthenticatorTests" name="SecuredRequests: Request Auth Stateful spec: HmacSHA512 in header no rolling should work on a refreshed token" time="0.001">
                      
                    </testcase><testcase classname="tsec.authentication.JWTAuthenticatorTests" name="SecuredRequests: Request Auth Stateful spec: HmacSHA512 in header no rolling should fail on a timed out token" time="0.0">
                      
                    </testcase><testcase classname="tsec.authentication.JWTAuthenticatorTests" name="Authenticator Stateful spec: HmacSHA512 in bearer token rolling should Create, embed and extract properly" time="0.003">
                      
                    </testcase><testcase classname="tsec.authentication.JWTAuthenticatorTests" name="Authenticator Stateful spec: HmacSHA512 in bearer token rolling should Not validate for an expired token" time="0.004">
                      
                    </testcase><testcase classname="tsec.authentication.JWTAuthenticatorTests" name="Authenticator Stateful spec: HmacSHA512 in bearer token rolling should renew properly" time="0.003">
                      
                    </testcase><testcase classname="tsec.authentication.JWTAuthenticatorTests" name="Authenticator Stateful spec: HmacSHA512 in bearer token rolling should Not validate for a token with a different key/incorrect" time="0.003">
                      
                    </testcase><testcase classname="tsec.authentication.JWTAuthenticatorTests" name="Authenticator Stateful spec: HmacSHA512 in bearer token rolling should discard a token properly" time="0.003">
                      
                    </testcase><testcase classname="tsec.authentication.JWTAuthenticatorTests" name="Authenticator Stateful spec: HmacSHA512 in bearer token rolling should no-op validate for a timed out token" time="0.003">
                      
                    </testcase><testcase classname="tsec.authentication.JWTAuthenticatorTests" name="SecuredRequests: Request Auth Stateful spec: HmacSHA512 in bearer token rolling should TryExtractRaw properly" time="0.0">
                      
                    </testcase><testcase classname="tsec.authentication.JWTAuthenticatorTests" name="SecuredRequests: Request Auth Stateful spec: HmacSHA512 in bearer token rolling should Return a proper deserialized user" time="0.002">
                      
                    </testcase><testcase classname="tsec.authentication.JWTAuthenticatorTests" name="SecuredRequests: Request Auth Stateful spec: HmacSHA512 in bearer token rolling should fail on an expired token" time="0.001">
                      
                    </testcase><testcase classname="tsec.authentication.JWTAuthenticatorTests" name="SecuredRequests: Request Auth Stateful spec: HmacSHA512 in bearer token rolling should work on a renewed token" time="0.001">
                      
                    </testcase><testcase classname="tsec.authentication.JWTAuthenticatorTests" name="SecuredRequests: Request Auth Stateful spec: HmacSHA512 in bearer token rolling should Reject an invalid token" time="0.0">
                      
                    </testcase><testcase classname="tsec.authentication.JWTAuthenticatorTests" name="SecuredRequests: Request Auth Stateful spec: HmacSHA512 in bearer token rolling should Fail on a discarded token" time="0.001">
                      
                    </testcase><testcase classname="tsec.authentication.JWTAuthenticatorTests" name="SecuredRequests: Request Auth Stateful spec: HmacSHA512 in bearer token rolling should authorize for an allowed endpoint" time="0.002">
                      
                    </testcase><testcase classname="tsec.authentication.JWTAuthenticatorTests" name="SecuredRequests: Request Auth Stateful spec: HmacSHA512 in bearer token rolling should not authorize for a gated endpoint" time="0.001">
                      
                    </testcase><testcase classname="tsec.authentication.JWTAuthenticatorTests" name="SecuredRequests: Request Auth Stateful spec: HmacSHA512 in bearer token rolling should use the specified response when onNotAuthorized is specified" time="0.0">
                      
                    </testcase><testcase classname="tsec.authentication.JWTAuthenticatorTests" name="SecuredRequests: Request Auth Stateful spec: HmacSHA512 in bearer token rolling should catch unhandled errors into unauthorized" time="0.001">
                      
                    </testcase><testcase classname="tsec.authentication.JWTAuthenticatorTests" name="SecuredRequests: Request Auth Stateful spec: HmacSHA512 in bearer token rolling should extract properly for a user aware service" time="0.001">
                      
                    </testcase><testcase classname="tsec.authentication.JWTAuthenticatorTests" name="SecuredRequests: Request Auth Stateful spec: HmacSHA512 in bearer token rolling should no-op on a timed out token" time="0.001">
                      
                    </testcase><testcase classname="tsec.authentication.JWTAuthenticatorTests" name="Authenticator Stateful spec: HmacSHA512 in cookie rolling should Create, embed and extract properly" time="0.003">
                      
                    </testcase><testcase classname="tsec.authentication.JWTAuthenticatorTests" name="Authenticator Stateful spec: HmacSHA512 in cookie rolling should Not validate for an expired token" time="0.003">
                      
                    </testcase><testcase classname="tsec.authentication.JWTAuthenticatorTests" name="Authenticator Stateful spec: HmacSHA512 in cookie rolling should renew properly" time="0.003">
                      
                    </testcase><testcase classname="tsec.authentication.JWTAuthenticatorTests" name="Authenticator Stateful spec: HmacSHA512 in cookie rolling should Not validate for a token with a different key/incorrect" time="0.003">
                      
                    </testcase><testcase classname="tsec.authentication.JWTAuthenticatorTests" name="Authenticator Stateful spec: HmacSHA512 in cookie rolling should discard a token properly" time="0.002">
                      
                    </testcase><testcase classname="tsec.authentication.JWTAuthenticatorTests" name="Authenticator Stateful spec: HmacSHA512 in cookie rolling should no-op validate for a timed out token" time="0.003">
                      
                    </testcase><testcase classname="tsec.authentication.JWTAuthenticatorTests" name="SecuredRequests: Request Auth Stateful spec: HmacSHA512 in cookie rolling should TryExtractRaw properly" time="0.0">
                      
                    </testcase><testcase classname="tsec.authentication.JWTAuthenticatorTests" name="SecuredRequests: Request Auth Stateful spec: HmacSHA512 in cookie rolling should Return a proper deserialized user" time="0.002">
                      
                    </testcase><testcase classname="tsec.authentication.JWTAuthenticatorTests" name="SecuredRequests: Request Auth Stateful spec: HmacSHA512 in cookie rolling should fail on an expired token" time="0.001">
                      
                    </testcase><testcase classname="tsec.authentication.JWTAuthenticatorTests" name="SecuredRequests: Request Auth Stateful spec: HmacSHA512 in cookie rolling should work on a renewed token" time="0.003">
                      
                    </testcase><testcase classname="tsec.authentication.JWTAuthenticatorTests" name="SecuredRequests: Request Auth Stateful spec: HmacSHA512 in cookie rolling should Reject an invalid token" time="0.001">
                      
                    </testcase><testcase classname="tsec.authentication.JWTAuthenticatorTests" name="SecuredRequests: Request Auth Stateful spec: HmacSHA512 in cookie rolling should Fail on a discarded token" time="0.001">
                      
                    </testcase><testcase classname="tsec.authentication.JWTAuthenticatorTests" name="SecuredRequests: Request Auth Stateful spec: HmacSHA512 in cookie rolling should authorize for an allowed endpoint" time="0.003">
                      
                    </testcase><testcase classname="tsec.authentication.JWTAuthenticatorTests" name="SecuredRequests: Request Auth Stateful spec: HmacSHA512 in cookie rolling should not authorize for a gated endpoint" time="0.002">
                      
                    </testcase><testcase classname="tsec.authentication.JWTAuthenticatorTests" name="SecuredRequests: Request Auth Stateful spec: HmacSHA512 in cookie rolling should use the specified response when onNotAuthorized is specified" time="0.001">
                      
                    </testcase><testcase classname="tsec.authentication.JWTAuthenticatorTests" name="SecuredRequests: Request Auth Stateful spec: HmacSHA512 in cookie rolling should catch unhandled errors into unauthorized" time="0.001">
                      
                    </testcase><testcase classname="tsec.authentication.JWTAuthenticatorTests" name="SecuredRequests: Request Auth Stateful spec: HmacSHA512 in cookie rolling should extract properly for a user aware service" time="0.001">
                      
                    </testcase><testcase classname="tsec.authentication.JWTAuthenticatorTests" name="SecuredRequests: Request Auth Stateful spec: HmacSHA512 in cookie rolling should no-op on a timed out token" time="0.001">
                      
                    </testcase><testcase classname="tsec.authentication.JWTAuthenticatorTests" name="Authenticator Stateful spec: HmacSHA512 in header rolling should Create, embed and extract properly" time="0.003">
                      
                    </testcase><testcase classname="tsec.authentication.JWTAuthenticatorTests" name="Authenticator Stateful spec: HmacSHA512 in header rolling should Not validate for an expired token" time="0.004">
                      
                    </testcase><testcase classname="tsec.authentication.JWTAuthenticatorTests" name="Authenticator Stateful spec: HmacSHA512 in header rolling should renew properly" time="0.004">
                      
                    </testcase><testcase classname="tsec.authentication.JWTAuthenticatorTests" name="Authenticator Stateful spec: HmacSHA512 in header rolling should Not validate for a token with a different key/incorrect" time="0.003">
                      
                    </testcase><testcase classname="tsec.authentication.JWTAuthenticatorTests" name="Authenticator Stateful spec: HmacSHA512 in header rolling should discard a token properly" time="0.007">
                      
                    </testcase><testcase classname="tsec.authentication.JWTAuthenticatorTests" name="Authenticator Stateful spec: HmacSHA512 in header rolling should no-op validate for a timed out token" time="0.003">
                      
                    </testcase><testcase classname="tsec.authentication.JWTAuthenticatorTests" name="SecuredRequests: Request Auth Stateful spec: HmacSHA512 in header rolling should TryExtractRaw properly" time="0.0">
                      
                    </testcase><testcase classname="tsec.authentication.JWTAuthenticatorTests" name="SecuredRequests: Request Auth Stateful spec: HmacSHA512 in header rolling should Return a proper deserialized user" time="0.002">
                      
                    </testcase><testcase classname="tsec.authentication.JWTAuthenticatorTests" name="SecuredRequests: Request Auth Stateful spec: HmacSHA512 in header rolling should fail on an expired token" time="0.001">
                      
                    </testcase><testcase classname="tsec.authentication.JWTAuthenticatorTests" name="SecuredRequests: Request Auth Stateful spec: HmacSHA512 in header rolling should work on a renewed token" time="0.002">
                      
                    </testcase><testcase classname="tsec.authentication.JWTAuthenticatorTests" name="SecuredRequests: Request Auth Stateful spec: HmacSHA512 in header rolling should Reject an invalid token" time="0.001">
                      
                    </testcase><testcase classname="tsec.authentication.JWTAuthenticatorTests" name="SecuredRequests: Request Auth Stateful spec: HmacSHA512 in header rolling should Fail on a discarded token" time="0.001">
                      
                    </testcase><testcase classname="tsec.authentication.JWTAuthenticatorTests" name="SecuredRequests: Request Auth Stateful spec: HmacSHA512 in header rolling should authorize for an allowed endpoint" time="0.001">
                      
                    </testcase><testcase classname="tsec.authentication.JWTAuthenticatorTests" name="SecuredRequests: Request Auth Stateful spec: HmacSHA512 in header rolling should not authorize for a gated endpoint" time="0.001">
                      
                    </testcase><testcase classname="tsec.authentication.JWTAuthenticatorTests" name="SecuredRequests: Request Auth Stateful spec: HmacSHA512 in header rolling should use the specified response when onNotAuthorized is specified" time="0.0">
                      
                    </testcase><testcase classname="tsec.authentication.JWTAuthenticatorTests" name="SecuredRequests: Request Auth Stateful spec: HmacSHA512 in header rolling should catch unhandled errors into unauthorized" time="0.001">
                      
                    </testcase><testcase classname="tsec.authentication.JWTAuthenticatorTests" name="SecuredRequests: Request Auth Stateful spec: HmacSHA512 in header rolling should extract properly for a user aware service" time="0.0">
                      
                    </testcase><testcase classname="tsec.authentication.JWTAuthenticatorTests" name="SecuredRequests: Request Auth Stateful spec: HmacSHA512 in header rolling should no-op on a timed out token" time="0.001">
                      
                    </testcase><testcase classname="tsec.authentication.JWTAuthenticatorTests" name="Authenticator Partial Stateless spec: HmacSHA256 in bearer token no rolling should Create, embed and extract properly" time="0.01">
                      
                    </testcase><testcase classname="tsec.authentication.JWTAuthenticatorTests" name="Authenticator Partial Stateless spec: HmacSHA256 in bearer token no rolling should Not validate for an expired token" time="0.003">
                      
                    </testcase><testcase classname="tsec.authentication.JWTAuthenticatorTests" name="Authenticator Partial Stateless spec: HmacSHA256 in bearer token no rolling should renew properly" time="0.007">
                      
                    </testcase><testcase classname="tsec.authentication.JWTAuthenticatorTests" name="Authenticator Partial Stateless spec: HmacSHA256 in bearer token no rolling should Not validate for a token with a different key/incorrect" time="0.004">
                      
                    </testcase><testcase classname="tsec.authentication.JWTAuthenticatorTests" name="Authenticator Partial Stateless spec: HmacSHA256 in bearer token no rolling should discard a token properly" time="0.005">
                      
                    </testcase><testcase classname="tsec.authentication.JWTAuthenticatorTests" name="Authenticator Partial Stateless spec: HmacSHA256 in bearer token no rolling should Not validate for a token past the timeout" time="0.006">
                      
                    </testcase><testcase classname="tsec.authentication.JWTAuthenticatorTests" name="Authenticator Partial Stateless spec: HmacSHA256 in bearer token no rolling should refresh properly" time="0.007">
                      
                    </testcase><testcase classname="tsec.authentication.JWTAuthenticatorTests" name="SecuredRequests: Request Auth Partial Stateless spec: HmacSHA256 in bearer token no rolling should TryExtractRaw properly" time="0.001">
                      
                    </testcase><testcase classname="tsec.authentication.JWTAuthenticatorTests" name="SecuredRequests: Request Auth Partial Stateless spec: HmacSHA256 in bearer token no rolling should Return a proper deserialized user" time="0.002">
                      
                    </testcase><testcase classname="tsec.authentication.JWTAuthenticatorTests" name="SecuredRequests: Request Auth Partial Stateless spec: HmacSHA256 in bearer token no rolling should fail on an expired token" time="0.001">
                      
                    </testcase><testcase classname="tsec.authentication.JWTAuthenticatorTests" name="SecuredRequests: Request Auth Partial Stateless spec: HmacSHA256 in bearer token no rolling should work on a renewed token" time="0.003">
                      
                    </testcase><testcase classname="tsec.authentication.JWTAuthenticatorTests" name="SecuredRequests: Request Auth Partial Stateless spec: HmacSHA256 in bearer token no rolling should Reject an invalid token" time="0.002">
                      
                    </testcase><testcase classname="tsec.authentication.JWTAuthenticatorTests" name="SecuredRequests: Request Auth Partial Stateless spec: HmacSHA256 in bearer token no rolling should Fail on a discarded token" time="0.002">
                      
                    </testcase><testcase classname="tsec.authentication.JWTAuthenticatorTests" name="SecuredRequests: Request Auth Partial Stateless spec: HmacSHA256 in bearer token no rolling should authorize for an allowed endpoint" time="0.006">
                      
                    </testcase><testcase classname="tsec.authentication.JWTAuthenticatorTests" name="SecuredRequests: Request Auth Partial Stateless spec: HmacSHA256 in bearer token no rolling should not authorize for a gated endpoint" time="0.003">
                      
                    </testcase><testcase classname="tsec.authentication.JWTAuthenticatorTests" name="SecuredRequests: Request Auth Partial Stateless spec: HmacSHA256 in bearer token no rolling should use the specified response when onNotAuthorized is specified" time="0.001">
                      
                    </testcase><testcase classname="tsec.authentication.JWTAuthenticatorTests" name="SecuredRequests: Request Auth Partial Stateless spec: HmacSHA256 in bearer token no rolling should catch unhandled errors into unauthorized" time="0.002">
                      
                    </testcase><testcase classname="tsec.authentication.JWTAuthenticatorTests" name="SecuredRequests: Request Auth Partial Stateless spec: HmacSHA256 in bearer token no rolling should extract properly for a user aware service" time="0.001">
                      
                    </testcase><testcase classname="tsec.authentication.JWTAuthenticatorTests" name="SecuredRequests: Request Auth Partial Stateless spec: HmacSHA256 in bearer token no rolling should work on a refreshed token" time="0.002">
                      
                    </testcase><testcase classname="tsec.authentication.JWTAuthenticatorTests" name="SecuredRequests: Request Auth Partial Stateless spec: HmacSHA256 in bearer token no rolling should fail on a timed out token" time="0.002">
                      
                    </testcase><testcase classname="tsec.authentication.JWTAuthenticatorTests" name="Authenticator Partial Stateless spec: HmacSHA256 in cookie no rolling should Create, embed and extract properly" time="0.017">
                      
                    </testcase><testcase classname="tsec.authentication.JWTAuthenticatorTests" name="Authenticator Partial Stateless spec: HmacSHA256 in cookie no rolling should Not validate for an expired token" time="0.009">
                      
                    </testcase><testcase classname="tsec.authentication.JWTAuthenticatorTests" name="Authenticator Partial Stateless spec: HmacSHA256 in cookie no rolling should renew properly" time="0.009">
                      
                    </testcase><testcase classname="tsec.authentication.JWTAuthenticatorTests" name="Authenticator Partial Stateless spec: HmacSHA256 in cookie no rolling should Not validate for a token with a different key/incorrect" time="0.006">
                      
                    </testcase><testcase classname="tsec.authentication.JWTAuthenticatorTests" name="Authenticator Partial Stateless spec: HmacSHA256 in cookie no rolling should discard a token properly" time="0.006">
                      
                    </testcase><testcase classname="tsec.authentication.JWTAuthenticatorTests" name="Authenticator Partial Stateless spec: HmacSHA256 in cookie no rolling should Not validate for a token past the timeout" time="0.006">
                      
                    </testcase><testcase classname="tsec.authentication.JWTAuthenticatorTests" name="Authenticator Partial Stateless spec: HmacSHA256 in cookie no rolling should refresh properly" time="0.007">
                      
                    </testcase><testcase classname="tsec.authentication.JWTAuthenticatorTests" name="SecuredRequests: Request Auth Partial Stateless spec: HmacSHA256 in cookie no rolling should TryExtractRaw properly" time="0.001">
                      
                    </testcase><testcase classname="tsec.authentication.JWTAuthenticatorTests" name="SecuredRequests: Request Auth Partial Stateless spec: HmacSHA256 in cookie no rolling should Return a proper deserialized user" time="0.002">
                      
                    </testcase><testcase classname="tsec.authentication.JWTAuthenticatorTests" name="SecuredRequests: Request Auth Partial Stateless spec: HmacSHA256 in cookie no rolling should fail on an expired token" time="0.001">
                      
                    </testcase><testcase classname="tsec.authentication.JWTAuthenticatorTests" name="SecuredRequests: Request Auth Partial Stateless spec: HmacSHA256 in cookie no rolling should work on a renewed token" time="0.002">
                      
                    </testcase><testcase classname="tsec.authentication.JWTAuthenticatorTests" name="SecuredRequests: Request Auth Partial Stateless spec: HmacSHA256 in cookie no rolling should Reject an invalid token" time="0.0">
                      
                    </testcase><testcase classname="tsec.authentication.JWTAuthenticatorTests" name="SecuredRequests: Request Auth Partial Stateless spec: HmacSHA256 in cookie no rolling should Fail on a discarded token" time="0.0">
                      
                    </testcase><testcase classname="tsec.authentication.JWTAuthenticatorTests" name="SecuredRequests: Request Auth Partial Stateless spec: HmacSHA256 in cookie no rolling should authorize for an allowed endpoint" time="0.001">
                      
                    </testcase><testcase classname="tsec.authentication.JWTAuthenticatorTests" name="SecuredRequests: Request Auth Partial Stateless spec: HmacSHA256 in cookie no rolling should not authorize for a gated endpoint" time="0.001">
                      
                    </testcase><testcase classname="tsec.authentication.JWTAuthenticatorTests" name="SecuredRequests: Request Auth Partial Stateless spec: HmacSHA256 in cookie no rolling should use the specified response when onNotAuthorized is specified" time="0.0">
                      
                    </testcase><testcase classname="tsec.authentication.JWTAuthenticatorTests" name="SecuredRequests: Request Auth Partial Stateless spec: HmacSHA256 in cookie no rolling should catch unhandled errors into unauthorized" time="0.001">
                      
                    </testcase><testcase classname="tsec.authentication.JWTAuthenticatorTests" name="SecuredRequests: Request Auth Partial Stateless spec: HmacSHA256 in cookie no rolling should extract properly for a user aware service" time="0.001">
                      
                    </testcase><testcase classname="tsec.authentication.JWTAuthenticatorTests" name="SecuredRequests: Request Auth Partial Stateless spec: HmacSHA256 in cookie no rolling should work on a refreshed token" time="0.001">
                      
                    </testcase><testcase classname="tsec.authentication.JWTAuthenticatorTests" name="SecuredRequests: Request Auth Partial Stateless spec: HmacSHA256 in cookie no rolling should fail on a timed out token" time="0.001">
                      
                    </testcase><testcase classname="tsec.authentication.JWTAuthenticatorTests" name="Authenticator Partial Stateless spec: HmacSHA256 in header no rolling should Create, embed and extract properly" time="0.005">
                      
                    </testcase><testcase classname="tsec.authentication.JWTAuthenticatorTests" name="Authenticator Partial Stateless spec: HmacSHA256 in header no rolling should Not validate for an expired token" time="0.004">
                      
                    </testcase><testcase classname="tsec.authentication.JWTAuthenticatorTests" name="Authenticator Partial Stateless spec: HmacSHA256 in header no rolling should renew properly" time="0.006">
                      
                    </testcase><testcase classname="tsec.authentication.JWTAuthenticatorTests" name="Authenticator Partial Stateless spec: HmacSHA256 in header no rolling should Not validate for a token with a different key/incorrect" time="0.006">
                      
                    </testcase><testcase classname="tsec.authentication.JWTAuthenticatorTests" name="Authenticator Partial Stateless spec: HmacSHA256 in header no rolling should discard a token properly" time="0.004">
                      
                    </testcase><testcase classname="tsec.authentication.JWTAuthenticatorTests" name="Authenticator Partial Stateless spec: HmacSHA256 in header no rolling should Not validate for a token past the timeout" time="0.005">
                      
                    </testcase><testcase classname="tsec.authentication.JWTAuthenticatorTests" name="Authenticator Partial Stateless spec: HmacSHA256 in header no rolling should refresh properly" time="0.007">
                      
                    </testcase><testcase classname="tsec.authentication.JWTAuthenticatorTests" name="SecuredRequests: Request Auth Partial Stateless spec: HmacSHA256 in header no rolling should TryExtractRaw properly" time="0.001">
                      
                    </testcase><testcase classname="tsec.authentication.JWTAuthenticatorTests" name="SecuredRequests: Request Auth Partial Stateless spec: HmacSHA256 in header no rolling should Return a proper deserialized user" time="0.002">
                      
                    </testcase><testcase classname="tsec.authentication.JWTAuthenticatorTests" name="SecuredRequests: Request Auth Partial Stateless spec: HmacSHA256 in header no rolling should fail on an expired token" time="0.002">
                      
                    </testcase><testcase classname="tsec.authentication.JWTAuthenticatorTests" name="SecuredRequests: Request Auth Partial Stateless spec: HmacSHA256 in header no rolling should work on a renewed token" time="0.002">
                      
                    </testcase><testcase classname="tsec.authentication.JWTAuthenticatorTests" name="SecuredRequests: Request Auth Partial Stateless spec: HmacSHA256 in header no rolling should Reject an invalid token" time="0.001">
                      
                    </testcase><testcase classname="tsec.authentication.JWTAuthenticatorTests" name="SecuredRequests: Request Auth Partial Stateless spec: HmacSHA256 in header no rolling should Fail on a discarded token" time="0.001">
                      
                    </testcase><testcase classname="tsec.authentication.JWTAuthenticatorTests" name="SecuredRequests: Request Auth Partial Stateless spec: HmacSHA256 in header no rolling should authorize for an allowed endpoint" time="0.003">
                      
                    </testcase><testcase classname="tsec.authentication.JWTAuthenticatorTests" name="SecuredRequests: Request Auth Partial Stateless spec: HmacSHA256 in header no rolling should not authorize for a gated endpoint" time="0.001">
                      
                    </testcase><testcase classname="tsec.authentication.JWTAuthenticatorTests" name="SecuredRequests: Request Auth Partial Stateless spec: HmacSHA256 in header no rolling should use the specified response when onNotAuthorized is specified" time="0.001">
                      
                    </testcase><testcase classname="tsec.authentication.JWTAuthenticatorTests" name="SecuredRequests: Request Auth Partial Stateless spec: HmacSHA256 in header no rolling should catch unhandled errors into unauthorized" time="0.001">
                      
                    </testcase><testcase classname="tsec.authentication.JWTAuthenticatorTests" name="SecuredRequests: Request Auth Partial Stateless spec: HmacSHA256 in header no rolling should extract properly for a user aware service" time="0.001">
                      
                    </testcase><testcase classname="tsec.authentication.JWTAuthenticatorTests" name="SecuredRequests: Request Auth Partial Stateless spec: HmacSHA256 in header no rolling should work on a refreshed token" time="0.001">
                      
                    </testcase><testcase classname="tsec.authentication.JWTAuthenticatorTests" name="SecuredRequests: Request Auth Partial Stateless spec: HmacSHA256 in header no rolling should fail on a timed out token" time="0.001">
                      
                    </testcase><testcase classname="tsec.authentication.JWTAuthenticatorTests" name="Authenticator Partial Stateless spec: HmacSHA256 in bearer token rolling should Create, embed and extract properly" time="0.005">
                      
                    </testcase><testcase classname="tsec.authentication.JWTAuthenticatorTests" name="Authenticator Partial Stateless spec: HmacSHA256 in bearer token rolling should Not validate for an expired token" time="0.006">
                      
                    </testcase><testcase classname="tsec.authentication.JWTAuthenticatorTests" name="Authenticator Partial Stateless spec: HmacSHA256 in bearer token rolling should renew properly" time="0.005">
                      
                    </testcase><testcase classname="tsec.authentication.JWTAuthenticatorTests" name="Authenticator Partial Stateless spec: HmacSHA256 in bearer token rolling should Not validate for a token with a different key/incorrect" time="0.003">
                      
                    </testcase><testcase classname="tsec.authentication.JWTAuthenticatorTests" name="Authenticator Partial Stateless spec: HmacSHA256 in bearer token rolling should discard a token properly" time="0.004">
                      
                    </testcase><testcase classname="tsec.authentication.JWTAuthenticatorTests" name="Authenticator Partial Stateless spec: HmacSHA256 in bearer token rolling should no-op validate for a timed out token" time="0.004">
                      
                    </testcase><testcase classname="tsec.authentication.JWTAuthenticatorTests" name="SecuredRequests: Request Auth Partial Stateless spec: HmacSHA256 in bearer token rolling should TryExtractRaw properly" time="0.001">
                      
                    </testcase><testcase classname="tsec.authentication.JWTAuthenticatorTests" name="SecuredRequests: Request Auth Partial Stateless spec: HmacSHA256 in bearer token rolling should Return a proper deserialized user" time="0.003">
                      
                    </testcase><testcase classname="tsec.authentication.JWTAuthenticatorTests" name="SecuredRequests: Request Auth Partial Stateless spec: HmacSHA256 in bearer token rolling should fail on an expired token" time="0.001">
                      
                    </testcase><testcase classname="tsec.authentication.JWTAuthenticatorTests" name="SecuredRequests: Request Auth Partial Stateless spec: HmacSHA256 in bearer token rolling should work on a renewed token" time="0.002">
                      
                    </testcase><testcase classname="tsec.authentication.JWTAuthenticatorTests" name="SecuredRequests: Request Auth Partial Stateless spec: HmacSHA256 in bearer token rolling should Reject an invalid token" time="0.0">
                      
                    </testcase><testcase classname="tsec.authentication.JWTAuthenticatorTests" name="SecuredRequests: Request Auth Partial Stateless spec: HmacSHA256 in bearer token rolling should Fail on a discarded token" time="0.001">
                      
                    </testcase><testcase classname="tsec.authentication.JWTAuthenticatorTests" name="SecuredRequests: Request Auth Partial Stateless spec: HmacSHA256 in bearer token rolling should authorize for an allowed endpoint" time="0.002">
                      
                    </testcase><testcase classname="tsec.authentication.JWTAuthenticatorTests" name="SecuredRequests: Request Auth Partial Stateless spec: HmacSHA256 in bearer token rolling should not authorize for a gated endpoint" time="0.001">
                      
                    </testcase><testcase classname="tsec.authentication.JWTAuthenticatorTests" name="SecuredRequests: Request Auth Partial Stateless spec: HmacSHA256 in bearer token rolling should use the specified response when onNotAuthorized is specified" time="0.001">
                      
                    </testcase><testcase classname="tsec.authentication.JWTAuthenticatorTests" name="SecuredRequests: Request Auth Partial Stateless spec: HmacSHA256 in bearer token rolling should catch unhandled errors into unauthorized" time="0.001">
                      
                    </testcase><testcase classname="tsec.authentication.JWTAuthenticatorTests" name="SecuredRequests: Request Auth Partial Stateless spec: HmacSHA256 in bearer token rolling should extract properly for a user aware service" time="0.001">
                      
                    </testcase><testcase classname="tsec.authentication.JWTAuthenticatorTests" name="SecuredRequests: Request Auth Partial Stateless spec: HmacSHA256 in bearer token rolling should no-op on a timed out token" time="0.001">
                      
                    </testcase><testcase classname="tsec.authentication.JWTAuthenticatorTests" name="Authenticator Partial Stateless spec: HmacSHA256 in cookie rolling should Create, embed and extract properly" time="0.004">
                      
                    </testcase><testcase classname="tsec.authentication.JWTAuthenticatorTests" name="Authenticator Partial Stateless spec: HmacSHA256 in cookie rolling should Not validate for an expired token" time="0.004">
                      
                    </testcase><testcase classname="tsec.authentication.JWTAuthenticatorTests" name="Authenticator Partial Stateless spec: HmacSHA256 in cookie rolling should renew properly" time="0.004">
                      
                    </testcase><testcase classname="tsec.authentication.JWTAuthenticatorTests" name="Authenticator Partial Stateless spec: HmacSHA256 in cookie rolling should Not validate for a token with a different key/incorrect" time="0.005">
                      
                    </testcase><testcase classname="tsec.authentication.JWTAuthenticatorTests" name="Authenticator Partial Stateless spec: HmacSHA256 in cookie rolling should discard a token properly" time="0.004">
                      
                    </testcase><testcase classname="tsec.authentication.JWTAuthenticatorTests" name="Authenticator Partial Stateless spec: HmacSHA256 in cookie rolling should no-op validate for a timed out token" time="0.004">
                      
                    </testcase><testcase classname="tsec.authentication.JWTAuthenticatorTests" name="SecuredRequests: Request Auth Partial Stateless spec: HmacSHA256 in cookie rolling should TryExtractRaw properly" time="0.0">
                      
                    </testcase><testcase classname="tsec.authentication.JWTAuthenticatorTests" name="SecuredRequests: Request Auth Partial Stateless spec: HmacSHA256 in cookie rolling should Return a proper deserialized user" time="0.002">
                      
                    </testcase><testcase classname="tsec.authentication.JWTAuthenticatorTests" name="SecuredRequests: Request Auth Partial Stateless spec: HmacSHA256 in cookie rolling should fail on an expired token" time="0.001">
                      
                    </testcase><testcase classname="tsec.authentication.JWTAuthenticatorTests" name="SecuredRequests: Request Auth Partial Stateless spec: HmacSHA256 in cookie rolling should work on a renewed token" time="0.002">
                      
                    </testcase><testcase classname="tsec.authentication.JWTAuthenticatorTests" name="SecuredRequests: Request Auth Partial Stateless spec: HmacSHA256 in cookie rolling should Reject an invalid token" time="0.0">
                      
                    </testcase><testcase classname="tsec.authentication.JWTAuthenticatorTests" name="SecuredRequests: Request Auth Partial Stateless spec: HmacSHA256 in cookie rolling should Fail on a discarded token" time="0.0">
                      
                    </testcase><testcase classname="tsec.authentication.JWTAuthenticatorTests" name="SecuredRequests: Request Auth Partial Stateless spec: HmacSHA256 in cookie rolling should authorize for an allowed endpoint" time="0.002">
                      
                    </testcase><testcase classname="tsec.authentication.JWTAuthenticatorTests" name="SecuredRequests: Request Auth Partial Stateless spec: HmacSHA256 in cookie rolling should not authorize for a gated endpoint" time="0.001">
                      
                    </testcase><testcase classname="tsec.authentication.JWTAuthenticatorTests" name="SecuredRequests: Request Auth Partial Stateless spec: HmacSHA256 in cookie rolling should use the specified response when onNotAuthorized is specified" time="0.0">
                      
                    </testcase><testcase classname="tsec.authentication.JWTAuthenticatorTests" name="SecuredRequests: Request Auth Partial Stateless spec: HmacSHA256 in cookie rolling should catch unhandled errors into unauthorized" time="0.001">
                      
                    </testcase><testcase classname="tsec.authentication.JWTAuthenticatorTests" name="SecuredRequests: Request Auth Partial Stateless spec: HmacSHA256 in cookie rolling should extract properly for a user aware service" time="0.0">
                      
                    </testcase><testcase classname="tsec.authentication.JWTAuthenticatorTests" name="SecuredRequests: Request Auth Partial Stateless spec: HmacSHA256 in cookie rolling should no-op on a timed out token" time="0.001">
                      
                    </testcase><testcase classname="tsec.authentication.JWTAuthenticatorTests" name="Authenticator Partial Stateless spec: HmacSHA256 in header rolling should Create, embed and extract properly" time="0.003">
                      
                    </testcase><testcase classname="tsec.authentication.JWTAuthenticatorTests" name="Authenticator Partial Stateless spec: HmacSHA256 in header rolling should Not validate for an expired token" time="0.003">
                      
                    </testcase><testcase classname="tsec.authentication.JWTAuthenticatorTests" name="Authenticator Partial Stateless spec: HmacSHA256 in header rolling should renew properly" time="0.004">
                      
                    </testcase><testcase classname="tsec.authentication.JWTAuthenticatorTests" name="Authenticator Partial Stateless spec: HmacSHA256 in header rolling should Not validate for a token with a different key/incorrect" time="0.004">
                      
                    </testcase><testcase classname="tsec.authentication.JWTAuthenticatorTests" name="Authenticator Partial Stateless spec: HmacSHA256 in header rolling should discard a token properly" time="0.003">
                      
                    </testcase><testcase classname="tsec.authentication.JWTAuthenticatorTests" name="Authenticator Partial Stateless spec: HmacSHA256 in header rolling should no-op validate for a timed out token" time="0.004">
                      
                    </testcase><testcase classname="tsec.authentication.JWTAuthenticatorTests" name="SecuredRequests: Request Auth Partial Stateless spec: HmacSHA256 in header rolling should TryExtractRaw properly" time="0.0">
                      
                    </testcase><testcase classname="tsec.authentication.JWTAuthenticatorTests" name="SecuredRequests: Request Auth Partial Stateless spec: HmacSHA256 in header rolling should Return a proper deserialized user" time="0.001">
                      
                    </testcase><testcase classname="tsec.authentication.JWTAuthenticatorTests" name="SecuredRequests: Request Auth Partial Stateless spec: HmacSHA256 in header rolling should fail on an expired token" time="0.0">
                      
                    </testcase><testcase classname="tsec.authentication.JWTAuthenticatorTests" name="SecuredRequests: Request Auth Partial Stateless spec: HmacSHA256 in header rolling should work on a renewed token" time="0.002">
                      
                    </testcase><testcase classname="tsec.authentication.JWTAuthenticatorTests" name="SecuredRequests: Request Auth Partial Stateless spec: HmacSHA256 in header rolling should Reject an invalid token" time="0.0">
                      
                    </testcase><testcase classname="tsec.authentication.JWTAuthenticatorTests" name="SecuredRequests: Request Auth Partial Stateless spec: HmacSHA256 in header rolling should Fail on a discarded token" time="0.0">
                      
                    </testcase><testcase classname="tsec.authentication.JWTAuthenticatorTests" name="SecuredRequests: Request Auth Partial Stateless spec: HmacSHA256 in header rolling should authorize for an allowed endpoint" time="0.001">
                      
                    </testcase><testcase classname="tsec.authentication.JWTAuthenticatorTests" name="SecuredRequests: Request Auth Partial Stateless spec: HmacSHA256 in header rolling should not authorize for a gated endpoint" time="0.001">
                      
                    </testcase><testcase classname="tsec.authentication.JWTAuthenticatorTests" name="SecuredRequests: Request Auth Partial Stateless spec: HmacSHA256 in header rolling should use the specified response when onNotAuthorized is specified" time="0.0">
                      
                    </testcase><testcase classname="tsec.authentication.JWTAuthenticatorTests" name="SecuredRequests: Request Auth Partial Stateless spec: HmacSHA256 in header rolling should catch unhandled errors into unauthorized" time="0.0">
                      
                    </testcase><testcase classname="tsec.authentication.JWTAuthenticatorTests" name="SecuredRequests: Request Auth Partial Stateless spec: HmacSHA256 in header rolling should extract properly for a user aware service" time="0.001">
                      
                    </testcase><testcase classname="tsec.authentication.JWTAuthenticatorTests" name="SecuredRequests: Request Auth Partial Stateless spec: HmacSHA256 in header rolling should no-op on a timed out token" time="0.001">
                      
                    </testcase><testcase classname="tsec.authentication.JWTAuthenticatorTests" name="Authenticator Partial Stateless spec: HmacSHA384 in bearer token no rolling should Create, embed and extract properly" time="0.003">
                      
                    </testcase><testcase classname="tsec.authentication.JWTAuthenticatorTests" name="Authenticator Partial Stateless spec: HmacSHA384 in bearer token no rolling should Not validate for an expired token" time="0.003">
                      
                    </testcase><testcase classname="tsec.authentication.JWTAuthenticatorTests" name="Authenticator Partial Stateless spec: HmacSHA384 in bearer token no rolling should renew properly" time="0.004">
                      
                    </testcase><testcase classname="tsec.authentication.JWTAuthenticatorTests" name="Authenticator Partial Stateless spec: HmacSHA384 in bearer token no rolling should Not validate for a token with a different key/incorrect" time="0.003">
                      
                    </testcase><testcase classname="tsec.authentication.JWTAuthenticatorTests" name="Authenticator Partial Stateless spec: HmacSHA384 in bearer token no rolling should discard a token properly" time="0.003">
                      
                    </testcase><testcase classname="tsec.authentication.JWTAuthenticatorTests" name="Authenticator Partial Stateless spec: HmacSHA384 in bearer token no rolling should Not validate for a token past the timeout" time="0.002">
                      
                    </testcase><testcase classname="tsec.authentication.JWTAuthenticatorTests" name="Authenticator Partial Stateless spec: HmacSHA384 in bearer token no rolling should refresh properly" time="0.004">
                      
                    </testcase><testcase classname="tsec.authentication.JWTAuthenticatorTests" name="SecuredRequests: Request Auth Partial Stateless spec: HmacSHA384 in bearer token no rolling should TryExtractRaw properly" time="0.0">
                      
                    </testcase><testcase classname="tsec.authentication.JWTAuthenticatorTests" name="SecuredRequests: Request Auth Partial Stateless spec: HmacSHA384 in bearer token no rolling should Return a proper deserialized user" time="0.002">
                      
                    </testcase><testcase classname="tsec.authentication.JWTAuthenticatorTests" name="SecuredRequests: Request Auth Partial Stateless spec: HmacSHA384 in bearer token no rolling should fail on an expired token" time="0.0">
                      
                    </testcase><testcase classname="tsec.authentication.JWTAuthenticatorTests" name="SecuredRequests: Request Auth Partial Stateless spec: HmacSHA384 in bearer token no rolling should work on a renewed token" time="0.001">
                      
                    </testcase><testcase classname="tsec.authentication.JWTAuthenticatorTests" name="SecuredRequests: Request Auth Partial Stateless spec: HmacSHA384 in bearer token no rolling should Reject an invalid token" time="0.001">
                      
                    </testcase><testcase classname="tsec.authentication.JWTAuthenticatorTests" name="SecuredRequests: Request Auth Partial Stateless spec: HmacSHA384 in bearer token no rolling should Fail on a discarded token" time="0.0">
                      
                    </testcase><testcase classname="tsec.authentication.JWTAuthenticatorTests" name="SecuredRequests: Request Auth Partial Stateless spec: HmacSHA384 in bearer token no rolling should authorize for an allowed endpoint" time="0.001">
                      
                    </testcase><testcase classname="tsec.authentication.JWTAuthenticatorTests" name="SecuredRequests: Request Auth Partial Stateless spec: HmacSHA384 in bearer token no rolling should not authorize for a gated endpoint" time="0.001">
                      
                    </testcase><testcase classname="tsec.authentication.JWTAuthenticatorTests" name="SecuredRequests: Request Auth Partial Stateless spec: HmacSHA384 in bearer token no rolling should use the specified response when onNotAuthorized is specified" time="0.001">
                      
                    </testcase><testcase classname="tsec.authentication.JWTAuthenticatorTests" name="SecuredRequests: Request Auth Partial Stateless spec: HmacSHA384 in bearer token no rolling should catch unhandled errors into unauthorized" time="0.0">
                      
                    </testcase><testcase classname="tsec.authentication.JWTAuthenticatorTests" name="SecuredRequests: Request Auth Partial Stateless spec: HmacSHA384 in bearer token no rolling should extract properly for a user aware service" time="0.0">
                      
                    </testcase><testcase classname="tsec.authentication.JWTAuthenticatorTests" name="SecuredRequests: Request Auth Partial Stateless spec: HmacSHA384 in bearer token no rolling should work on a refreshed token" time="0.001">
                      
                    </testcase><testcase classname="tsec.authentication.JWTAuthenticatorTests" name="SecuredRequests: Request Auth Partial Stateless spec: HmacSHA384 in bearer token no rolling should fail on a timed out token" time="0.001">
                      
                    </testcase><testcase classname="tsec.authentication.JWTAuthenticatorTests" name="Authenticator Partial Stateless spec: HmacSHA384 in cookie no rolling should Create, embed and extract properly" time="0.005">
                      
                    </testcase><testcase classname="tsec.authentication.JWTAuthenticatorTests" name="Authenticator Partial Stateless spec: HmacSHA384 in cookie no rolling should Not validate for an expired token" time="0.004">
                      
                    </testcase><testcase classname="tsec.authentication.JWTAuthenticatorTests" name="Authenticator Partial Stateless spec: HmacSHA384 in cookie no rolling should renew properly" time="0.009">
                      
                    </testcase><testcase classname="tsec.authentication.JWTAuthenticatorTests" name="Authenticator Partial Stateless spec: HmacSHA384 in cookie no rolling should Not validate for a token with a different key/incorrect" time="0.011">
                      
                    </testcase><testcase classname="tsec.authentication.JWTAuthenticatorTests" name="Authenticator Partial Stateless spec: HmacSHA384 in cookie no rolling should discard a token properly" time="0.005">
                      
                    </testcase><testcase classname="tsec.authentication.JWTAuthenticatorTests" name="Authenticator Partial Stateless spec: HmacSHA384 in cookie no rolling should Not validate for a token past the timeout" time="0.004">
                      
                    </testcase><testcase classname="tsec.authentication.JWTAuthenticatorTests" name="Authenticator Partial Stateless spec: HmacSHA384 in cookie no rolling should refresh properly" time="0.005">
                      
                    </testcase><testcase classname="tsec.authentication.JWTAuthenticatorTests" name="SecuredRequests: Request Auth Partial Stateless spec: HmacSHA384 in cookie no rolling should TryExtractRaw properly" time="0.001">
                      
                    </testcase><testcase classname="tsec.authentication.JWTAuthenticatorTests" name="SecuredRequests: Request Auth Partial Stateless spec: HmacSHA384 in cookie no rolling should Return a proper deserialized user" time="0.001">
                      
                    </testcase><testcase classname="tsec.authentication.JWTAuthenticatorTests" name="SecuredRequests: Request Auth Partial Stateless spec: HmacSHA384 in cookie no rolling should fail on an expired token" time="0.0">
                      
                    </testcase><testcase classname="tsec.authentication.JWTAuthenticatorTests" name="SecuredRequests: Request Auth Partial Stateless spec: HmacSHA384 in cookie no rolling should work on a renewed token" time="0.002">
                      
                    </testcase><testcase classname="tsec.authentication.JWTAuthenticatorTests" name="SecuredRequests: Request Auth Partial Stateless spec: HmacSHA384 in cookie no rolling should Reject an invalid token" time="0.001">
                      
                    </testcase><testcase classname="tsec.authentication.JWTAuthenticatorTests" name="SecuredRequests: Request Auth Partial Stateless spec: HmacSHA384 in cookie no rolling should Fail on a discarded token" time="0.001">
                      
                    </testcase><testcase classname="tsec.authentication.JWTAuthenticatorTests" name="SecuredRequests: Request Auth Partial Stateless spec: HmacSHA384 in cookie no rolling should authorize for an allowed endpoint" time="0.005">
                      
                    </testcase><testcase classname="tsec.authentication.JWTAuthenticatorTests" name="SecuredRequests: Request Auth Partial Stateless spec: HmacSHA384 in cookie no rolling should not authorize for a gated endpoint" time="0.001">
                      
                    </testcase><testcase classname="tsec.authentication.JWTAuthenticatorTests" name="SecuredRequests: Request Auth Partial Stateless spec: HmacSHA384 in cookie no rolling should use the specified response when onNotAuthorized is specified" time="0.001">
                      
                    </testcase><testcase classname="tsec.authentication.JWTAuthenticatorTests" name="SecuredRequests: Request Auth Partial Stateless spec: HmacSHA384 in cookie no rolling should catch unhandled errors into unauthorized" time="0.001">
                      
                    </testcase><testcase classname="tsec.authentication.JWTAuthenticatorTests" name="SecuredRequests: Request Auth Partial Stateless spec: HmacSHA384 in cookie no rolling should extract properly for a user aware service" time="0.001">
                      
                    </testcase><testcase classname="tsec.authentication.JWTAuthenticatorTests" name="SecuredRequests: Request Auth Partial Stateless spec: HmacSHA384 in cookie no rolling should work on a refreshed token" time="0.002">
                      
                    </testcase><testcase classname="tsec.authentication.JWTAuthenticatorTests" name="SecuredRequests: Request Auth Partial Stateless spec: HmacSHA384 in cookie no rolling should fail on a timed out token" time="0.001">
                      
                    </testcase><testcase classname="tsec.authentication.JWTAuthenticatorTests" name="Authenticator Partial Stateless spec: HmacSHA384 in header no rolling should Create, embed and extract properly" time="0.004">
                      
                    </testcase><testcase classname="tsec.authentication.JWTAuthenticatorTests" name="Authenticator Partial Stateless spec: HmacSHA384 in header no rolling should Not validate for an expired token" time="0.003">
                      
                    </testcase><testcase classname="tsec.authentication.JWTAuthenticatorTests" name="Authenticator Partial Stateless spec: HmacSHA384 in header no rolling should renew properly" time="0.007">
                      
                    </testcase><testcase classname="tsec.authentication.JWTAuthenticatorTests" name="Authenticator Partial Stateless spec: HmacSHA384 in header no rolling should Not validate for a token with a different key/incorrect" time="0.018">
                      
                    </testcase><testcase classname="tsec.authentication.JWTAuthenticatorTests" name="Authenticator Partial Stateless spec: HmacSHA384 in header no rolling should discard a token properly" time="0.015">
                      
                    </testcase><testcase classname="tsec.authentication.JWTAuthenticatorTests" name="Authenticator Partial Stateless spec: HmacSHA384 in header no rolling should Not validate for a token past the timeout" time="0.005">
                      
                    </testcase><testcase classname="tsec.authentication.JWTAuthenticatorTests" name="Authenticator Partial Stateless spec: HmacSHA384 in header no rolling should refresh properly" time="0.012">
                      
                    </testcase><testcase classname="tsec.authentication.JWTAuthenticatorTests" name="SecuredRequests: Request Auth Partial Stateless spec: HmacSHA384 in header no rolling should TryExtractRaw properly" time="0.001">
                      
                    </testcase><testcase classname="tsec.authentication.JWTAuthenticatorTests" name="SecuredRequests: Request Auth Partial Stateless spec: HmacSHA384 in header no rolling should Return a proper deserialized user" time="0.002">
                      
                    </testcase><testcase classname="tsec.authentication.JWTAuthenticatorTests" name="SecuredRequests: Request Auth Partial Stateless spec: HmacSHA384 in header no rolling should fail on an expired token" time="0.001">
                      
                    </testcase><testcase classname="tsec.authentication.JWTAuthenticatorTests" name="SecuredRequests: Request Auth Partial Stateless spec: HmacSHA384 in header no rolling should work on a renewed token" time="0.002">
                      
                    </testcase><testcase classname="tsec.authentication.JWTAuthenticatorTests" name="SecuredRequests: Request Auth Partial Stateless spec: HmacSHA384 in header no rolling should Reject an invalid token" time="0.001">
                      
                    </testcase><testcase classname="tsec.authentication.JWTAuthenticatorTests" name="SecuredRequests: Request Auth Partial Stateless spec: HmacSHA384 in header no rolling should Fail on a discarded token" time="0.001">
                      
                    </testcase><testcase classname="tsec.authentication.JWTAuthenticatorTests" name="SecuredRequests: Request Auth Partial Stateless spec: HmacSHA384 in header no rolling should authorize for an allowed endpoint" time="0.003">
                      
                    </testcase><testcase classname="tsec.authentication.JWTAuthenticatorTests" name="SecuredRequests: Request Auth Partial Stateless spec: HmacSHA384 in header no rolling should not authorize for a gated endpoint" time="0.001">
                      
                    </testcase><testcase classname="tsec.authentication.JWTAuthenticatorTests" name="SecuredRequests: Request Auth Partial Stateless spec: HmacSHA384 in header no rolling should use the specified response when onNotAuthorized is specified" time="0.0">
                      
                    </testcase><testcase classname="tsec.authentication.JWTAuthenticatorTests" name="SecuredRequests: Request Auth Partial Stateless spec: HmacSHA384 in header no rolling should catch unhandled errors into unauthorized" time="0.002">
                      
                    </testcase><testcase classname="tsec.authentication.JWTAuthenticatorTests" name="SecuredRequests: Request Auth Partial Stateless spec: HmacSHA384 in header no rolling should extract properly for a user aware service" time="0.001">
                      
                    </testcase><testcase classname="tsec.authentication.JWTAuthenticatorTests" name="SecuredRequests: Request Auth Partial Stateless spec: HmacSHA384 in header no rolling should work on a refreshed token" time="0.001">
                      
                    </testcase><testcase classname="tsec.authentication.JWTAuthenticatorTests" name="SecuredRequests: Request Auth Partial Stateless spec: HmacSHA384 in header no rolling should fail on a timed out token" time="0.002">
                      
                    </testcase><testcase classname="tsec.authentication.JWTAuthenticatorTests" name="Authenticator Partial Stateless spec: HmacSHA384 in bearer token rolling should Create, embed and extract properly" time="0.004">
                      
                    </testcase><testcase classname="tsec.authentication.JWTAuthenticatorTests" name="Authenticator Partial Stateless spec: HmacSHA384 in bearer token rolling should Not validate for an expired token" time="0.006">
                      
                    </testcase><testcase classname="tsec.authentication.JWTAuthenticatorTests" name="Authenticator Partial Stateless spec: HmacSHA384 in bearer token rolling should renew properly" time="0.005">
                      
                    </testcase><testcase classname="tsec.authentication.JWTAuthenticatorTests" name="Authenticator Partial Stateless spec: HmacSHA384 in bearer token rolling should Not validate for a token with a different key/incorrect" time="0.004">
                      
                    </testcase><testcase classname="tsec.authentication.JWTAuthenticatorTests" name="Authenticator Partial Stateless spec: HmacSHA384 in bearer token rolling should discard a token properly" time="0.003">
                      
                    </testcase><testcase classname="tsec.authentication.JWTAuthenticatorTests" name="Authenticator Partial Stateless spec: HmacSHA384 in bearer token rolling should no-op validate for a timed out token" time="0.004">
                      
                    </testcase><testcase classname="tsec.authentication.JWTAuthenticatorTests" name="SecuredRequests: Request Auth Partial Stateless spec: HmacSHA384 in bearer token rolling should TryExtractRaw properly" time="0.001">
                      
                    </testcase><testcase classname="tsec.authentication.JWTAuthenticatorTests" name="SecuredRequests: Request Auth Partial Stateless spec: HmacSHA384 in bearer token rolling should Return a proper deserialized user" time="0.001">
                      
                    </testcase><testcase classname="tsec.authentication.JWTAuthenticatorTests" name="SecuredRequests: Request Auth Partial Stateless spec: HmacSHA384 in bearer token rolling should fail on an expired token" time="0.0">
                      
                    </testcase><testcase classname="tsec.authentication.JWTAuthenticatorTests" name="SecuredRequests: Request Auth Partial Stateless spec: HmacSHA384 in bearer token rolling should work on a renewed token" time="0.003">
                      
                    </testcase><testcase classname="tsec.authentication.JWTAuthenticatorTests" name="SecuredRequests: Request Auth Partial Stateless spec: HmacSHA384 in bearer token rolling should Reject an invalid token" time="0.001">
                      
                    </testcase><testcase classname="tsec.authentication.JWTAuthenticatorTests" name="SecuredRequests: Request Auth Partial Stateless spec: HmacSHA384 in bearer token rolling should Fail on a discarded token" time="0.001">
                      
                    </testcase><testcase classname="tsec.authentication.JWTAuthenticatorTests" name="SecuredRequests: Request Auth Partial Stateless spec: HmacSHA384 in bearer token rolling should authorize for an allowed endpoint" time="0.002">
                      
                    </testcase><testcase classname="tsec.authentication.JWTAuthenticatorTests" name="SecuredRequests: Request Auth Partial Stateless spec: HmacSHA384 in bearer token rolling should not authorize for a gated endpoint" time="0.001">
                      
                    </testcase><testcase classname="tsec.authentication.JWTAuthenticatorTests" name="SecuredRequests: Request Auth Partial Stateless spec: HmacSHA384 in bearer token rolling should use the specified response when onNotAuthorized is specified" time="0.001">
                      
                    </testcase><testcase classname="tsec.authentication.JWTAuthenticatorTests" name="SecuredRequests: Request Auth Partial Stateless spec: HmacSHA384 in bearer token rolling should catch unhandled errors into unauthorized" time="0.001">
                      
                    </testcase><testcase classname="tsec.authentication.JWTAuthenticatorTests" name="SecuredRequests: Request Auth Partial Stateless spec: HmacSHA384 in bearer token rolling should extract properly for a user aware service" time="0.001">
                      
                    </testcase><testcase classname="tsec.authentication.JWTAuthenticatorTests" name="SecuredRequests: Request Auth Partial Stateless spec: HmacSHA384 in bearer token rolling should no-op on a timed out token" time="0.001">
                      
                    </testcase><testcase classname="tsec.authentication.JWTAuthenticatorTests" name="Authenticator Partial Stateless spec: HmacSHA384 in cookie rolling should Create, embed and extract properly" time="0.003">
                      
                    </testcase><testcase classname="tsec.authentication.JWTAuthenticatorTests" name="Authenticator Partial Stateless spec: HmacSHA384 in cookie rolling should Not validate for an expired token" time="0.004">
                      
                    </testcase><testcase classname="tsec.authentication.JWTAuthenticatorTests" name="Authenticator Partial Stateless spec: HmacSHA384 in cookie rolling should renew properly" time="0.008">
                      
                    </testcase><testcase classname="tsec.authentication.JWTAuthenticatorTests" name="Authenticator Partial Stateless spec: HmacSHA384 in cookie rolling should Not validate for a token with a different key/incorrect" time="0.004">
                      
                    </testcase><testcase classname="tsec.authentication.JWTAuthenticatorTests" name="Authenticator Partial Stateless spec: HmacSHA384 in cookie rolling should discard a token properly" time="0.004">
                      
                    </testcase><testcase classname="tsec.authentication.JWTAuthenticatorTests" name="Authenticator Partial Stateless spec: HmacSHA384 in cookie rolling should no-op validate for a timed out token" time="0.004">
                      
                    </testcase><testcase classname="tsec.authentication.JWTAuthenticatorTests" name="SecuredRequests: Request Auth Partial Stateless spec: HmacSHA384 in cookie rolling should TryExtractRaw properly" time="0.0">
                      
                    </testcase><testcase classname="tsec.authentication.JWTAuthenticatorTests" name="SecuredRequests: Request Auth Partial Stateless spec: HmacSHA384 in cookie rolling should Return a proper deserialized user" time="0.002">
                      
                    </testcase><testcase classname="tsec.authentication.JWTAuthenticatorTests" name="SecuredRequests: Request Auth Partial Stateless spec: HmacSHA384 in cookie rolling should fail on an expired token" time="0.001">
                      
                    </testcase><testcase classname="tsec.authentication.JWTAuthenticatorTests" name="SecuredRequests: Request Auth Partial Stateless spec: HmacSHA384 in cookie rolling should work on a renewed token" time="0.002">
                      
                    </testcase><testcase classname="tsec.authentication.JWTAuthenticatorTests" name="SecuredRequests: Request Auth Partial Stateless spec: HmacSHA384 in cookie rolling should Reject an invalid token" time="0.0">
                      
                    </testcase><testcase classname="tsec.authentication.JWTAuthenticatorTests" name="SecuredRequests: Request Auth Partial Stateless spec: HmacSHA384 in cookie rolling should Fail on a discarded token" time="0.001">
                      
                    </testcase><testcase classname="tsec.authentication.JWTAuthenticatorTests" name="SecuredRequests: Request Auth Partial Stateless spec: HmacSHA384 in cookie rolling should authorize for an allowed endpoint" time="0.002">
                      
                    </testcase><testcase classname="tsec.authentication.JWTAuthenticatorTests" name="SecuredRequests: Request Auth Partial Stateless spec: HmacSHA384 in cookie rolling should not authorize for a gated endpoint" time="0.001">
                      
                    </testcase><testcase classname="tsec.authentication.JWTAuthenticatorTests" name="SecuredRequests: Request Auth Partial Stateless spec: HmacSHA384 in cookie rolling should use the specified response when onNotAuthorized is specified" time="0.001">
                      
                    </testcase><testcase classname="tsec.authentication.JWTAuthenticatorTests" name="SecuredRequests: Request Auth Partial Stateless spec: HmacSHA384 in cookie rolling should catch unhandled errors into unauthorized" time="0.001">
                      
                    </testcase><testcase classname="tsec.authentication.JWTAuthenticatorTests" name="SecuredRequests: Request Auth Partial Stateless spec: HmacSHA384 in cookie rolling should extract properly for a user aware service" time="0.001">
                      
                    </testcase><testcase classname="tsec.authentication.JWTAuthenticatorTests" name="SecuredRequests: Request Auth Partial Stateless spec: HmacSHA384 in cookie rolling should no-op on a timed out token" time="0.0">
                      
                    </testcase><testcase classname="tsec.authentication.JWTAuthenticatorTests" name="Authenticator Partial Stateless spec: HmacSHA384 in header rolling should Create, embed and extract properly" time="0.004">
                      
                    </testcase><testcase classname="tsec.authentication.JWTAuthenticatorTests" name="Authenticator Partial Stateless spec: HmacSHA384 in header rolling should Not validate for an expired token" time="0.004">
                      
                    </testcase><testcase classname="tsec.authentication.JWTAuthenticatorTests" name="Authenticator Partial Stateless spec: HmacSHA384 in header rolling should renew properly" time="0.008">
                      
                    </testcase><testcase classname="tsec.authentication.JWTAuthenticatorTests" name="Authenticator Partial Stateless spec: HmacSHA384 in header rolling should Not validate for a token with a different key/incorrect" time="0.006">
                      
                    </testcase><testcase classname="tsec.authentication.JWTAuthenticatorTests" name="Authenticator Partial Stateless spec: HmacSHA384 in header rolling should discard a token properly" time="0.008">
                      
                    </testcase><testcase classname="tsec.authentication.JWTAuthenticatorTests" name="Authenticator Partial Stateless spec: HmacSHA384 in header rolling should no-op validate for a timed out token" time="0.006">
                      
                    </testcase><testcase classname="tsec.authentication.JWTAuthenticatorTests" name="SecuredRequests: Request Auth Partial Stateless spec: HmacSHA384 in header rolling should TryExtractRaw properly" time="0.0">
                      
                    </testcase><testcase classname="tsec.authentication.JWTAuthenticatorTests" name="SecuredRequests: Request Auth Partial Stateless spec: HmacSHA384 in header rolling should Return a proper deserialized user" time="0.002">
                      
                    </testcase><testcase classname="tsec.authentication.JWTAuthenticatorTests" name="SecuredRequests: Request Auth Partial Stateless spec: HmacSHA384 in header rolling should fail on an expired token" time="0.0">
                      
                    </testcase><testcase classname="tsec.authentication.JWTAuthenticatorTests" name="SecuredRequests: Request Auth Partial Stateless spec: HmacSHA384 in header rolling should work on a renewed token" time="0.001">
                      
                    </testcase><testcase classname="tsec.authentication.JWTAuthenticatorTests" name="SecuredRequests: Request Auth Partial Stateless spec: HmacSHA384 in header rolling should Reject an invalid token" time="0.002">
                      
                    </testcase><testcase classname="tsec.authentication.JWTAuthenticatorTests" name="SecuredRequests: Request Auth Partial Stateless spec: HmacSHA384 in header rolling should Fail on a discarded token" time="0.001">
                      
                    </testcase><testcase classname="tsec.authentication.JWTAuthenticatorTests" name="SecuredRequests: Request Auth Partial Stateless spec: HmacSHA384 in header rolling should authorize for an allowed endpoint" time="0.001">
                      
                    </testcase><testcase classname="tsec.authentication.JWTAuthenticatorTests" name="SecuredRequests: Request Auth Partial Stateless spec: HmacSHA384 in header rolling should not authorize for a gated endpoint" time="0.001">
                      
                    </testcase><testcase classname="tsec.authentication.JWTAuthenticatorTests" name="SecuredRequests: Request Auth Partial Stateless spec: HmacSHA384 in header rolling should use the specified response when onNotAuthorized is specified" time="0.0">
                      
                    </testcase><testcase classname="tsec.authentication.JWTAuthenticatorTests" name="SecuredRequests: Request Auth Partial Stateless spec: HmacSHA384 in header rolling should catch unhandled errors into unauthorized" time="0.0">
                      
                    </testcase><testcase classname="tsec.authentication.JWTAuthenticatorTests" name="SecuredRequests: Request Auth Partial Stateless spec: HmacSHA384 in header rolling should extract properly for a user aware service" time="0.001">
                      
                    </testcase><testcase classname="tsec.authentication.JWTAuthenticatorTests" name="SecuredRequests: Request Auth Partial Stateless spec: HmacSHA384 in header rolling should no-op on a timed out token" time="0.001">
                      
                    </testcase><testcase classname="tsec.authentication.JWTAuthenticatorTests" name="Authenticator Partial Stateless spec: HmacSHA512 in bearer token no rolling should Create, embed and extract properly" time="0.005">
                      
                    </testcase><testcase classname="tsec.authentication.JWTAuthenticatorTests" name="Authenticator Partial Stateless spec: HmacSHA512 in bearer token no rolling should Not validate for an expired token" time="0.003">
                      
                    </testcase><testcase classname="tsec.authentication.JWTAuthenticatorTests" name="Authenticator Partial Stateless spec: HmacSHA512 in bearer token no rolling should renew properly" time="0.015">
                      
                    </testcase><testcase classname="tsec.authentication.JWTAuthenticatorTests" name="Authenticator Partial Stateless spec: HmacSHA512 in bearer token no rolling should Not validate for a token with a different key/incorrect" time="0.004">
                      
                    </testcase><testcase classname="tsec.authentication.JWTAuthenticatorTests" name="Authenticator Partial Stateless spec: HmacSHA512 in bearer token no rolling should discard a token properly" time="0.003">
                      
                    </testcase><testcase classname="tsec.authentication.JWTAuthenticatorTests" name="Authenticator Partial Stateless spec: HmacSHA512 in bearer token no rolling should Not validate for a token past the timeout" time="0.005">
                      
                    </testcase><testcase classname="tsec.authentication.JWTAuthenticatorTests" name="Authenticator Partial Stateless spec: HmacSHA512 in bearer token no rolling should refresh properly" time="0.004">
                      
                    </testcase><testcase classname="tsec.authentication.JWTAuthenticatorTests" name="SecuredRequests: Request Auth Partial Stateless spec: HmacSHA512 in bearer token no rolling should TryExtractRaw properly" time="0.001">
                      
                    </testcase><testcase classname="tsec.authentication.JWTAuthenticatorTests" name="SecuredRequests: Request Auth Partial Stateless spec: HmacSHA512 in bearer token no rolling should Return a proper deserialized user" time="0.001">
                      
                    </testcase><testcase classname="tsec.authentication.JWTAuthenticatorTests" name="SecuredRequests: Request Auth Partial Stateless spec: HmacSHA512 in bearer token no rolling should fail on an expired token" time="0.0">
                      
                    </testcase><testcase classname="tsec.authentication.JWTAuthenticatorTests" name="SecuredRequests: Request Auth Partial Stateless spec: HmacSHA512 in bearer token no rolling should work on a renewed token" time="0.002">
                      
                    </testcase><testcase classname="tsec.authentication.JWTAuthenticatorTests" name="SecuredRequests: Request Auth Partial Stateless spec: HmacSHA512 in bearer token no rolling should Reject an invalid token" time="0.0">
                      
                    </testcase><testcase classname="tsec.authentication.JWTAuthenticatorTests" name="SecuredRequests: Request Auth Partial Stateless spec: HmacSHA512 in bearer token no rolling should Fail on a discarded token" time="0.0">
                      
                    </testcase><testcase classname="tsec.authentication.JWTAuthenticatorTests" name="SecuredRequests: Request Auth Partial Stateless spec: HmacSHA512 in bearer token no rolling should authorize for an allowed endpoint" time="0.002">
                      
                    </testcase><testcase classname="tsec.authentication.JWTAuthenticatorTests" name="SecuredRequests: Request Auth Partial Stateless spec: HmacSHA512 in bearer token no rolling should not authorize for a gated endpoint" time="0.0">
                      
                    </testcase><testcase classname="tsec.authentication.JWTAuthenticatorTests" name="SecuredRequests: Request Auth Partial Stateless spec: HmacSHA512 in bearer token no rolling should use the specified response when onNotAuthorized is specified" time="0.001">
                      
                    </testcase><testcase classname="tsec.authentication.JWTAuthenticatorTests" name="SecuredRequests: Request Auth Partial Stateless spec: HmacSHA512 in bearer token no rolling should catch unhandled errors into unauthorized" time="0.0">
                      
                    </testcase><testcase classname="tsec.authentication.JWTAuthenticatorTests" name="SecuredRequests: Request Auth Partial Stateless spec: HmacSHA512 in bearer token no rolling should extract properly for a user aware service" time="0.0">
                      
                    </testcase><testcase classname="tsec.authentication.JWTAuthenticatorTests" name="SecuredRequests: Request Auth Partial Stateless spec: HmacSHA512 in bearer token no rolling should work on a refreshed token" time="0.002">
                      
                    </testcase><testcase classname="tsec.authentication.JWTAuthenticatorTests" name="SecuredRequests: Request Auth Partial Stateless spec: HmacSHA512 in bearer token no rolling should fail on a timed out token" time="0.0">
                      
                    </testcase><testcase classname="tsec.authentication.JWTAuthenticatorTests" name="Authenticator Partial Stateless spec: HmacSHA512 in cookie no rolling should Create, embed and extract properly" time="0.004">
                      
                    </testcase><testcase classname="tsec.authentication.JWTAuthenticatorTests" name="Authenticator Partial Stateless spec: HmacSHA512 in cookie no rolling should Not validate for an expired token" time="0.004">
                      
                    </testcase><testcase classname="tsec.authentication.JWTAuthenticatorTests" name="Authenticator Partial Stateless spec: HmacSHA512 in cookie no rolling should renew properly" time="0.006">
                      
                    </testcase><testcase classname="tsec.authentication.JWTAuthenticatorTests" name="Authenticator Partial Stateless spec: HmacSHA512 in cookie no rolling should Not validate for a token with a different key/incorrect" time="0.006">
                      
                    </testcase><testcase classname="tsec.authentication.JWTAuthenticatorTests" name="Authenticator Partial Stateless spec: HmacSHA512 in cookie no rolling should discard a token properly" time="0.004">
                      
                    </testcase><testcase classname="tsec.authentication.JWTAuthenticatorTests" name="Authenticator Partial Stateless spec: HmacSHA512 in cookie no rolling should Not validate for a token past the timeout" time="0.006">
                      
                    </testcase><testcase classname="tsec.authentication.JWTAuthenticatorTests" name="Authenticator Partial Stateless spec: HmacSHA512 in cookie no rolling should refresh properly" time="0.005">
                      
                    </testcase><testcase classname="tsec.authentication.JWTAuthenticatorTests" name="SecuredRequests: Request Auth Partial Stateless spec: HmacSHA512 in cookie no rolling should TryExtractRaw properly" time="0.001">
                      
                    </testcase><testcase classname="tsec.authentication.JWTAuthenticatorTests" name="SecuredRequests: Request Auth Partial Stateless spec: HmacSHA512 in cookie no rolling should Return a proper deserialized user" time="0.001">
                      
                    </testcase><testcase classname="tsec.authentication.JWTAuthenticatorTests" name="SecuredRequests: Request Auth Partial Stateless spec: HmacSHA512 in cookie no rolling should fail on an expired token" time="0.0">
                      
                    </testcase><testcase classname="tsec.authentication.JWTAuthenticatorTests" name="SecuredRequests: Request Auth Partial Stateless spec: HmacSHA512 in cookie no rolling should work on a renewed token" time="0.001">
                      
                    </testcase><testcase classname="tsec.authentication.JWTAuthenticatorTests" name="SecuredRequests: Request Auth Partial Stateless spec: HmacSHA512 in cookie no rolling should Reject an invalid token" time="0.001">
                      
                    </testcase><testcase classname="tsec.authentication.JWTAuthenticatorTests" name="SecuredRequests: Request Auth Partial Stateless spec: HmacSHA512 in cookie no rolling should Fail on a discarded token" time="0.001">
                      
                    </testcase><testcase classname="tsec.authentication.JWTAuthenticatorTests" name="SecuredRequests: Request Auth Partial Stateless spec: HmacSHA512 in cookie no rolling should authorize for an allowed endpoint" time="0.002">
                      
                    </testcase><testcase classname="tsec.authentication.JWTAuthenticatorTests" name="SecuredRequests: Request Auth Partial Stateless spec: HmacSHA512 in cookie no rolling should not authorize for a gated endpoint" time="0.001">
                      
                    </testcase><testcase classname="tsec.authentication.JWTAuthenticatorTests" name="SecuredRequests: Request Auth Partial Stateless spec: HmacSHA512 in cookie no rolling should use the specified response when onNotAuthorized is specified" time="0.0">
                      
                    </testcase><testcase classname="tsec.authentication.JWTAuthenticatorTests" name="SecuredRequests: Request Auth Partial Stateless spec: HmacSHA512 in cookie no rolling should catch unhandled errors into unauthorized" time="0.001">
                      
                    </testcase><testcase classname="tsec.authentication.JWTAuthenticatorTests" name="SecuredRequests: Request Auth Partial Stateless spec: HmacSHA512 in cookie no rolling should extract properly for a user aware service" time="0.001">
                      
                    </testcase><testcase classname="tsec.authentication.JWTAuthenticatorTests" name="SecuredRequests: Request Auth Partial Stateless spec: HmacSHA512 in cookie no rolling should work on a refreshed token" time="0.003">
                      
                    </testcase><testcase classname="tsec.authentication.JWTAuthenticatorTests" name="SecuredRequests: Request Auth Partial Stateless spec: HmacSHA512 in cookie no rolling should fail on a timed out token" time="0.001">
                      
                    </testcase><testcase classname="tsec.authentication.JWTAuthenticatorTests" name="Authenticator Partial Stateless spec: HmacSHA512 in header no rolling should Create, embed and extract properly" time="0.003">
                      
                    </testcase><testcase classname="tsec.authentication.JWTAuthenticatorTests" name="Authenticator Partial Stateless spec: HmacSHA512 in header no rolling should Not validate for an expired token" time="0.003">
                      
                    </testcase><testcase classname="tsec.authentication.JWTAuthenticatorTests" name="Authenticator Partial Stateless spec: HmacSHA512 in header no rolling should renew properly" time="0.004">
                      
                    </testcase><testcase classname="tsec.authentication.JWTAuthenticatorTests" name="Authenticator Partial Stateless spec: HmacSHA512 in header no rolling should Not validate for a token with a different key/incorrect" time="0.004">
                      
                    </testcase><testcase classname="tsec.authentication.JWTAuthenticatorTests" name="Authenticator Partial Stateless spec: HmacSHA512 in header no rolling should discard a token properly" time="0.003">
                      
                    </testcase><testcase classname="tsec.authentication.JWTAuthenticatorTests" name="Authenticator Partial Stateless spec: HmacSHA512 in header no rolling should Not validate for a token past the timeout" time="0.006">
                      
                    </testcase><testcase classname="tsec.authentication.JWTAuthenticatorTests" name="Authenticator Partial Stateless spec: HmacSHA512 in header no rolling should refresh properly" time="0.005">
                      
                    </testcase><testcase classname="tsec.authentication.JWTAuthenticatorTests" name="SecuredRequests: Request Auth Partial Stateless spec: HmacSHA512 in header no rolling should TryExtractRaw properly" time="0.0">
                      
                    </testcase><testcase classname="tsec.authentication.JWTAuthenticatorTests" name="SecuredRequests: Request Auth Partial Stateless spec: HmacSHA512 in header no rolling should Return a proper deserialized user" time="0.001">
                      
                    </testcase><testcase classname="tsec.authentication.JWTAuthenticatorTests" name="SecuredRequests: Request Auth Partial Stateless spec: HmacSHA512 in header no rolling should fail on an expired token" time="0.0">
                      
                    </testcase><testcase classname="tsec.authentication.JWTAuthenticatorTests" name="SecuredRequests: Request Auth Partial Stateless spec: HmacSHA512 in header no rolling should work on a renewed token" time="0.002">
                      
                    </testcase><testcase classname="tsec.authentication.JWTAuthenticatorTests" name="SecuredRequests: Request Auth Partial Stateless spec: HmacSHA512 in header no rolling should Reject an invalid token" time="0.001">
                      
                    </testcase><testcase classname="tsec.authentication.JWTAuthenticatorTests" name="SecuredRequests: Request Auth Partial Stateless spec: HmacSHA512 in header no rolling should Fail on a discarded token" time="0.0">
                      
                    </testcase><testcase classname="tsec.authentication.JWTAuthenticatorTests" name="SecuredRequests: Request Auth Partial Stateless spec: HmacSHA512 in header no rolling should authorize for an allowed endpoint" time="0.002">
                      
                    </testcase><testcase classname="tsec.authentication.JWTAuthenticatorTests" name="SecuredRequests: Request Auth Partial Stateless spec: HmacSHA512 in header no rolling should not authorize for a gated endpoint" time="0.001">
                      
                    </testcase><testcase classname="tsec.authentication.JWTAuthenticatorTests" name="SecuredRequests: Request Auth Partial Stateless spec: HmacSHA512 in header no rolling should use the specified response when onNotAuthorized is specified" time="0.001">
                      
                    </testcase><testcase classname="tsec.authentication.JWTAuthenticatorTests" name="SecuredRequests: Request Auth Partial Stateless spec: HmacSHA512 in header no rolling should catch unhandled errors into unauthorized" time="0.001">
                      
                    </testcase><testcase classname="tsec.authentication.JWTAuthenticatorTests" name="SecuredRequests: Request Auth Partial Stateless spec: HmacSHA512 in header no rolling should extract properly for a user aware service" time="0.003">
                      
                    </testcase><testcase classname="tsec.authentication.JWTAuthenticatorTests" name="SecuredRequests: Request Auth Partial Stateless spec: HmacSHA512 in header no rolling should work on a refreshed token" time="0.003">
                      
                    </testcase><testcase classname="tsec.authentication.JWTAuthenticatorTests" name="SecuredRequests: Request Auth Partial Stateless spec: HmacSHA512 in header no rolling should fail on a timed out token" time="0.001">
                      
                    </testcase><testcase classname="tsec.authentication.JWTAuthenticatorTests" name="Authenticator Partial Stateless spec: HmacSHA512 in bearer token rolling should Create, embed and extract properly" time="0.004">
                      
                    </testcase><testcase classname="tsec.authentication.JWTAuthenticatorTests" name="Authenticator Partial Stateless spec: HmacSHA512 in bearer token rolling should Not validate for an expired token" time="0.005">
                      
                    </testcase><testcase classname="tsec.authentication.JWTAuthenticatorTests" name="Authenticator Partial Stateless spec: HmacSHA512 in bearer token rolling should renew properly" time="0.004">
                      
                    </testcase><testcase classname="tsec.authentication.JWTAuthenticatorTests" name="Authenticator Partial Stateless spec: HmacSHA512 in bearer token rolling should Not validate for a token with a different key/incorrect" time="0.004">
                      
                    </testcase><testcase classname="tsec.authentication.JWTAuthenticatorTests" name="Authenticator Partial Stateless spec: HmacSHA512 in bearer token rolling should discard a token properly" time="0.004">
                      
                    </testcase><testcase classname="tsec.authentication.JWTAuthenticatorTests" name="Authenticator Partial Stateless spec: HmacSHA512 in bearer token rolling should no-op validate for a timed out token" time="0.004">
                      
                    </testcase><testcase classname="tsec.authentication.JWTAuthenticatorTests" name="SecuredRequests: Request Auth Partial Stateless spec: HmacSHA512 in bearer token rolling should TryExtractRaw properly" time="0.0">
                      
                    </testcase><testcase classname="tsec.authentication.JWTAuthenticatorTests" name="SecuredRequests: Request Auth Partial Stateless spec: HmacSHA512 in bearer token rolling should Return a proper deserialized user" time="0.001">
                      
                    </testcase><testcase classname="tsec.authentication.JWTAuthenticatorTests" name="SecuredRequests: Request Auth Partial Stateless spec: HmacSHA512 in bearer token rolling should fail on an expired token" time="0.001">
                      
                    </testcase><testcase classname="tsec.authentication.JWTAuthenticatorTests" name="SecuredRequests: Request Auth Partial Stateless spec: HmacSHA512 in bearer token rolling should work on a renewed token" time="0.001">
                      
                    </testcase><testcase classname="tsec.authentication.JWTAuthenticatorTests" name="SecuredRequests: Request Auth Partial Stateless spec: HmacSHA512 in bearer token rolling should Reject an invalid token" time="0.0">
                      
                    </testcase><testcase classname="tsec.authentication.JWTAuthenticatorTests" name="SecuredRequests: Request Auth Partial Stateless spec: HmacSHA512 in bearer token rolling should Fail on a discarded token" time="0.001">
                      
                    </testcase><testcase classname="tsec.authentication.JWTAuthenticatorTests" name="SecuredRequests: Request Auth Partial Stateless spec: HmacSHA512 in bearer token rolling should authorize for an allowed endpoint" time="0.002">
                      
                    </testcase><testcase classname="tsec.authentication.JWTAuthenticatorTests" name="SecuredRequests: Request Auth Partial Stateless spec: HmacSHA512 in bearer token rolling should not authorize for a gated endpoint" time="0.001">
                      
                    </testcase><testcase classname="tsec.authentication.JWTAuthenticatorTests" name="SecuredRequests: Request Auth Partial Stateless spec: HmacSHA512 in bearer token rolling should use the specified response when onNotAuthorized is specified" time="0.0">
                      
                    </testcase><testcase classname="tsec.authentication.JWTAuthenticatorTests" name="SecuredRequests: Request Auth Partial Stateless spec: HmacSHA512 in bearer token rolling should catch unhandled errors into unauthorized" time="0.001">
                      
                    </testcase><testcase classname="tsec.authentication.JWTAuthenticatorTests" name="SecuredRequests: Request Auth Partial Stateless spec: HmacSHA512 in bearer token rolling should extract properly for a user aware service" time="0.001">
                      
                    </testcase><testcase classname="tsec.authentication.JWTAuthenticatorTests" name="SecuredRequests: Request Auth Partial Stateless spec: HmacSHA512 in bearer token rolling should no-op on a timed out token" time="0.0">
                      
                    </testcase><testcase classname="tsec.authentication.JWTAuthenticatorTests" name="Authenticator Partial Stateless spec: HmacSHA512 in cookie rolling should Create, embed and extract properly" time="0.003">
                      
                    </testcase><testcase classname="tsec.authentication.JWTAuthenticatorTests" name="Authenticator Partial Stateless spec: HmacSHA512 in cookie rolling should Not validate for an expired token" time="0.003">
                      
                    </testcase><testcase classname="tsec.authentication.JWTAuthenticatorTests" name="Authenticator Partial Stateless spec: HmacSHA512 in cookie rolling should renew properly" time="0.004">
                      
                    </testcase><testcase classname="tsec.authentication.JWTAuthenticatorTests" name="Authenticator Partial Stateless spec: HmacSHA512 in cookie rolling should Not validate for a token with a different key/incorrect" time="0.003">
                      
                    </testcase><testcase classname="tsec.authentication.JWTAuthenticatorTests" name="Authenticator Partial Stateless spec: HmacSHA512 in cookie rolling should discard a token properly" time="0.003">
                      
                    </testcase><testcase classname="tsec.authentication.JWTAuthenticatorTests" name="Authenticator Partial Stateless spec: HmacSHA512 in cookie rolling should no-op validate for a timed out token" time="0.003">
                      
                    </testcase><testcase classname="tsec.authentication.JWTAuthenticatorTests" name="SecuredRequests: Request Auth Partial Stateless spec: HmacSHA512 in cookie rolling should TryExtractRaw properly" time="0.001">
                      
                    </testcase><testcase classname="tsec.authentication.JWTAuthenticatorTests" name="SecuredRequests: Request Auth Partial Stateless spec: HmacSHA512 in cookie rolling should Return a proper deserialized user" time="0.001">
                      
                    </testcase><testcase classname="tsec.authentication.JWTAuthenticatorTests" name="SecuredRequests: Request Auth Partial Stateless spec: HmacSHA512 in cookie rolling should fail on an expired token" time="0.0">
                      
                    </testcase><testcase classname="tsec.authentication.JWTAuthenticatorTests" name="SecuredRequests: Request Auth Partial Stateless spec: HmacSHA512 in cookie rolling should work on a renewed token" time="0.001">
                      
                    </testcase><testcase classname="tsec.authentication.JWTAuthenticatorTests" name="SecuredRequests: Request Auth Partial Stateless spec: HmacSHA512 in cookie rolling should Reject an invalid token" time="0.0">
                      
                    </testcase><testcase classname="tsec.authentication.JWTAuthenticatorTests" name="SecuredRequests: Request Auth Partial Stateless spec: HmacSHA512 in cookie rolling should Fail on a discarded token" time="0.001">
                      
                    </testcase><testcase classname="tsec.authentication.JWTAuthenticatorTests" name="SecuredRequests: Request Auth Partial Stateless spec: HmacSHA512 in cookie rolling should authorize for an allowed endpoint" time="0.001">
                      
                    </testcase><testcase classname="tsec.authentication.JWTAuthenticatorTests" name="SecuredRequests: Request Auth Partial Stateless spec: HmacSHA512 in cookie rolling should not authorize for a gated endpoint" time="0.001">
                      
                    </testcase><testcase classname="tsec.authentication.JWTAuthenticatorTests" name="SecuredRequests: Request Auth Partial Stateless spec: HmacSHA512 in cookie rolling should use the specified response when onNotAuthorized is specified" time="0.0">
                      
                    </testcase><testcase classname="tsec.authentication.JWTAuthenticatorTests" name="SecuredRequests: Request Auth Partial Stateless spec: HmacSHA512 in cookie rolling should catch unhandled errors into unauthorized" time="0.0">
                      
                    </testcase><testcase classname="tsec.authentication.JWTAuthenticatorTests" name="SecuredRequests: Request Auth Partial Stateless spec: HmacSHA512 in cookie rolling should extract properly for a user aware service" time="0.0">
                      
                    </testcase><testcase classname="tsec.authentication.JWTAuthenticatorTests" name="SecuredRequests: Request Auth Partial Stateless spec: HmacSHA512 in cookie rolling should no-op on a timed out token" time="0.001">
                      
                    </testcase><testcase classname="tsec.authentication.JWTAuthenticatorTests" name="Authenticator Partial Stateless spec: HmacSHA512 in header rolling should Create, embed and extract properly" time="0.008">
                      
                    </testcase><testcase classname="tsec.authentication.JWTAuthenticatorTests" name="Authenticator Partial Stateless spec: HmacSHA512 in header rolling should Not validate for an expired token" time="0.003">
                      
                    </testcase><testcase classname="tsec.authentication.JWTAuthenticatorTests" name="Authenticator Partial Stateless spec: HmacSHA512 in header rolling should renew properly" time="0.003">
                      
                    </testcase><testcase classname="tsec.authentication.JWTAuthenticatorTests" name="Authenticator Partial Stateless spec: HmacSHA512 in header rolling should Not validate for a token with a different key/incorrect" time="0.002">
                      
                    </testcase><testcase classname="tsec.authentication.JWTAuthenticatorTests" name="Authenticator Partial Stateless spec: HmacSHA512 in header rolling should discard a token properly" time="0.003">
                      
                    </testcase><testcase classname="tsec.authentication.JWTAuthenticatorTests" name="Authenticator Partial Stateless spec: HmacSHA512 in header rolling should no-op validate for a timed out token" time="0.005">
                      
                    </testcase><testcase classname="tsec.authentication.JWTAuthenticatorTests" name="SecuredRequests: Request Auth Partial Stateless spec: HmacSHA512 in header rolling should TryExtractRaw properly" time="0.0">
                      
                    </testcase><testcase classname="tsec.authentication.JWTAuthenticatorTests" name="SecuredRequests: Request Auth Partial Stateless spec: HmacSHA512 in header rolling should Return a proper deserialized user" time="0.001">
                      
                    </testcase><testcase classname="tsec.authentication.JWTAuthenticatorTests" name="SecuredRequests: Request Auth Partial Stateless spec: HmacSHA512 in header rolling should fail on an expired token" time="0.0">
                      
                    </testcase><testcase classname="tsec.authentication.JWTAuthenticatorTests" name="SecuredRequests: Request Auth Partial Stateless spec: HmacSHA512 in header rolling should work on a renewed token" time="0.002">
                      
                    </testcase><testcase classname="tsec.authentication.JWTAuthenticatorTests" name="SecuredRequests: Request Auth Partial Stateless spec: HmacSHA512 in header rolling should Reject an invalid token" time="0.0">
                      
                    </testcase><testcase classname="tsec.authentication.JWTAuthenticatorTests" name="SecuredRequests: Request Auth Partial Stateless spec: HmacSHA512 in header rolling should Fail on a discarded token" time="0.0">
                      
                    </testcase><testcase classname="tsec.authentication.JWTAuthenticatorTests" name="SecuredRequests: Request Auth Partial Stateless spec: HmacSHA512 in header rolling should authorize for an allowed endpoint" time="0.002">
                      
                    </testcase><testcase classname="tsec.authentication.JWTAuthenticatorTests" name="SecuredRequests: Request Auth Partial Stateless spec: HmacSHA512 in header rolling should not authorize for a gated endpoint" time="0.001">
                      
                    </testcase><testcase classname="tsec.authentication.JWTAuthenticatorTests" name="SecuredRequests: Request Auth Partial Stateless spec: HmacSHA512 in header rolling should use the specified response when onNotAuthorized is specified" time="0.0">
                      
                    </testcase><testcase classname="tsec.authentication.JWTAuthenticatorTests" name="SecuredRequests: Request Auth Partial Stateless spec: HmacSHA512 in header rolling should catch unhandled errors into unauthorized" time="0.001">
                      
                    </testcase><testcase classname="tsec.authentication.JWTAuthenticatorTests" name="SecuredRequests: Request Auth Partial Stateless spec: HmacSHA512 in header rolling should extract properly for a user aware service" time="0.001">
                      
                    </testcase><testcase classname="tsec.authentication.JWTAuthenticatorTests" name="SecuredRequests: Request Auth Partial Stateless spec: HmacSHA512 in header rolling should no-op on a timed out token" time="0.001">
                      
                    </testcase><testcase classname="tsec.authentication.JWTAuthenticatorTests" name="Authenticator Stateless spec: HmacSHA256 in bearer token no rolling should Create, embed and extract properly" time="0.023">
                      
                    </testcase><testcase classname="tsec.authentication.JWTAuthenticatorTests" name="Authenticator Stateless spec: HmacSHA256 in bearer token no rolling should Not validate for an expired token" time="0.023">
                      
                    </testcase><testcase classname="tsec.authentication.JWTAuthenticatorTests" name="Authenticator Stateless spec: HmacSHA256 in bearer token no rolling should renew properly" time="0.02">
                      
                    </testcase><testcase classname="tsec.authentication.JWTAuthenticatorTests" name="Authenticator Stateless spec: HmacSHA256 in bearer token no rolling should Not validate for a token with a different key/incorrect" time="0.014">
                      
                    </testcase><testcase classname="tsec.authentication.JWTAuthenticatorTests" name="Authenticator Stateless spec: HmacSHA256 in bearer token no rolling should discard a token properly" time="0.008">
                      
                    </testcase><testcase classname="tsec.authentication.JWTAuthenticatorTests" name="Authenticator Stateless spec: HmacSHA256 in bearer token no rolling should Not validate for a token past the timeout" time="0.008">
                      
                    </testcase><testcase classname="tsec.authentication.JWTAuthenticatorTests" name="Authenticator Stateless spec: HmacSHA256 in bearer token no rolling should refresh properly" time="0.008">
                      
                    </testcase><testcase classname="tsec.authentication.JWTAuthenticatorTests" name="SecuredRequests: Request Auth Stateless spec: HmacSHA256 in bearer token no rolling should TryExtractRaw properly" time="0.002">
                      
                    </testcase><testcase classname="tsec.authentication.JWTAuthenticatorTests" name="SecuredRequests: Request Auth Stateless spec: HmacSHA256 in bearer token no rolling should Return a proper deserialized user" time="0.01">
                      
                    </testcase><testcase classname="tsec.authentication.JWTAuthenticatorTests" name="SecuredRequests: Request Auth Stateless spec: HmacSHA256 in bearer token no rolling should fail on an expired token" time="0.003">
                      
                    </testcase><testcase classname="tsec.authentication.JWTAuthenticatorTests" name="SecuredRequests: Request Auth Stateless spec: HmacSHA256 in bearer token no rolling should work on a renewed token" time="0.009">
                      
                    </testcase><testcase classname="tsec.authentication.JWTAuthenticatorTests" name="SecuredRequests: Request Auth Stateless spec: HmacSHA256 in bearer token no rolling should Reject an invalid token" time="0.002">
                      
                    </testcase><testcase classname="tsec.authentication.JWTAuthenticatorTests" name="SecuredRequests: Request Auth Stateless spec: HmacSHA256 in bearer token no rolling should Fail on a discarded token" time="0.004">
                      
                    </testcase><testcase classname="tsec.authentication.JWTAuthenticatorTests" name="SecuredRequests: Request Auth Stateless spec: HmacSHA256 in bearer token no rolling should authorize for an allowed endpoint" time="0.009">
                      
                    </testcase><testcase classname="tsec.authentication.JWTAuthenticatorTests" name="SecuredRequests: Request Auth Stateless spec: HmacSHA256 in bearer token no rolling should not authorize for a gated endpoint" time="0.004">
                      
                    </testcase><testcase classname="tsec.authentication.JWTAuthenticatorTests" name="SecuredRequests: Request Auth Stateless spec: HmacSHA256 in bearer token no rolling should use the specified response when onNotAuthorized is specified" time="0.002">
                      
                    </testcase><testcase classname="tsec.authentication.JWTAuthenticatorTests" name="SecuredRequests: Request Auth Stateless spec: HmacSHA256 in bearer token no rolling should catch unhandled errors into unauthorized" time="0.005">
                      
                    </testcase><testcase classname="tsec.authentication.JWTAuthenticatorTests" name="SecuredRequests: Request Auth Stateless spec: HmacSHA256 in bearer token no rolling should extract properly for a user aware service" time="0.004">
                      
                    </testcase><testcase classname="tsec.authentication.JWTAuthenticatorTests" name="SecuredRequests: Request Auth Stateless spec: HmacSHA256 in bearer token no rolling should work on a refreshed token" time="0.005">
                      
                    </testcase><testcase classname="tsec.authentication.JWTAuthenticatorTests" name="SecuredRequests: Request Auth Stateless spec: HmacSHA256 in bearer token no rolling should fail on a timed out token" time="0.003">
                      
                    </testcase><testcase classname="tsec.authentication.JWTAuthenticatorTests" name="Authenticator Stateless spec: HmacSHA256 in cookie no rolling should Create, embed and extract properly" time="0.006">
                      
                    </testcase><testcase classname="tsec.authentication.JWTAuthenticatorTests" name="Authenticator Stateless spec: HmacSHA256 in cookie no rolling should Not validate for an expired token" time="0.004">
                      
                    </testcase><testcase classname="tsec.authentication.JWTAuthenticatorTests" name="Authenticator Stateless spec: HmacSHA256 in cookie no rolling should renew properly" time="0.007">
                      
                    </testcase><testcase classname="tsec.authentication.JWTAuthenticatorTests" name="Authenticator Stateless spec: HmacSHA256 in cookie no rolling should Not validate for a token with a different key/incorrect" time="0.004">
                      
                    </testcase><testcase classname="tsec.authentication.JWTAuthenticatorTests" name="Authenticator Stateless spec: HmacSHA256 in cookie no rolling should discard a token properly" time="0.003">
                      
                    </testcase><testcase classname="tsec.authentication.JWTAuthenticatorTests" name="Authenticator Stateless spec: HmacSHA256 in cookie no rolling should Not validate for a token past the timeout" time="0.005">
                      
                    </testcase><testcase classname="tsec.authentication.JWTAuthenticatorTests" name="Authenticator Stateless spec: HmacSHA256 in cookie no rolling should refresh properly" time="0.007">
                      
                    </testcase><testcase classname="tsec.authentication.JWTAuthenticatorTests" name="SecuredRequests: Request Auth Stateless spec: HmacSHA256 in cookie no rolling should TryExtractRaw properly" time="0.001">
                      
                    </testcase><testcase classname="tsec.authentication.JWTAuthenticatorTests" name="SecuredRequests: Request Auth Stateless spec: HmacSHA256 in cookie no rolling should Return a proper deserialized user" time="0.004">
                      
                    </testcase><testcase classname="tsec.authentication.JWTAuthenticatorTests" name="SecuredRequests: Request Auth Stateless spec: HmacSHA256 in cookie no rolling should fail on an expired token" time="0.001">
                      
                    </testcase><testcase classname="tsec.authentication.JWTAuthenticatorTests" name="SecuredRequests: Request Auth Stateless spec: HmacSHA256 in cookie no rolling should work on a renewed token" time="0.002">
                      
                    </testcase><testcase classname="tsec.authentication.JWTAuthenticatorTests" name="SecuredRequests: Request Auth Stateless spec: HmacSHA256 in cookie no rolling should Reject an invalid token" time="0.001">
                      
                    </testcase><testcase classname="tsec.authentication.JWTAuthenticatorTests" name="SecuredRequests: Request Auth Stateless spec: HmacSHA256 in cookie no rolling should Fail on a discarded token" time="0.001">
                      
                    </testcase><testcase classname="tsec.authentication.JWTAuthenticatorTests" name="SecuredRequests: Request Auth Stateless spec: HmacSHA256 in cookie no rolling should authorize for an allowed endpoint" time="0.002">
                      
                    </testcase><testcase classname="tsec.authentication.JWTAuthenticatorTests" name="SecuredRequests: Request Auth Stateless spec: HmacSHA256 in cookie no rolling should not authorize for a gated endpoint" time="0.001">
                      
                    </testcase><testcase classname="tsec.authentication.JWTAuthenticatorTests" name="SecuredRequests: Request Auth Stateless spec: HmacSHA256 in cookie no rolling should use the specified response when onNotAuthorized is specified" time="0.001">
                      
                    </testcase><testcase classname="tsec.authentication.JWTAuthenticatorTests" name="SecuredRequests: Request Auth Stateless spec: HmacSHA256 in cookie no rolling should catch unhandled errors into unauthorized" time="0.002">
                      
                    </testcase><testcase classname="tsec.authentication.JWTAuthenticatorTests" name="SecuredRequests: Request Auth Stateless spec: HmacSHA256 in cookie no rolling should extract properly for a user aware service" time="0.002">
                      
                    </testcase><testcase classname="tsec.authentication.JWTAuthenticatorTests" name="SecuredRequests: Request Auth Stateless spec: HmacSHA256 in cookie no rolling should work on a refreshed token" time="0.002">
                      
                    </testcase><testcase classname="tsec.authentication.JWTAuthenticatorTests" name="SecuredRequests: Request Auth Stateless spec: HmacSHA256 in cookie no rolling should fail on a timed out token" time="0.001">
                      
                    </testcase><testcase classname="tsec.authentication.JWTAuthenticatorTests" name="Authenticator Stateless spec: HmacSHA256 in header no rolling should Create, embed and extract properly" time="0.007">
                      
                    </testcase><testcase classname="tsec.authentication.JWTAuthenticatorTests" name="Authenticator Stateless spec: HmacSHA256 in header no rolling should Not validate for an expired token" time="0.008">
                      
                    </testcase><testcase classname="tsec.authentication.JWTAuthenticatorTests" name="Authenticator Stateless spec: HmacSHA256 in header no rolling should renew properly" time="0.016">
                      
                    </testcase><testcase classname="tsec.authentication.JWTAuthenticatorTests" name="Authenticator Stateless spec: HmacSHA256 in header no rolling should Not validate for a token with a different key/incorrect" time="0.009">
                      
                    </testcase><testcase classname="tsec.authentication.JWTAuthenticatorTests" name="Authenticator Stateless spec: HmacSHA256 in header no rolling should discard a token properly" time="0.006">
                      
                    </testcase><testcase classname="tsec.authentication.JWTAuthenticatorTests" name="Authenticator Stateless spec: HmacSHA256 in header no rolling should Not validate for a token past the timeout" time="0.006">
                      
                    </testcase><testcase classname="tsec.authentication.JWTAuthenticatorTests" name="Authenticator Stateless spec: HmacSHA256 in header no rolling should refresh properly" time="0.009">
                      
                    </testcase><testcase classname="tsec.authentication.JWTAuthenticatorTests" name="SecuredRequests: Request Auth Stateless spec: HmacSHA256 in header no rolling should TryExtractRaw properly" time="0.001">
                      
                    </testcase><testcase classname="tsec.authentication.JWTAuthenticatorTests" name="SecuredRequests: Request Auth Stateless spec: HmacSHA256 in header no rolling should Return a proper deserialized user" time="0.003">
                      
                    </testcase><testcase classname="tsec.authentication.JWTAuthenticatorTests" name="SecuredRequests: Request Auth Stateless spec: HmacSHA256 in header no rolling should fail on an expired token" time="0.003">
                      
                    </testcase><testcase classname="tsec.authentication.JWTAuthenticatorTests" name="SecuredRequests: Request Auth Stateless spec: HmacSHA256 in header no rolling should work on a renewed token" time="0.005">
                      
                    </testcase><testcase classname="tsec.authentication.JWTAuthenticatorTests" name="SecuredRequests: Request Auth Stateless spec: HmacSHA256 in header no rolling should Reject an invalid token" time="0.002">
                      
                    </testcase><testcase classname="tsec.authentication.JWTAuthenticatorTests" name="SecuredRequests: Request Auth Stateless spec: HmacSHA256 in header no rolling should Fail on a discarded token" time="0.001">
                      
                    </testcase><testcase classname="tsec.authentication.JWTAuthenticatorTests" name="SecuredRequests: Request Auth Stateless spec: HmacSHA256 in header no rolling should authorize for an allowed endpoint" time="0.003">
                      
                    </testcase><testcase classname="tsec.authentication.JWTAuthenticatorTests" name="SecuredRequests: Request Auth Stateless spec: HmacSHA256 in header no rolling should not authorize for a gated endpoint" time="0.002">
                      
                    </testcase><testcase classname="tsec.authentication.JWTAuthenticatorTests" name="SecuredRequests: Request Auth Stateless spec: HmacSHA256 in header no rolling should use the specified response when onNotAuthorized is specified" time="0.0">
                      
                    </testcase><testcase classname="tsec.authentication.JWTAuthenticatorTests" name="SecuredRequests: Request Auth Stateless spec: HmacSHA256 in header no rolling should catch unhandled errors into unauthorized" time="0.002">
                      
                    </testcase><testcase classname="tsec.authentication.JWTAuthenticatorTests" name="SecuredRequests: Request Auth Stateless spec: HmacSHA256 in header no rolling should extract properly for a user aware service" time="0.002">
                      
                    </testcase><testcase classname="tsec.authentication.JWTAuthenticatorTests" name="SecuredRequests: Request Auth Stateless spec: HmacSHA256 in header no rolling should work on a refreshed token" time="0.002">
                      
                    </testcase><testcase classname="tsec.authentication.JWTAuthenticatorTests" name="SecuredRequests: Request Auth Stateless spec: HmacSHA256 in header no rolling should fail on a timed out token" time="0.001">
                      
                    </testcase><testcase classname="tsec.authentication.JWTAuthenticatorTests" name="Authenticator Stateless spec: HmacSHA256 in bearer token rolling should Create, embed and extract properly" time="0.008">
                      
                    </testcase><testcase classname="tsec.authentication.JWTAuthenticatorTests" name="Authenticator Stateless spec: HmacSHA256 in bearer token rolling should Not validate for an expired token" time="0.005">
                      
                    </testcase><testcase classname="tsec.authentication.JWTAuthenticatorTests" name="Authenticator Stateless spec: HmacSHA256 in bearer token rolling should renew properly" time="0.004">
                      
                    </testcase><testcase classname="tsec.authentication.JWTAuthenticatorTests" name="Authenticator Stateless spec: HmacSHA256 in bearer token rolling should Not validate for a token with a different key/incorrect" time="0.003">
                      
                    </testcase><testcase classname="tsec.authentication.JWTAuthenticatorTests" name="Authenticator Stateless spec: HmacSHA256 in bearer token rolling should discard a token properly" time="0.003">
                      
                    </testcase><testcase classname="tsec.authentication.JWTAuthenticatorTests" name="Authenticator Stateless spec: HmacSHA256 in bearer token rolling should no-op validate for a timed out token" time="0.007">
                      
                    </testcase><testcase classname="tsec.authentication.JWTAuthenticatorTests" name="SecuredRequests: Request Auth Stateless spec: HmacSHA256 in bearer token rolling should TryExtractRaw properly" time="0.0">
                      
                    </testcase><testcase classname="tsec.authentication.JWTAuthenticatorTests" name="SecuredRequests: Request Auth Stateless spec: HmacSHA256 in bearer token rolling should Return a proper deserialized user" time="0.001">
                      
                    </testcase><testcase classname="tsec.authentication.JWTAuthenticatorTests" name="SecuredRequests: Request Auth Stateless spec: HmacSHA256 in bearer token rolling should fail on an expired token" time="0.001">
                      
                    </testcase><testcase classname="tsec.authentication.JWTAuthenticatorTests" name="SecuredRequests: Request Auth Stateless spec: HmacSHA256 in bearer token rolling should work on a renewed token" time="0.001">
                      
                    </testcase><testcase classname="tsec.authentication.JWTAuthenticatorTests" name="SecuredRequests: Request Auth Stateless spec: HmacSHA256 in bearer token rolling should Reject an invalid token" time="0.0">
                      
                    </testcase><testcase classname="tsec.authentication.JWTAuthenticatorTests" name="SecuredRequests: Request Auth Stateless spec: HmacSHA256 in bearer token rolling should Fail on a discarded token" time="0.001">
                      
                    </testcase><testcase classname="tsec.authentication.JWTAuthenticatorTests" name="SecuredRequests: Request Auth Stateless spec: HmacSHA256 in bearer token rolling should authorize for an allowed endpoint" time="0.002">
                      
                    </testcase><testcase classname="tsec.authentication.JWTAuthenticatorTests" name="SecuredRequests: Request Auth Stateless spec: HmacSHA256 in bearer token rolling should not authorize for a gated endpoint" time="0.001">
                      
                    </testcase><testcase classname="tsec.authentication.JWTAuthenticatorTests" name="SecuredRequests: Request Auth Stateless spec: HmacSHA256 in bearer token rolling should use the specified response when onNotAuthorized is specified" time="0.0">
                      
                    </testcase><testcase classname="tsec.authentication.JWTAuthenticatorTests" name="SecuredRequests: Request Auth Stateless spec: HmacSHA256 in bearer token rolling should catch unhandled errors into unauthorized" time="0.002">
                      
                    </testcase><testcase classname="tsec.authentication.JWTAuthenticatorTests" name="SecuredRequests: Request Auth Stateless spec: HmacSHA256 in bearer token rolling should extract properly for a user aware service" time="0.001">
                      
                    </testcase><testcase classname="tsec.authentication.JWTAuthenticatorTests" name="SecuredRequests: Request Auth Stateless spec: HmacSHA256 in bearer token rolling should no-op on a timed out token" time="0.004">
                      
                    </testcase><testcase classname="tsec.authentication.JWTAuthenticatorTests" name="Authenticator Stateless spec: HmacSHA256 in cookie rolling should Create, embed and extract properly" time="0.005">
                      
                    </testcase><testcase classname="tsec.authentication.JWTAuthenticatorTests" name="Authenticator Stateless spec: HmacSHA256 in cookie rolling should Not validate for an expired token" time="0.005">
                      
                    </testcase><testcase classname="tsec.authentication.JWTAuthenticatorTests" name="Authenticator Stateless spec: HmacSHA256 in cookie rolling should renew properly" time="0.005">
                      
                    </testcase><testcase classname="tsec.authentication.JWTAuthenticatorTests" name="Authenticator Stateless spec: HmacSHA256 in cookie rolling should Not validate for a token with a different key/incorrect" time="0.004">
                      
                    </testcase><testcase classname="tsec.authentication.JWTAuthenticatorTests" name="Authenticator Stateless spec: HmacSHA256 in cookie rolling should discard a token properly" time="0.006">
                      
                    </testcase><testcase classname="tsec.authentication.JWTAuthenticatorTests" name="Authenticator Stateless spec: HmacSHA256 in cookie rolling should no-op validate for a timed out token" time="0.007">
                      
                    </testcase><testcase classname="tsec.authentication.JWTAuthenticatorTests" name="SecuredRequests: Request Auth Stateless spec: HmacSHA256 in cookie rolling should TryExtractRaw properly" time="0.001">
                      
                    </testcase><testcase classname="tsec.authentication.JWTAuthenticatorTests" name="SecuredRequests: Request Auth Stateless spec: HmacSHA256 in cookie rolling should Return a proper deserialized user" time="0.001">
                      
                    </testcase><testcase classname="tsec.authentication.JWTAuthenticatorTests" name="SecuredRequests: Request Auth Stateless spec: HmacSHA256 in cookie rolling should fail on an expired token" time="0.001">
                      
                    </testcase><testcase classname="tsec.authentication.JWTAuthenticatorTests" name="SecuredRequests: Request Auth Stateless spec: HmacSHA256 in cookie rolling should work on a renewed token" time="0.002">
                      
                    </testcase><testcase classname="tsec.authentication.JWTAuthenticatorTests" name="SecuredRequests: Request Auth Stateless spec: HmacSHA256 in cookie rolling should Reject an invalid token" time="0.0">
                      
                    </testcase><testcase classname="tsec.authentication.JWTAuthenticatorTests" name="SecuredRequests: Request Auth Stateless spec: HmacSHA256 in cookie rolling should Fail on a discarded token" time="0.001">
                      
                    </testcase><testcase classname="tsec.authentication.JWTAuthenticatorTests" name="SecuredRequests: Request Auth Stateless spec: HmacSHA256 in cookie rolling should authorize for an allowed endpoint" time="0.002">
                      
                    </testcase><testcase classname="tsec.authentication.JWTAuthenticatorTests" name="SecuredRequests: Request Auth Stateless spec: HmacSHA256 in cookie rolling should not authorize for a gated endpoint" time="0.0">
                      
                    </testcase><testcase classname="tsec.authentication.JWTAuthenticatorTests" name="SecuredRequests: Request Auth Stateless spec: HmacSHA256 in cookie rolling should use the specified response when onNotAuthorized is specified" time="0.0">
                      
                    </testcase><testcase classname="tsec.authentication.JWTAuthenticatorTests" name="SecuredRequests: Request Auth Stateless spec: HmacSHA256 in cookie rolling should catch unhandled errors into unauthorized" time="0.001">
                      
                    </testcase><testcase classname="tsec.authentication.JWTAuthenticatorTests" name="SecuredRequests: Request Auth Stateless spec: HmacSHA256 in cookie rolling should extract properly for a user aware service" time="0.001">
                      
                    </testcase><testcase classname="tsec.authentication.JWTAuthenticatorTests" name="SecuredRequests: Request Auth Stateless spec: HmacSHA256 in cookie rolling should no-op on a timed out token" time="0.001">
                      
                    </testcase><testcase classname="tsec.authentication.JWTAuthenticatorTests" name="Authenticator Stateless spec: HmacSHA256 in header rolling should Create, embed and extract properly" time="0.003">
                      
                    </testcase><testcase classname="tsec.authentication.JWTAuthenticatorTests" name="Authenticator Stateless spec: HmacSHA256 in header rolling should Not validate for an expired token" time="0.002">
                      
                    </testcase><testcase classname="tsec.authentication.JWTAuthenticatorTests" name="Authenticator Stateless spec: HmacSHA256 in header rolling should renew properly" time="0.004">
                      
                    </testcase><testcase classname="tsec.authentication.JWTAuthenticatorTests" name="Authenticator Stateless spec: HmacSHA256 in header rolling should Not validate for a token with a different key/incorrect" time="0.003">
                      
                    </testcase><testcase classname="tsec.authentication.JWTAuthenticatorTests" name="Authenticator Stateless spec: HmacSHA256 in header rolling should discard a token properly" time="0.003">
                      
                    </testcase><testcase classname="tsec.authentication.JWTAuthenticatorTests" name="Authenticator Stateless spec: HmacSHA256 in header rolling should no-op validate for a timed out token" time="0.004">
                      
                    </testcase><testcase classname="tsec.authentication.JWTAuthenticatorTests" name="SecuredRequests: Request Auth Stateless spec: HmacSHA256 in header rolling should TryExtractRaw properly" time="0.001">
                      
                    </testcase><testcase classname="tsec.authentication.JWTAuthenticatorTests" name="SecuredRequests: Request Auth Stateless spec: HmacSHA256 in header rolling should Return a proper deserialized user" time="0.001">
                      
                    </testcase><testcase classname="tsec.authentication.JWTAuthenticatorTests" name="SecuredRequests: Request Auth Stateless spec: HmacSHA256 in header rolling should fail on an expired token" time="0.0">
                      
                    </testcase><testcase classname="tsec.authentication.JWTAuthenticatorTests" name="SecuredRequests: Request Auth Stateless spec: HmacSHA256 in header rolling should work on a renewed token" time="0.002">
                      
                    </testcase><testcase classname="tsec.authentication.JWTAuthenticatorTests" name="SecuredRequests: Request Auth Stateless spec: HmacSHA256 in header rolling should Reject an invalid token" time="0.001">
                      
                    </testcase><testcase classname="tsec.authentication.JWTAuthenticatorTests" name="SecuredRequests: Request Auth Stateless spec: HmacSHA256 in header rolling should Fail on a discarded token" time="0.001">
                      
                    </testcase><testcase classname="tsec.authentication.JWTAuthenticatorTests" name="SecuredRequests: Request Auth Stateless spec: HmacSHA256 in header rolling should authorize for an allowed endpoint" time="0.001">
                      
                    </testcase><testcase classname="tsec.authentication.JWTAuthenticatorTests" name="SecuredRequests: Request Auth Stateless spec: HmacSHA256 in header rolling should not authorize for a gated endpoint" time="0.001">
                      
                    </testcase><testcase classname="tsec.authentication.JWTAuthenticatorTests" name="SecuredRequests: Request Auth Stateless spec: HmacSHA256 in header rolling should use the specified response when onNotAuthorized is specified" time="0.0">
                      
                    </testcase><testcase classname="tsec.authentication.JWTAuthenticatorTests" name="SecuredRequests: Request Auth Stateless spec: HmacSHA256 in header rolling should catch unhandled errors into unauthorized" time="0.001">
                      
                    </testcase><testcase classname="tsec.authentication.JWTAuthenticatorTests" name="SecuredRequests: Request Auth Stateless spec: HmacSHA256 in header rolling should extract properly for a user aware service" time="0.001">
                      
                    </testcase><testcase classname="tsec.authentication.JWTAuthenticatorTests" name="SecuredRequests: Request Auth Stateless spec: HmacSHA256 in header rolling should no-op on a timed out token" time="0.001">
                      
                    </testcase><testcase classname="tsec.authentication.JWTAuthenticatorTests" name="Authenticator Stateless spec: HmacSHA384 in bearer token no rolling should Create, embed and extract properly" time="0.005">
                      
                    </testcase><testcase classname="tsec.authentication.JWTAuthenticatorTests" name="Authenticator Stateless spec: HmacSHA384 in bearer token no rolling should Not validate for an expired token" time="0.003">
                      
                    </testcase><testcase classname="tsec.authentication.JWTAuthenticatorTests" name="Authenticator Stateless spec: HmacSHA384 in bearer token no rolling should renew properly" time="0.004">
                      
                    </testcase><testcase classname="tsec.authentication.JWTAuthenticatorTests" name="Authenticator Stateless spec: HmacSHA384 in bearer token no rolling should Not validate for a token with a different key/incorrect" time="0.003">
                      
                    </testcase><testcase classname="tsec.authentication.JWTAuthenticatorTests" name="Authenticator Stateless spec: HmacSHA384 in bearer token no rolling should discard a token properly" time="0.002">
                      
                    </testcase><testcase classname="tsec.authentication.JWTAuthenticatorTests" name="Authenticator Stateless spec: HmacSHA384 in bearer token no rolling should Not validate for a token past the timeout" time="0.003">
                      
                    </testcase><testcase classname="tsec.authentication.JWTAuthenticatorTests" name="Authenticator Stateless spec: HmacSHA384 in bearer token no rolling should refresh properly" time="0.004">
                      
                    </testcase><testcase classname="tsec.authentication.JWTAuthenticatorTests" name="SecuredRequests: Request Auth Stateless spec: HmacSHA384 in bearer token no rolling should TryExtractRaw properly" time="0.0">
                      
                    </testcase><testcase classname="tsec.authentication.JWTAuthenticatorTests" name="SecuredRequests: Request Auth Stateless spec: HmacSHA384 in bearer token no rolling should Return a proper deserialized user" time="0.001">
                      
                    </testcase><testcase classname="tsec.authentication.JWTAuthenticatorTests" name="SecuredRequests: Request Auth Stateless spec: HmacSHA384 in bearer token no rolling should fail on an expired token" time="0.001">
                      
                    </testcase><testcase classname="tsec.authentication.JWTAuthenticatorTests" name="SecuredRequests: Request Auth Stateless spec: HmacSHA384 in bearer token no rolling should work on a renewed token" time="0.005">
                      
                    </testcase><testcase classname="tsec.authentication.JWTAuthenticatorTests" name="SecuredRequests: Request Auth Stateless spec: HmacSHA384 in bearer token no rolling should Reject an invalid token" time="0.001">
                      
                    </testcase><testcase classname="tsec.authentication.JWTAuthenticatorTests" name="SecuredRequests: Request Auth Stateless spec: HmacSHA384 in bearer token no rolling should Fail on a discarded token" time="0.001">
                      
                    </testcase><testcase classname="tsec.authentication.JWTAuthenticatorTests" name="SecuredRequests: Request Auth Stateless spec: HmacSHA384 in bearer token no rolling should authorize for an allowed endpoint" time="0.001">
                      
                    </testcase><testcase classname="tsec.authentication.JWTAuthenticatorTests" name="SecuredRequests: Request Auth Stateless spec: HmacSHA384 in bearer token no rolling should not authorize for a gated endpoint" time="0.001">
                      
                    </testcase><testcase classname="tsec.authentication.JWTAuthenticatorTests" name="SecuredRequests: Request Auth Stateless spec: HmacSHA384 in bearer token no rolling should use the specified response when onNotAuthorized is specified" time="0.0">
                      
                    </testcase><testcase classname="tsec.authentication.JWTAuthenticatorTests" name="SecuredRequests: Request Auth Stateless spec: HmacSHA384 in bearer token no rolling should catch unhandled errors into unauthorized" time="0.001">
                      
                    </testcase><testcase classname="tsec.authentication.JWTAuthenticatorTests" name="SecuredRequests: Request Auth Stateless spec: HmacSHA384 in bearer token no rolling should extract properly for a user aware service" time="0.0">
                      
                    </testcase><testcase classname="tsec.authentication.JWTAuthenticatorTests" name="SecuredRequests: Request Auth Stateless spec: HmacSHA384 in bearer token no rolling should work on a refreshed token" time="0.001">
                      
                    </testcase><testcase classname="tsec.authentication.JWTAuthenticatorTests" name="SecuredRequests: Request Auth Stateless spec: HmacSHA384 in bearer token no rolling should fail on a timed out token" time="0.001">
                      
                    </testcase><testcase classname="tsec.authentication.JWTAuthenticatorTests" name="Authenticator Stateless spec: HmacSHA384 in cookie no rolling should Create, embed and extract properly" time="0.004">
                      
                    </testcase><testcase classname="tsec.authentication.JWTAuthenticatorTests" name="Authenticator Stateless spec: HmacSHA384 in cookie no rolling should Not validate for an expired token" time="0.003">
                      
                    </testcase><testcase classname="tsec.authentication.JWTAuthenticatorTests" name="Authenticator Stateless spec: HmacSHA384 in cookie no rolling should renew properly" time="0.004">
                      
                    </testcase><testcase classname="tsec.authentication.JWTAuthenticatorTests" name="Authenticator Stateless spec: HmacSHA384 in cookie no rolling should Not validate for a token with a different key/incorrect" time="0.003">
                      
                    </testcase><testcase classname="tsec.authentication.JWTAuthenticatorTests" name="Authenticator Stateless spec: HmacSHA384 in cookie no rolling should discard a token properly" time="0.004">
                      
                    </testcase><testcase classname="tsec.authentication.JWTAuthenticatorTests" name="Authenticator Stateless spec: HmacSHA384 in cookie no rolling should Not validate for a token past the timeout" time="0.006">
                      
                    </testcase><testcase classname="tsec.authentication.JWTAuthenticatorTests" name="Authenticator Stateless spec: HmacSHA384 in cookie no rolling should refresh properly" time="0.004">
                      
                    </testcase><testcase classname="tsec.authentication.JWTAuthenticatorTests" name="SecuredRequests: Request Auth Stateless spec: HmacSHA384 in cookie no rolling should TryExtractRaw properly" time="0.0">
                      
                    </testcase><testcase classname="tsec.authentication.JWTAuthenticatorTests" name="SecuredRequests: Request Auth Stateless spec: HmacSHA384 in cookie no rolling should Return a proper deserialized user" time="0.001">
                      
                    </testcase><testcase classname="tsec.authentication.JWTAuthenticatorTests" name="SecuredRequests: Request Auth Stateless spec: HmacSHA384 in cookie no rolling should fail on an expired token" time="0.0">
                      
                    </testcase><testcase classname="tsec.authentication.JWTAuthenticatorTests" name="SecuredRequests: Request Auth Stateless spec: HmacSHA384 in cookie no rolling should work on a renewed token" time="0.002">
                      
                    </testcase><testcase classname="tsec.authentication.JWTAuthenticatorTests" name="SecuredRequests: Request Auth Stateless spec: HmacSHA384 in cookie no rolling should Reject an invalid token" time="0.0">
                      
                    </testcase><testcase classname="tsec.authentication.JWTAuthenticatorTests" name="SecuredRequests: Request Auth Stateless spec: HmacSHA384 in cookie no rolling should Fail on a discarded token" time="0.0">
                      
                    </testcase><testcase classname="tsec.authentication.JWTAuthenticatorTests" name="SecuredRequests: Request Auth Stateless spec: HmacSHA384 in cookie no rolling should authorize for an allowed endpoint" time="0.002">
                      
                    </testcase><testcase classname="tsec.authentication.JWTAuthenticatorTests" name="SecuredRequests: Request Auth Stateless spec: HmacSHA384 in cookie no rolling should not authorize for a gated endpoint" time="0.0">
                      
                    </testcase><testcase classname="tsec.authentication.JWTAuthenticatorTests" name="SecuredRequests: Request Auth Stateless spec: HmacSHA384 in cookie no rolling should use the specified response when onNotAuthorized is specified" time="0.0">
                      
                    </testcase><testcase classname="tsec.authentication.JWTAuthenticatorTests" name="SecuredRequests: Request Auth Stateless spec: HmacSHA384 in cookie no rolling should catch unhandled errors into unauthorized" time="0.001">
                      
                    </testcase><testcase classname="tsec.authentication.JWTAuthenticatorTests" name="SecuredRequests: Request Auth Stateless spec: HmacSHA384 in cookie no rolling should extract properly for a user aware service" time="0.0">
                      
                    </testcase><testcase classname="tsec.authentication.JWTAuthenticatorTests" name="SecuredRequests: Request Auth Stateless spec: HmacSHA384 in cookie no rolling should work on a refreshed token" time="0.001">
                      
                    </testcase><testcase classname="tsec.authentication.JWTAuthenticatorTests" name="SecuredRequests: Request Auth Stateless spec: HmacSHA384 in cookie no rolling should fail on a timed out token" time="0.001">
                      
                    </testcase><testcase classname="tsec.authentication.JWTAuthenticatorTests" name="Authenticator Stateless spec: HmacSHA384 in header no rolling should Create, embed and extract properly" time="0.004">
                      
                    </testcase><testcase classname="tsec.authentication.JWTAuthenticatorTests" name="Authenticator Stateless spec: HmacSHA384 in header no rolling should Not validate for an expired token" time="0.003">
                      
                    </testcase><testcase classname="tsec.authentication.JWTAuthenticatorTests" name="Authenticator Stateless spec: HmacSHA384 in header no rolling should renew properly" time="0.013">
                      
                    </testcase><testcase classname="tsec.authentication.JWTAuthenticatorTests" name="Authenticator Stateless spec: HmacSHA384 in header no rolling should Not validate for a token with a different key/incorrect" time="0.053">
                      
                    </testcase><testcase classname="tsec.authentication.JWTAuthenticatorTests" name="Authenticator Stateless spec: HmacSHA384 in header no rolling should discard a token properly" time="0.02">
                      
                    </testcase><testcase classname="tsec.authentication.JWTAuthenticatorTests" name="Authenticator Stateless spec: HmacSHA384 in header no rolling should Not validate for a token past the timeout" time="0.004">
                      
                    </testcase><testcase classname="tsec.authentication.JWTAuthenticatorTests" name="Authenticator Stateless spec: HmacSHA384 in header no rolling should refresh properly" time="0.004">
                      
                    </testcase><testcase classname="tsec.authentication.JWTAuthenticatorTests" name="SecuredRequests: Request Auth Stateless spec: HmacSHA384 in header no rolling should TryExtractRaw properly" time="0.0">
                      
                    </testcase><testcase classname="tsec.authentication.JWTAuthenticatorTests" name="SecuredRequests: Request Auth Stateless spec: HmacSHA384 in header no rolling should Return a proper deserialized user" time="0.002">
                      
                    </testcase><testcase classname="tsec.authentication.JWTAuthenticatorTests" name="SecuredRequests: Request Auth Stateless spec: HmacSHA384 in header no rolling should fail on an expired token" time="0.001">
                      
                    </testcase><testcase classname="tsec.authentication.JWTAuthenticatorTests" name="SecuredRequests: Request Auth Stateless spec: HmacSHA384 in header no rolling should work on a renewed token" time="0.002">
                      
                    </testcase><testcase classname="tsec.authentication.JWTAuthenticatorTests" name="SecuredRequests: Request Auth Stateless spec: HmacSHA384 in header no rolling should Reject an invalid token" time="0.0">
                      
                    </testcase><testcase classname="tsec.authentication.JWTAuthenticatorTests" name="SecuredRequests: Request Auth Stateless spec: HmacSHA384 in header no rolling should Fail on a discarded token" time="0.001">
                      
                    </testcase><testcase classname="tsec.authentication.JWTAuthenticatorTests" name="SecuredRequests: Request Auth Stateless spec: HmacSHA384 in header no rolling should authorize for an allowed endpoint" time="0.001">
                      
                    </testcase><testcase classname="tsec.authentication.JWTAuthenticatorTests" name="SecuredRequests: Request Auth Stateless spec: HmacSHA384 in header no rolling should not authorize for a gated endpoint" time="0.001">
                      
                    </testcase><testcase classname="tsec.authentication.JWTAuthenticatorTests" name="SecuredRequests: Request Auth Stateless spec: HmacSHA384 in header no rolling should use the specified response when onNotAuthorized is specified" time="0.0">
                      
                    </testcase><testcase classname="tsec.authentication.JWTAuthenticatorTests" name="SecuredRequests: Request Auth Stateless spec: HmacSHA384 in header no rolling should catch unhandled errors into unauthorized" time="0.001">
                      
                    </testcase><testcase classname="tsec.authentication.JWTAuthenticatorTests" name="SecuredRequests: Request Auth Stateless spec: HmacSHA384 in header no rolling should extract properly for a user aware service" time="0.0">
                      
                    </testcase><testcase classname="tsec.authentication.JWTAuthenticatorTests" name="SecuredRequests: Request Auth Stateless spec: HmacSHA384 in header no rolling should work on a refreshed token" time="0.001">
                      
                    </testcase><testcase classname="tsec.authentication.JWTAuthenticatorTests" name="SecuredRequests: Request Auth Stateless spec: HmacSHA384 in header no rolling should fail on a timed out token" time="0.001">
                      
                    </testcase><testcase classname="tsec.authentication.JWTAuthenticatorTests" name="Authenticator Stateless spec: HmacSHA384 in bearer token rolling should Create, embed and extract properly" time="0.003">
                      
                    </testcase><testcase classname="tsec.authentication.JWTAuthenticatorTests" name="Authenticator Stateless spec: HmacSHA384 in bearer token rolling should Not validate for an expired token" time="0.003">
                      
                    </testcase><testcase classname="tsec.authentication.JWTAuthenticatorTests" name="Authenticator Stateless spec: HmacSHA384 in bearer token rolling should renew properly" time="0.003">
                      
                    </testcase><testcase classname="tsec.authentication.JWTAuthenticatorTests" name="Authenticator Stateless spec: HmacSHA384 in bearer token rolling should Not validate for a token with a different key/incorrect" time="0.003">
                      
                    </testcase><testcase classname="tsec.authentication.JWTAuthenticatorTests" name="Authenticator Stateless spec: HmacSHA384 in bearer token rolling should discard a token properly" time="0.003">
                      
                    </testcase><testcase classname="tsec.authentication.JWTAuthenticatorTests" name="Authenticator Stateless spec: HmacSHA384 in bearer token rolling should no-op validate for a timed out token" time="0.003">
                      
                    </testcase><testcase classname="tsec.authentication.JWTAuthenticatorTests" name="SecuredRequests: Request Auth Stateless spec: HmacSHA384 in bearer token rolling should TryExtractRaw properly" time="0.0">
                      
                    </testcase><testcase classname="tsec.authentication.JWTAuthenticatorTests" name="SecuredRequests: Request Auth Stateless spec: HmacSHA384 in bearer token rolling should Return a proper deserialized user" time="0.001">
                      
                    </testcase><testcase classname="tsec.authentication.JWTAuthenticatorTests" name="SecuredRequests: Request Auth Stateless spec: HmacSHA384 in bearer token rolling should fail on an expired token" time="0.0">
                      
                    </testcase><testcase classname="tsec.authentication.JWTAuthenticatorTests" name="SecuredRequests: Request Auth Stateless spec: HmacSHA384 in bearer token rolling should work on a renewed token" time="0.001">
                      
                    </testcase><testcase classname="tsec.authentication.JWTAuthenticatorTests" name="SecuredRequests: Request Auth Stateless spec: HmacSHA384 in bearer token rolling should Reject an invalid token" time="0.001">
                      
                    </testcase><testcase classname="tsec.authentication.JWTAuthenticatorTests" name="SecuredRequests: Request Auth Stateless spec: HmacSHA384 in bearer token rolling should Fail on a discarded token" time="0.001">
                      
                    </testcase><testcase classname="tsec.authentication.JWTAuthenticatorTests" name="SecuredRequests: Request Auth Stateless spec: HmacSHA384 in bearer token rolling should authorize for an allowed endpoint" time="0.002">
                      
                    </testcase><testcase classname="tsec.authentication.JWTAuthenticatorTests" name="SecuredRequests: Request Auth Stateless spec: HmacSHA384 in bearer token rolling should not authorize for a gated endpoint" time="0.001">
                      
                    </testcase><testcase classname="tsec.authentication.JWTAuthenticatorTests" name="SecuredRequests: Request Auth Stateless spec: HmacSHA384 in bearer token rolling should use the specified response when onNotAuthorized is specified" time="0.001">
                      
                    </testcase><testcase classname="tsec.authentication.JWTAuthenticatorTests" name="SecuredRequests: Request Auth Stateless spec: HmacSHA384 in bearer token rolling should catch unhandled errors into unauthorized" time="0.001">
                      
                    </testcase><testcase classname="tsec.authentication.JWTAuthenticatorTests" name="SecuredRequests: Request Auth Stateless spec: HmacSHA384 in bearer token rolling should extract properly for a user aware service" time="0.0">
                      
                    </testcase><testcase classname="tsec.authentication.JWTAuthenticatorTests" name="SecuredRequests: Request Auth Stateless spec: HmacSHA384 in bearer token rolling should no-op on a timed out token" time="0.002">
                      
                    </testcase><testcase classname="tsec.authentication.JWTAuthenticatorTests" name="Authenticator Stateless spec: HmacSHA384 in cookie rolling should Create, embed and extract properly" time="0.003">
                      
                    </testcase><testcase classname="tsec.authentication.JWTAuthenticatorTests" name="Authenticator Stateless spec: HmacSHA384 in cookie rolling should Not validate for an expired token" time="0.003">
                      
                    </testcase><testcase classname="tsec.authentication.JWTAuthenticatorTests" name="Authenticator Stateless spec: HmacSHA384 in cookie rolling should renew properly" time="0.003">
                      
                    </testcase><testcase classname="tsec.authentication.JWTAuthenticatorTests" name="Authenticator Stateless spec: HmacSHA384 in cookie rolling should Not validate for a token with a different key/incorrect" time="0.003">
                      
                    </testcase><testcase classname="tsec.authentication.JWTAuthenticatorTests" name="Authenticator Stateless spec: HmacSHA384 in cookie rolling should discard a token properly" time="0.004">
                      
                    </testcase><testcase classname="tsec.authentication.JWTAuthenticatorTests" name="Authenticator Stateless spec: HmacSHA384 in cookie rolling should no-op validate for a timed out token" time="0.004">
                      
                    </testcase><testcase classname="tsec.authentication.JWTAuthenticatorTests" name="SecuredRequests: Request Auth Stateless spec: HmacSHA384 in cookie rolling should TryExtractRaw properly" time="0.0">
                      
                    </testcase><testcase classname="tsec.authentication.JWTAuthenticatorTests" name="SecuredRequests: Request Auth Stateless spec: HmacSHA384 in cookie rolling should Return a proper deserialized user" time="0.002">
                      
                    </testcase><testcase classname="tsec.authentication.JWTAuthenticatorTests" name="SecuredRequests: Request Auth Stateless spec: HmacSHA384 in cookie rolling should fail on an expired token" time="0.001">
                      
                    </testcase><testcase classname="tsec.authentication.JWTAuthenticatorTests" name="SecuredRequests: Request Auth Stateless spec: HmacSHA384 in cookie rolling should work on a renewed token" time="0.001">
                      
                    </testcase><testcase classname="tsec.authentication.JWTAuthenticatorTests" name="SecuredRequests: Request Auth Stateless spec: HmacSHA384 in cookie rolling should Reject an invalid token" time="0.001">
                      
                    </testcase><testcase classname="tsec.authentication.JWTAuthenticatorTests" name="SecuredRequests: Request Auth Stateless spec: HmacSHA384 in cookie rolling should Fail on a discarded token" time="0.0">
                      
                    </testcase><testcase classname="tsec.authentication.JWTAuthenticatorTests" name="SecuredRequests: Request Auth Stateless spec: HmacSHA384 in cookie rolling should authorize for an allowed endpoint" time="0.001">
                      
                    </testcase><testcase classname="tsec.authentication.JWTAuthenticatorTests" name="SecuredRequests: Request Auth Stateless spec: HmacSHA384 in cookie rolling should not authorize for a gated endpoint" time="0.001">
                      
                    </testcase><testcase classname="tsec.authentication.JWTAuthenticatorTests" name="SecuredRequests: Request Auth Stateless spec: HmacSHA384 in cookie rolling should use the specified response when onNotAuthorized is specified" time="0.0">
                      
                    </testcase><testcase classname="tsec.authentication.JWTAuthenticatorTests" name="SecuredRequests: Request Auth Stateless spec: HmacSHA384 in cookie rolling should catch unhandled errors into unauthorized" time="0.0">
                      
                    </testcase><testcase classname="tsec.authentication.JWTAuthenticatorTests" name="SecuredRequests: Request Auth Stateless spec: HmacSHA384 in cookie rolling should extract properly for a user aware service" time="0.001">
                      
                    </testcase><testcase classname="tsec.authentication.JWTAuthenticatorTests" name="SecuredRequests: Request Auth Stateless spec: HmacSHA384 in cookie rolling should no-op on a timed out token" time="0.0">
                      
                    </testcase><testcase classname="tsec.authentication.JWTAuthenticatorTests" name="Authenticator Stateless spec: HmacSHA384 in header rolling should Create, embed and extract properly" time="0.002">
                      
                    </testcase><testcase classname="tsec.authentication.JWTAuthenticatorTests" name="Authenticator Stateless spec: HmacSHA384 in header rolling should Not validate for an expired token" time="0.003">
                      
                    </testcase><testcase classname="tsec.authentication.JWTAuthenticatorTests" name="Authenticator Stateless spec: HmacSHA384 in header rolling should renew properly" time="0.003">
                      
                    </testcase><testcase classname="tsec.authentication.JWTAuthenticatorTests" name="Authenticator Stateless spec: HmacSHA384 in header rolling should Not validate for a token with a different key/incorrect" time="0.002">
                      
                    </testcase><testcase classname="tsec.authentication.JWTAuthenticatorTests" name="Authenticator Stateless spec: HmacSHA384 in header rolling should discard a token properly" time="0.002">
                      
                    </testcase><testcase classname="tsec.authentication.JWTAuthenticatorTests" name="Authenticator Stateless spec: HmacSHA384 in header rolling should no-op validate for a timed out token" time="0.003">
                      
                    </testcase><testcase classname="tsec.authentication.JWTAuthenticatorTests" name="SecuredRequests: Request Auth Stateless spec: HmacSHA384 in header rolling should TryExtractRaw properly" time="0.0">
                      
                    </testcase><testcase classname="tsec.authentication.JWTAuthenticatorTests" name="SecuredRequests: Request Auth Stateless spec: HmacSHA384 in header rolling should Return a proper deserialized user" time="0.001">
                      
                    </testcase><testcase classname="tsec.authentication.JWTAuthenticatorTests" name="SecuredRequests: Request Auth Stateless spec: HmacSHA384 in header rolling should fail on an expired token" time="0.001">
                      
                    </testcase><testcase classname="tsec.authentication.JWTAuthenticatorTests" name="SecuredRequests: Request Auth Stateless spec: HmacSHA384 in header rolling should work on a renewed token" time="0.001">
                      
                    </testcase><testcase classname="tsec.authentication.JWTAuthenticatorTests" name="SecuredRequests: Request Auth Stateless spec: HmacSHA384 in header rolling should Reject an invalid token" time="0.0">
                      
                    </testcase><testcase classname="tsec.authentication.JWTAuthenticatorTests" name="SecuredRequests: Request Auth Stateless spec: HmacSHA384 in header rolling should Fail on a discarded token" time="0.001">
                      
                    </testcase><testcase classname="tsec.authentication.JWTAuthenticatorTests" name="SecuredRequests: Request Auth Stateless spec: HmacSHA384 in header rolling should authorize for an allowed endpoint" time="0.001">
                      
                    </testcase><testcase classname="tsec.authentication.JWTAuthenticatorTests" name="SecuredRequests: Request Auth Stateless spec: HmacSHA384 in header rolling should not authorize for a gated endpoint" time="0.001">
                      
                    </testcase><testcase classname="tsec.authentication.JWTAuthenticatorTests" name="SecuredRequests: Request Auth Stateless spec: HmacSHA384 in header rolling should use the specified response when onNotAuthorized is specified" time="0.0">
                      
                    </testcase><testcase classname="tsec.authentication.JWTAuthenticatorTests" name="SecuredRequests: Request Auth Stateless spec: HmacSHA384 in header rolling should catch unhandled errors into unauthorized" time="0.001">
                      
                    </testcase><testcase classname="tsec.authentication.JWTAuthenticatorTests" name="SecuredRequests: Request Auth Stateless spec: HmacSHA384 in header rolling should extract properly for a user aware service" time="0.001">
                      
                    </testcase><testcase classname="tsec.authentication.JWTAuthenticatorTests" name="SecuredRequests: Request Auth Stateless spec: HmacSHA384 in header rolling should no-op on a timed out token" time="0.001">
                      
                    </testcase><testcase classname="tsec.authentication.JWTAuthenticatorTests" name="Authenticator Stateless spec: HmacSHA512 in bearer token no rolling should Create, embed and extract properly" time="0.004">
                      
                    </testcase><testcase classname="tsec.authentication.JWTAuthenticatorTests" name="Authenticator Stateless spec: HmacSHA512 in bearer token no rolling should Not validate for an expired token" time="0.003">
                      
                    </testcase><testcase classname="tsec.authentication.JWTAuthenticatorTests" name="Authenticator Stateless spec: HmacSHA512 in bearer token no rolling should renew properly" time="0.003">
                      
                    </testcase><testcase classname="tsec.authentication.JWTAuthenticatorTests" name="Authenticator Stateless spec: HmacSHA512 in bearer token no rolling should Not validate for a token with a different key/incorrect" time="0.003">
                      
                    </testcase><testcase classname="tsec.authentication.JWTAuthenticatorTests" name="Authenticator Stateless spec: HmacSHA512 in bearer token no rolling should discard a token properly" time="0.002">
                      
                    </testcase><testcase classname="tsec.authentication.JWTAuthenticatorTests" name="Authenticator Stateless spec: HmacSHA512 in bearer token no rolling should Not validate for a token past the timeout" time="0.003">
                      
                    </testcase><testcase classname="tsec.authentication.JWTAuthenticatorTests" name="Authenticator Stateless spec: HmacSHA512 in bearer token no rolling should refresh properly" time="0.004">
                      
                    </testcase><testcase classname="tsec.authentication.JWTAuthenticatorTests" name="SecuredRequests: Request Auth Stateless spec: HmacSHA512 in bearer token no rolling should TryExtractRaw properly" time="0.001">
                      
                    </testcase><testcase classname="tsec.authentication.JWTAuthenticatorTests" name="SecuredRequests: Request Auth Stateless spec: HmacSHA512 in bearer token no rolling should Return a proper deserialized user" time="0.001">
                      
                    </testcase><testcase classname="tsec.authentication.JWTAuthenticatorTests" name="SecuredRequests: Request Auth Stateless spec: HmacSHA512 in bearer token no rolling should fail on an expired token" time="0.0">
                      
                    </testcase><testcase classname="tsec.authentication.JWTAuthenticatorTests" name="SecuredRequests: Request Auth Stateless spec: HmacSHA512 in bearer token no rolling should work on a renewed token" time="0.001">
                      
                    </testcase><testcase classname="tsec.authentication.JWTAuthenticatorTests" name="SecuredRequests: Request Auth Stateless spec: HmacSHA512 in bearer token no rolling should Reject an invalid token" time="0.0">
                      
                    </testcase><testcase classname="tsec.authentication.JWTAuthenticatorTests" name="SecuredRequests: Request Auth Stateless spec: HmacSHA512 in bearer token no rolling should Fail on a discarded token" time="0.001">
                      
                    </testcase><testcase classname="tsec.authentication.JWTAuthenticatorTests" name="SecuredRequests: Request Auth Stateless spec: HmacSHA512 in bearer token no rolling should authorize for an allowed endpoint" time="0.001">
                      
                    </testcase><testcase classname="tsec.authentication.JWTAuthenticatorTests" name="SecuredRequests: Request Auth Stateless spec: HmacSHA512 in bearer token no rolling should not authorize for a gated endpoint" time="0.0">
                      
                    </testcase><testcase classname="tsec.authentication.JWTAuthenticatorTests" name="SecuredRequests: Request Auth Stateless spec: HmacSHA512 in bearer token no rolling should use the specified response when onNotAuthorized is specified" time="0.0">
                      
                    </testcase><testcase classname="tsec.authentication.JWTAuthenticatorTests" name="SecuredRequests: Request Auth Stateless spec: HmacSHA512 in bearer token no rolling should catch unhandled errors into unauthorized" time="0.001">
                      
                    </testcase><testcase classname="tsec.authentication.JWTAuthenticatorTests" name="SecuredRequests: Request Auth Stateless spec: HmacSHA512 in bearer token no rolling should extract properly for a user aware service" time="0.001">
                      
                    </testcase><testcase classname="tsec.authentication.JWTAuthenticatorTests" name="SecuredRequests: Request Auth Stateless spec: HmacSHA512 in bearer token no rolling should work on a refreshed token" time="0.001">
                      
                    </testcase><testcase classname="tsec.authentication.JWTAuthenticatorTests" name="SecuredRequests: Request Auth Stateless spec: HmacSHA512 in bearer token no rolling should fail on a timed out token" time="0.001">
                      
                    </testcase><testcase classname="tsec.authentication.JWTAuthenticatorTests" name="Authenticator Stateless spec: HmacSHA512 in cookie no rolling should Create, embed and extract properly" time="0.005">
                      
                    </testcase><testcase classname="tsec.authentication.JWTAuthenticatorTests" name="Authenticator Stateless spec: HmacSHA512 in cookie no rolling should Not validate for an expired token" time="0.003">
                      
                    </testcase><testcase classname="tsec.authentication.JWTAuthenticatorTests" name="Authenticator Stateless spec: HmacSHA512 in cookie no rolling should renew properly" time="0.005">
                      
                    </testcase><testcase classname="tsec.authentication.JWTAuthenticatorTests" name="Authenticator Stateless spec: HmacSHA512 in cookie no rolling should Not validate for a token with a different key/incorrect" time="0.004">
                      
                    </testcase><testcase classname="tsec.authentication.JWTAuthenticatorTests" name="Authenticator Stateless spec: HmacSHA512 in cookie no rolling should discard a token properly" time="0.005">
                      
                    </testcase><testcase classname="tsec.authentication.JWTAuthenticatorTests" name="Authenticator Stateless spec: HmacSHA512 in cookie no rolling should Not validate for a token past the timeout" time="0.005">
                      
                    </testcase><testcase classname="tsec.authentication.JWTAuthenticatorTests" name="Authenticator Stateless spec: HmacSHA512 in cookie no rolling should refresh properly" time="0.004">
                      
                    </testcase><testcase classname="tsec.authentication.JWTAuthenticatorTests" name="SecuredRequests: Request Auth Stateless spec: HmacSHA512 in cookie no rolling should TryExtractRaw properly" time="0.001">
                      
                    </testcase><testcase classname="tsec.authentication.JWTAuthenticatorTests" name="SecuredRequests: Request Auth Stateless spec: HmacSHA512 in cookie no rolling should Return a proper deserialized user" time="0.002">
                      
                    </testcase><testcase classname="tsec.authentication.JWTAuthenticatorTests" name="SecuredRequests: Request Auth Stateless spec: HmacSHA512 in cookie no rolling should fail on an expired token" time="0.001">
                      
                    </testcase><testcase classname="tsec.authentication.JWTAuthenticatorTests" name="SecuredRequests: Request Auth Stateless spec: HmacSHA512 in cookie no rolling should work on a renewed token" time="0.002">
                      
                    </testcase><testcase classname="tsec.authentication.JWTAuthenticatorTests" name="SecuredRequests: Request Auth Stateless spec: HmacSHA512 in cookie no rolling should Reject an invalid token" time="0.002">
                      
                    </testcase><testcase classname="tsec.authentication.JWTAuthenticatorTests" name="SecuredRequests: Request Auth Stateless spec: HmacSHA512 in cookie no rolling should Fail on a discarded token" time="0.001">
                      
                    </testcase><testcase classname="tsec.authentication.JWTAuthenticatorTests" name="SecuredRequests: Request Auth Stateless spec: HmacSHA512 in cookie no rolling should authorize for an allowed endpoint" time="0.003">
                      
                    </testcase><testcase classname="tsec.authentication.JWTAuthenticatorTests" name="SecuredRequests: Request Auth Stateless spec: HmacSHA512 in cookie no rolling should not authorize for a gated endpoint" time="0.001">
                      
                    </testcase><testcase classname="tsec.authentication.JWTAuthenticatorTests" name="SecuredRequests: Request Auth Stateless spec: HmacSHA512 in cookie no rolling should use the specified response when onNotAuthorized is specified" time="0.0">
                      
                    </testcase><testcase classname="tsec.authentication.JWTAuthenticatorTests" name="SecuredRequests: Request Auth Stateless spec: HmacSHA512 in cookie no rolling should catch unhandled errors into unauthorized" time="0.001">
                      
                    </testcase><testcase classname="tsec.authentication.JWTAuthenticatorTests" name="SecuredRequests: Request Auth Stateless spec: HmacSHA512 in cookie no rolling should extract properly for a user aware service" time="0.001">
                      
                    </testcase><testcase classname="tsec.authentication.JWTAuthenticatorTests" name="SecuredRequests: Request Auth Stateless spec: HmacSHA512 in cookie no rolling should work on a refreshed token" time="0.002">
                      
                    </testcase><testcase classname="tsec.authentication.JWTAuthenticatorTests" name="SecuredRequests: Request Auth Stateless spec: HmacSHA512 in cookie no rolling should fail on a timed out token" time="0.001">
                      
                    </testcase><testcase classname="tsec.authentication.JWTAuthenticatorTests" name="Authenticator Stateless spec: HmacSHA512 in header no rolling should Create, embed and extract properly" time="0.005">
                      
                    </testcase><testcase classname="tsec.authentication.JWTAuthenticatorTests" name="Authenticator Stateless spec: HmacSHA512 in header no rolling should Not validate for an expired token" time="0.003">
                      
                    </testcase><testcase classname="tsec.authentication.JWTAuthenticatorTests" name="Authenticator Stateless spec: HmacSHA512 in header no rolling should renew properly" time="0.005">
                      
                    </testcase><testcase classname="tsec.authentication.JWTAuthenticatorTests" name="Authenticator Stateless spec: HmacSHA512 in header no rolling should Not validate for a token with a different key/incorrect" time="0.003">
                      
                    </testcase><testcase classname="tsec.authentication.JWTAuthenticatorTests" name="Authenticator Stateless spec: HmacSHA512 in header no rolling should discard a token properly" time="0.003">
                      
                    </testcase><testcase classname="tsec.authentication.JWTAuthenticatorTests" name="Authenticator Stateless spec: HmacSHA512 in header no rolling should Not validate for a token past the timeout" time="0.003">
                      
                    </testcase><testcase classname="tsec.authentication.JWTAuthenticatorTests" name="Authenticator Stateless spec: HmacSHA512 in header no rolling should refresh properly" time="0.004">
                      
                    </testcase><testcase classname="tsec.authentication.JWTAuthenticatorTests" name="SecuredRequests: Request Auth Stateless spec: HmacSHA512 in header no rolling should TryExtractRaw properly" time="0.0">
                      
                    </testcase><testcase classname="tsec.authentication.JWTAuthenticatorTests" name="SecuredRequests: Request Auth Stateless spec: HmacSHA512 in header no rolling should Return a proper deserialized user" time="0.001">
                      
                    </testcase><testcase classname="tsec.authentication.JWTAuthenticatorTests" name="SecuredRequests: Request Auth Stateless spec: HmacSHA512 in header no rolling should fail on an expired token" time="0.0">
                      
                    </testcase><testcase classname="tsec.authentication.JWTAuthenticatorTests" name="SecuredRequests: Request Auth Stateless spec: HmacSHA512 in header no rolling should work on a renewed token" time="0.002">
                      
                    </testcase><testcase classname="tsec.authentication.JWTAuthenticatorTests" name="SecuredRequests: Request Auth Stateless spec: HmacSHA512 in header no rolling should Reject an invalid token" time="0.001">
                      
                    </testcase><testcase classname="tsec.authentication.JWTAuthenticatorTests" name="SecuredRequests: Request Auth Stateless spec: HmacSHA512 in header no rolling should Fail on a discarded token" time="0.0">
                      
                    </testcase><testcase classname="tsec.authentication.JWTAuthenticatorTests" name="SecuredRequests: Request Auth Stateless spec: HmacSHA512 in header no rolling should authorize for an allowed endpoint" time="0.002">
                      
                    </testcase><testcase classname="tsec.authentication.JWTAuthenticatorTests" name="SecuredRequests: Request Auth Stateless spec: HmacSHA512 in header no rolling should not authorize for a gated endpoint" time="0.001">
                      
                    </testcase><testcase classname="tsec.authentication.JWTAuthenticatorTests" name="SecuredRequests: Request Auth Stateless spec: HmacSHA512 in header no rolling should use the specified response when onNotAuthorized is specified" time="0.0">
                      
                    </testcase><testcase classname="tsec.authentication.JWTAuthenticatorTests" name="SecuredRequests: Request Auth Stateless spec: HmacSHA512 in header no rolling should catch unhandled errors into unauthorized" time="0.001">
                      
                    </testcase><testcase classname="tsec.authentication.JWTAuthenticatorTests" name="SecuredRequests: Request Auth Stateless spec: HmacSHA512 in header no rolling should extract properly for a user aware service" time="0.001">
                      
                    </testcase><testcase classname="tsec.authentication.JWTAuthenticatorTests" name="SecuredRequests: Request Auth Stateless spec: HmacSHA512 in header no rolling should work on a refreshed token" time="0.001">
                      
                    </testcase><testcase classname="tsec.authentication.JWTAuthenticatorTests" name="SecuredRequests: Request Auth Stateless spec: HmacSHA512 in header no rolling should fail on a timed out token" time="0.001">
                      
                    </testcase><testcase classname="tsec.authentication.JWTAuthenticatorTests" name="Authenticator Stateless spec: HmacSHA512 in bearer token rolling should Create, embed and extract properly" time="0.003">
                      
                    </testcase><testcase classname="tsec.authentication.JWTAuthenticatorTests" name="Authenticator Stateless spec: HmacSHA512 in bearer token rolling should Not validate for an expired token" time="0.004">
                      
                    </testcase><testcase classname="tsec.authentication.JWTAuthenticatorTests" name="Authenticator Stateless spec: HmacSHA512 in bearer token rolling should renew properly" time="0.004">
                      
                    </testcase><testcase classname="tsec.authentication.JWTAuthenticatorTests" name="Authenticator Stateless spec: HmacSHA512 in bearer token rolling should Not validate for a token with a different key/incorrect" time="0.003">
                      
                    </testcase><testcase classname="tsec.authentication.JWTAuthenticatorTests" name="Authenticator Stateless spec: HmacSHA512 in bearer token rolling should discard a token properly" time="0.002">
                      
                    </testcase><testcase classname="tsec.authentication.JWTAuthenticatorTests" name="Authenticator Stateless spec: HmacSHA512 in bearer token rolling should no-op validate for a timed out token" time="0.003">
                      
                    </testcase><testcase classname="tsec.authentication.JWTAuthenticatorTests" name="SecuredRequests: Request Auth Stateless spec: HmacSHA512 in bearer token rolling should TryExtractRaw properly" time="0.0">
                      
                    </testcase><testcase classname="tsec.authentication.JWTAuthenticatorTests" name="SecuredRequests: Request Auth Stateless spec: HmacSHA512 in bearer token rolling should Return a proper deserialized user" time="0.002">
                      
                    </testcase><testcase classname="tsec.authentication.JWTAuthenticatorTests" name="SecuredRequests: Request Auth Stateless spec: HmacSHA512 in bearer token rolling should fail on an expired token" time="0.001">
                      
                    </testcase><testcase classname="tsec.authentication.JWTAuthenticatorTests" name="SecuredRequests: Request Auth Stateless spec: HmacSHA512 in bearer token rolling should work on a renewed token" time="0.001">
                      
                    </testcase><testcase classname="tsec.authentication.JWTAuthenticatorTests" name="SecuredRequests: Request Auth Stateless spec: HmacSHA512 in bearer token rolling should Reject an invalid token" time="0.001">
                      
                    </testcase><testcase classname="tsec.authentication.JWTAuthenticatorTests" name="SecuredRequests: Request Auth Stateless spec: HmacSHA512 in bearer token rolling should Fail on a discarded token" time="0.0">
                      
                    </testcase><testcase classname="tsec.authentication.JWTAuthenticatorTests" name="SecuredRequests: Request Auth Stateless spec: HmacSHA512 in bearer token rolling should authorize for an allowed endpoint" time="0.002">
                      
                    </testcase><testcase classname="tsec.authentication.JWTAuthenticatorTests" name="SecuredRequests: Request Auth Stateless spec: HmacSHA512 in bearer token rolling should not authorize for a gated endpoint" time="0.001">
                      
                    </testcase><testcase classname="tsec.authentication.JWTAuthenticatorTests" name="SecuredRequests: Request Auth Stateless spec: HmacSHA512 in bearer token rolling should use the specified response when onNotAuthorized is specified" time="0.0">
                      
                    </testcase><testcase classname="tsec.authentication.JWTAuthenticatorTests" name="SecuredRequests: Request Auth Stateless spec: HmacSHA512 in bearer token rolling should catch unhandled errors into unauthorized" time="0.001">
                      
                    </testcase><testcase classname="tsec.authentication.JWTAuthenticatorTests" name="SecuredRequests: Request Auth Stateless spec: HmacSHA512 in bearer token rolling should extract properly for a user aware service" time="0.0">
                      
                    </testcase><testcase classname="tsec.authentication.JWTAuthenticatorTests" name="SecuredRequests: Request Auth Stateless spec: HmacSHA512 in bearer token rolling should no-op on a timed out token" time="0.001">
                      
                    </testcase><testcase classname="tsec.authentication.JWTAuthenticatorTests" name="Authenticator Stateless spec: HmacSHA512 in cookie rolling should Create, embed and extract properly" time="0.003">
                      
                    </testcase><testcase classname="tsec.authentication.JWTAuthenticatorTests" name="Authenticator Stateless spec: HmacSHA512 in cookie rolling should Not validate for an expired token" time="0.002">
                      
                    </testcase><testcase classname="tsec.authentication.JWTAuthenticatorTests" name="Authenticator Stateless spec: HmacSHA512 in cookie rolling should renew properly" time="0.005">
                      
                    </testcase><testcase classname="tsec.authentication.JWTAuthenticatorTests" name="Authenticator Stateless spec: HmacSHA512 in cookie rolling should Not validate for a token with a different key/incorrect" time="0.003">
                      
                    </testcase><testcase classname="tsec.authentication.JWTAuthenticatorTests" name="Authenticator Stateless spec: HmacSHA512 in cookie rolling should discard a token properly" time="0.003">
                      
                    </testcase><testcase classname="tsec.authentication.JWTAuthenticatorTests" name="Authenticator Stateless spec: HmacSHA512 in cookie rolling should no-op validate for a timed out token" time="0.003">
                      
                    </testcase><testcase classname="tsec.authentication.JWTAuthenticatorTests" name="SecuredRequests: Request Auth Stateless spec: HmacSHA512 in cookie rolling should TryExtractRaw properly" time="0.0">
                      
                    </testcase><testcase classname="tsec.authentication.JWTAuthenticatorTests" name="SecuredRequests: Request Auth Stateless spec: HmacSHA512 in cookie rolling should Return a proper deserialized user" time="0.001">
                      
                    </testcase><testcase classname="tsec.authentication.JWTAuthenticatorTests" name="SecuredRequests: Request Auth Stateless spec: HmacSHA512 in cookie rolling should fail on an expired token" time="0.001">
                      
                    </testcase><testcase classname="tsec.authentication.JWTAuthenticatorTests" name="SecuredRequests: Request Auth Stateless spec: HmacSHA512 in cookie rolling should work on a renewed token" time="0.002">
                      
                    </testcase><testcase classname="tsec.authentication.JWTAuthenticatorTests" name="SecuredRequests: Request Auth Stateless spec: HmacSHA512 in cookie rolling should Reject an invalid token" time="0.0">
                      
                    </testcase><testcase classname="tsec.authentication.JWTAuthenticatorTests" name="SecuredRequests: Request Auth Stateless spec: HmacSHA512 in cookie rolling should Fail on a discarded token" time="0.0">
                      
                    </testcase><testcase classname="tsec.authentication.JWTAuthenticatorTests" name="SecuredRequests: Request Auth Stateless spec: HmacSHA512 in cookie rolling should authorize for an allowed endpoint" time="0.002">
                      
                    </testcase><testcase classname="tsec.authentication.JWTAuthenticatorTests" name="SecuredRequests: Request Auth Stateless spec: HmacSHA512 in cookie rolling should not authorize for a gated endpoint" time="0.001">
                      
                    </testcase><testcase classname="tsec.authentication.JWTAuthenticatorTests" name="SecuredRequests: Request Auth Stateless spec: HmacSHA512 in cookie rolling should use the specified response when onNotAuthorized is specified" time="0.0">
                      
                    </testcase><testcase classname="tsec.authentication.JWTAuthenticatorTests" name="SecuredRequests: Request Auth Stateless spec: HmacSHA512 in cookie rolling should catch unhandled errors into unauthorized" time="0.001">
                      
                    </testcase><testcase classname="tsec.authentication.JWTAuthenticatorTests" name="SecuredRequests: Request Auth Stateless spec: HmacSHA512 in cookie rolling should extract properly for a user aware service" time="0.001">
                      
                    </testcase><testcase classname="tsec.authentication.JWTAuthenticatorTests" name="SecuredRequests: Request Auth Stateless spec: HmacSHA512 in cookie rolling should no-op on a timed out token" time="0.001">
                      
                    </testcase><testcase classname="tsec.authentication.JWTAuthenticatorTests" name="Authenticator Stateless spec: HmacSHA512 in header rolling should Create, embed and extract properly" time="0.002">
                      
                    </testcase><testcase classname="tsec.authentication.JWTAuthenticatorTests" name="Authenticator Stateless spec: HmacSHA512 in header rolling should Not validate for an expired token" time="0.004">
                      
                    </testcase><testcase classname="tsec.authentication.JWTAuthenticatorTests" name="Authenticator Stateless spec: HmacSHA512 in header rolling should renew properly" time="0.011">
                      
                    </testcase><testcase classname="tsec.authentication.JWTAuthenticatorTests" name="Authenticator Stateless spec: HmacSHA512 in header rolling should Not validate for a token with a different key/incorrect" time="0.004">
                      
                    </testcase><testcase classname="tsec.authentication.JWTAuthenticatorTests" name="Authenticator Stateless spec: HmacSHA512 in header rolling should discard a token properly" time="0.003">
                      
                    </testcase><testcase classname="tsec.authentication.JWTAuthenticatorTests" name="Authenticator Stateless spec: HmacSHA512 in header rolling should no-op validate for a timed out token" time="0.005">
                      
                    </testcase><testcase classname="tsec.authentication.JWTAuthenticatorTests" name="SecuredRequests: Request Auth Stateless spec: HmacSHA512 in header rolling should TryExtractRaw properly" time="0.001">
                      
                    </testcase><testcase classname="tsec.authentication.JWTAuthenticatorTests" name="SecuredRequests: Request Auth Stateless spec: HmacSHA512 in header rolling should Return a proper deserialized user" time="0.003">
                      
                    </testcase><testcase classname="tsec.authentication.JWTAuthenticatorTests" name="SecuredRequests: Request Auth Stateless spec: HmacSHA512 in header rolling should fail on an expired token" time="0.001">
                      
                    </testcase><testcase classname="tsec.authentication.JWTAuthenticatorTests" name="SecuredRequests: Request Auth Stateless spec: HmacSHA512 in header rolling should work on a renewed token" time="0.002">
                      
                    </testcase><testcase classname="tsec.authentication.JWTAuthenticatorTests" name="SecuredRequests: Request Auth Stateless spec: HmacSHA512 in header rolling should Reject an invalid token" time="0.001">
                      
                    </testcase><testcase classname="tsec.authentication.JWTAuthenticatorTests" name="SecuredRequests: Request Auth Stateless spec: HmacSHA512 in header rolling should Fail on a discarded token" time="0.001">
                      
                    </testcase><testcase classname="tsec.authentication.JWTAuthenticatorTests" name="SecuredRequests: Request Auth Stateless spec: HmacSHA512 in header rolling should authorize for an allowed endpoint" time="0.001">
                      
                    </testcase><testcase classname="tsec.authentication.JWTAuthenticatorTests" name="SecuredRequests: Request Auth Stateless spec: HmacSHA512 in header rolling should not authorize for a gated endpoint" time="0.0">
                      
                    </testcase><testcase classname="tsec.authentication.JWTAuthenticatorTests" name="SecuredRequests: Request Auth Stateless spec: HmacSHA512 in header rolling should use the specified response when onNotAuthorized is specified" time="0.0">
                      
                    </testcase><testcase classname="tsec.authentication.JWTAuthenticatorTests" name="SecuredRequests: Request Auth Stateless spec: HmacSHA512 in header rolling should catch unhandled errors into unauthorized" time="0.001">
                      
                    </testcase><testcase classname="tsec.authentication.JWTAuthenticatorTests" name="SecuredRequests: Request Auth Stateless spec: HmacSHA512 in header rolling should extract properly for a user aware service" time="0.001">
                      
                    </testcase><testcase classname="tsec.authentication.JWTAuthenticatorTests" name="SecuredRequests: Request Auth Stateless spec: HmacSHA512 in header rolling should no-op on a timed out token" time="0.0">
                      
                    </testcase>
          <system-out><![CDATA[]]></system-out>
          <system-err><![CDATA[]]></system-err>
        </testsuite>